#
# There is insufficient memory for the Java Runtime Environment to continue.
# Native memory allocation (malloc) failed to allocate 32744 bytes for ChunkPool::allocate
# Possible reasons:
#   The system is out of physical RAM or swap space
#   In 32 bit mode, the process size limit was hit
# Possible solutions:
#   Reduce memory load on the system
#   Increase physical memory or swap space
#   Check if swap backing store is full
#   Use 64 bit Java on a 64 bit OS
#   Decrease Java heap size (-Xmx/-Xms)
#   Decrease number of Java threads
#   Decrease Java thread stack sizes (-Xss)
#   Set larger code cache with -XX:ReservedCodeCacheSize=
# This output file may be truncated or incomplete.
#
#  Out of Memory Error (allocation.cpp:273), pid=3612, tid=4200
#
# JRE version: Java(TM) SE Runtime Environment (8.0_51-b16) (build 1.8.0_51-b16)
# Java VM: Java HotSpot(TM) 64-Bit Server VM (25.51-b03 mixed mode windows-amd64 compressed oops)
# Failed to write core dump. Minidumps are not enabled by default on client versions of Windows
#

---------------  T H R E A D  ---------------

Current thread (0x0000000016b28800):  JavaThread "C1 CompilerThread2" daemon [_thread_in_native, id=4200, stack(0x0000000016f20000,0x0000000017020000)]

Stack: [0x0000000016f20000,0x0000000017020000]
Native frames: (J=compiled Java code, j=interpreted, Vv=VM code, C=native code)
V  [jvm.dll+0x32b4ca]
V  [jvm.dll+0x2797e3]
V  [jvm.dll+0x27a479]
V  [jvm.dll+0x271765]
V  [jvm.dll+0xcb824]
V  [jvm.dll+0xcba47]
V  [jvm.dll+0xcbecc]
V  [jvm.dll+0xabd6e]
V  [jvm.dll+0x41c041]
V  [jvm.dll+0x42af17]
V  [jvm.dll+0x2b378e]
V  [jvm.dll+0x42ab33]
V  [jvm.dll+0x405bcb]
V  [jvm.dll+0x4062da]
V  [jvm.dll+0x4063b2]
V  [jvm.dll+0x406581]
V  [jvm.dll+0x40678f]
V  [jvm.dll+0xa43a2]
V  [jvm.dll+0xa4cdf]
V  [jvm.dll+0x2418a4]
V  [jvm.dll+0x29846a]
C  [msvcr100.dll+0x21d9f]
C  [msvcr100.dll+0x21e3b]
C  [KERNEL32.DLL+0x12d92]
C  [ntdll.dll+0x9f64]


Current CompileTask:
C1:   1010  113       3       sun.nio.cs.UTF_8$Decoder::decode (779 bytes)


---------------  P R O C E S S  ---------------

Java Threads: ( => current thread )
  0x0000000016b2f800 JavaThread "Service Thread" daemon [_thread_blocked, id=3508, stack(0x0000000017020000,0x0000000017120000)]
=>0x0000000016b28800 JavaThread "C1 CompilerThread2" daemon [_thread_in_native, id=4200, stack(0x0000000016f20000,0x0000000017020000)]
  0x00000000153c9000 JavaThread "C2 CompilerThread1" daemon [_thread_blocked, id=6168, stack(0x0000000016a20000,0x0000000016b20000)]
  0x00000000153b9000 JavaThread "C2 CompilerThread0" daemon [_thread_blocked, id=180, stack(0x0000000016920000,0x0000000016a20000)]
  0x00000000153b8000 JavaThread "Attach Listener" daemon [_thread_blocked, id=8556, stack(0x0000000016820000,0x0000000016920000)]
  0x00000000153b7000 JavaThread "Signal Dispatcher" daemon [_thread_blocked, id=9132, stack(0x0000000016720000,0x0000000016820000)]
  0x0000000002c81800 JavaThread "Finalizer" daemon [_thread_blocked, id=7668, stack(0x0000000016620000,0x0000000016720000)]
  0x0000000002c7e000 JavaThread "Reference Handler" daemon [_thread_blocked, id=7948, stack(0x0000000016520000,0x0000000016620000)]
  0x0000000002b90800 JavaThread "main" [_thread_in_Java, id=8480, stack(0x0000000002a30000,0x0000000002b30000)]

Other Threads:
  0x0000000015387800 VMThread [stack: 0x0000000016420000,0x0000000016520000] [id=3696]
  0x0000000016b30800 WatcherThread [stack: 0x0000000017120000,0x0000000017220000] [id=7328]

VM state:not at safepoint (normal execution)

VM Mutex/Monitor currently owned by a thread: None

Heap:
 PSYoungGen      total 24064K, used 2523K [0x00000000eab00000, 0x00000000ec580000, 0x0000000100000000)
  eden space 20992K, 12% used [0x00000000eab00000,0x00000000ead76fe0,0x00000000ebf80000)
  from space 3072K, 0% used [0x00000000ec280000,0x00000000ec280000,0x00000000ec580000)
  to   space 3072K, 0% used [0x00000000ebf80000,0x00000000ebf80000,0x00000000ec280000)
 ParOldGen       total 54784K, used 0K [0x00000000c0000000, 0x00000000c3580000, 0x00000000eab00000)
  object space 54784K, 0% used [0x00000000c0000000,0x00000000c0000000,0x00000000c3580000)
 Metaspace       used 3352K, capacity 4720K, committed 4864K, reserved 1056768K
  class space    used 368K, capacity 424K, committed 512K, reserved 1048576K

Card table byte_map: [0x00000000120b0000,0x00000000122c0000] byte_map_base: 0x0000000011ab0000

Marking Bits: (ParMarkBitMap*) 0x0000000061ce4040
 Begin Bits: [0x0000000012820000, 0x0000000013820000)
 End Bits:   [0x0000000013820000, 0x0000000014820000)

Polling page: 0x0000000000f80000

CodeCache: size=245760Kb used=1270Kb max_used=1270Kb free=244490Kb
 bounds [0x0000000002cf0000, 0x0000000002f60000, 0x0000000011cf0000]
 total_blobs=361 nmethods=112 adapters=162
 compilation: enabled

Compilation events (10 events):
Event: 0.945 Thread 0x0000000016b28800 nmethod 106 0x0000000002e2bc90 code [0x0000000002e2be20, 0x0000000002e2c0f8]
Event: 0.945 Thread 0x0000000016b28800  107       1       java.util.zip.ZipCoder::isUTF8 (5 bytes)
Event: 0.945 Thread 0x0000000016b28800 nmethod 107 0x0000000002e2c210 code [0x0000000002e2c360, 0x0000000002e2c470]
Event: 0.945 Thread 0x0000000016b28800  108       3       java.util.Date::getCalendarSystem (15 bytes)
Event: 0.945 Thread 0x0000000016b28800 nmethod 108 0x0000000002e2c4d0 code [0x0000000002e2c660, 0x0000000002e2cb68]
Event: 0.945 Thread 0x0000000016b28800  109       1       sun.util.calendar.CalendarDate::isStandardTime (5 bytes)
Event: 0.946 Thread 0x0000000016b28800 nmethod 109 0x0000000002e2ccd0 code [0x0000000002e2ce20, 0x0000000002e2cf30]
Event: 0.946 Thread 0x0000000016b28800  110       1       sun.util.calendar.BaseCalendar$Date::getCachedYear (5 bytes)
Event: 0.946 Thread 0x0000000016b28800 nmethod 110 0x0000000002e2cf90 code [0x0000000002e2d0e0, 0x0000000002e2d1f0]
Event: 0.950 Thread 0x0000000016b28800  113       3       sun.nio.cs.UTF_8$Decoder::decode (779 bytes)

GC Heap History (0 events):
No events

Deoptimization events (0 events):
No events

Internal exceptions (2 events):
Event: 0.113 Thread 0x0000000002b90800 Exception <a 'java/lang/NoSuchMethodError': Method sun.misc.Unsafe.defineClass(Ljava/lang/String;[BII)Ljava/lang/Class; name or signature does not match> (0x00000000eab0d430) thrown at [C:\re\workspace\8-2-build-windows-amd64-cygwin\jdk8u51\3951\hotspot\srü§Eü„º?
Event: 0.113 Thread 0x0000000002b90800 Exception <a 'java/lang/NoSuchMethodError': Method sun.misc.Unsafe.prefetchRead(Ljava/lang/Object;J)V name or signature does not match> (0x00000000eab0d6c0) thrown at [C:\re\workspace\8-2-build-windows-amd64-cygwin\jdk8u51\3951\hotspot\src\share\vm\prims\j

Events (10 events):
Event: 0.932 loading class java/util/concurrent/LinkedBlockingQueue$Node
Event: 0.932 loading class java/util/concurrent/LinkedBlockingQueue$Node done
Event: 0.932 loading class com/android/dx/cf/direct/ClassPathOpener
Event: 0.932 loading class com/android/dx/cf/direct/ClassPathOpener done
Event: 0.934 loading class com/android/dx/cf/direct/ClassPathOpener$1
Event: 0.934 loading class com/android/dx/cf/direct/ClassPathOpener$1 done
Event: 0.934 loading class com/android/dx/command/dexer/Main$FileBytesConsumer
Event: 0.934 loading class com/android/dx/command/dexer/Main$FileBytesConsumer done
Event: 0.937 loading class java/util/zip/ZipFile$ZipEntryIterator
Event: 0.938 loading class java/util/zip/ZipFile$ZipEntryIterator done


Dynamic libraries:
0x00007ff6a43e0000 - 0x00007ff6a4417000 	C:\Program Files\Java\jdk1.8.0_51\bin\java.exe
0x00007fff2bd60000 - 0x00007fff2bf21000 	C:\WINDOWS\SYSTEM32\ntdll.dll
0x00007fff2aaf0000 - 0x00007fff2ab9d000 	C:\WINDOWS\system32\KERNEL32.DLL
0x00007fff288e0000 - 0x00007fff28abd000 	C:\WINDOWS\system32\KERNELBASE.dll
0x00007fff2b7f0000 - 0x00007fff2b896000 	C:\WINDOWS\system32\ADVAPI32.dll
0x00007fff2bc00000 - 0x00007fff2bc9d000 	C:\WINDOWS\system32\msvcrt.dll
0x00007fff2bd00000 - 0x00007fff2bd5b000 	C:\WINDOWS\system32\sechost.dll
0x00007fff2b280000 - 0x00007fff2b3a6000 	C:\WINDOWS\system32\RPCRT4.dll
0x00007fff2ac10000 - 0x00007fff2ad5e000 	C:\WINDOWS\system32\USER32.dll
0x00007fff2af90000 - 0x00007fff2b116000 	C:\WINDOWS\system32\GDI32.dll
0x00007fff22f00000 - 0x00007fff23174000 	C:\WINDOWS\WinSxS\amd64_microsoft.windows.common-controls_6595b64144ccf1df_6.0.10240.16384_none_f41f7b285750ef43\COMCTL32.dll
0x00007fff2bcc0000 - 0x00007fff2bcf6000 	C:\WINDOWS\system32\IMM32.DLL
0x00007fff2b120000 - 0x00007fff2b27c000 	C:\WINDOWS\system32\MSCTF.dll
0x00007fff25c40000 - 0x00007fff25c71000 	C:\WINDOWS\system32\nvinitx.dll
0x00007fff25b30000 - 0x00007fff25b3a000 	C:\WINDOWS\SYSTEM32\VERSION.dll
0x00007fff25950000 - 0x00007fff25a78000 	C:\WINDOWS\system32\NV\igdumd64.dll
0x00007fff2ad60000 - 0x00007fff2af25000 	C:\WINDOWS\system32\SETUPAPI.dll
0x00007fff28d50000 - 0x00007fff28d94000 	C:\WINDOWS\system32\CFGMGR32.dll
0x00007fff233e0000 - 0x00007fff23508000 	C:\WINDOWS\system32\NV\igd10umd64.dll
0x0000000061030000 - 0x0000000061102000 	C:\Program Files\Java\jdk1.8.0_51\jre\bin\msvcr100.dll
0x00000000614e0000 - 0x0000000061d63000 	C:\Program Files\Java\jdk1.8.0_51\jre\bin\server\jvm.dll
0x00007fff2b910000 - 0x00007fff2b918000 	C:\WINDOWS\system32\PSAPI.DLL
0x00007fff26cc0000 - 0x00007fff26cc9000 	C:\WINDOWS\SYSTEM32\WSOCK32.dll
0x00007fff2b770000 - 0x00007fff2b7d9000 	C:\WINDOWS\system32\WS2_32.dll
0x00007fff2b900000 - 0x00007fff2b908000 	C:\WINDOWS\system32\NSI.dll
0x00007fff265d0000 - 0x00007fff265f3000 	C:\WINDOWS\SYSTEM32\WINMM.dll
0x00007fff265a0000 - 0x00007fff265cc000 	C:\WINDOWS\SYSTEM32\WINMMBASE.dll
0x00007fff27100000 - 0x00007fff27127000 	C:\WINDOWS\SYSTEM32\DEVOBJ.dll
0x0000000062220000 - 0x000000006222f000 	C:\Program Files\Java\jdk1.8.0_51\jre\bin\verify.dll
0x00000000621f0000 - 0x0000000062219000 	C:\Program Files\Java\jdk1.8.0_51\jre\bin\java.dll
0x00000000621d0000 - 0x00000000621e6000 	C:\Program Files\Java\jdk1.8.0_51\jre\bin\zip.dll
0x00007fff295c0000 - 0x00007fff2aae2000 	C:\WINDOWS\system32\SHELL32.dll
0x00007fff28e00000 - 0x00007fff29428000 	C:\WINDOWS\system32\windows.storage.dll
0x00007fff2b920000 - 0x00007fff2bb9c000 	C:\WINDOWS\system32\combase.dll
0x00007fff2af30000 - 0x00007fff2af81000 	C:\WINDOWS\system32\shlwapi.dll
0x00007fff287b0000 - 0x00007fff287bf000 	C:\WINDOWS\system32\kernel.appcore.dll
0x00007fff28ac0000 - 0x00007fff28b73000 	C:\WINDOWS\system32\shcore.dll
0x00007fff287c0000 - 0x00007fff2880a000 	C:\WINDOWS\system32\powrprof.dll
0x00007fff28810000 - 0x00007fff28823000 	C:\WINDOWS\system32\profapi.dll
0x00007fff0ead0000 - 0x00007fff0ec5a000 	C:\WINDOWS\SYSTEM32\dbghelp.dll

VM Arguments:
jvm_args: -Djava.awt.headless=true -Xmx1024M -Dfile.encoding=windows-1252 -Duser.country=FR -Duser.language=fr -Duser.variant 
java_command: com.android.dx.command.Main --dex --num-threads=4 --output C:\Users\Quentin\AndroidStudioProjects\GestionnairedeSporz\app\build\intermediates\pre-dexed\debug\com.android.support-appcompat-v7-22.2.1_fea7bedab65b1ae347f3860d7587fae3189003f1.jar C:\Users\Quentin\AndroidStudioProjects\GestionnairedeSporz\app\build\intermediates\exploded-aar\com.android.support\appcompat-v7\22.2.1\jars\classes.jar
java_class_path (initial): C:\Users\Quentin\AppData\Local\Android\sdk\build-tools\23.0.2\lib\dx.jar
Launcher Type: SUN_STANDARD

Environment Variables:
PATH=C:\ProgramData\Oracle\Java\javapath;C:\Program Files\Broadcom\Broadcom 802.11 Network Adapter\Driver;;C:\WINDOWS\system32;C:\WINDOWS;C:\WINDOWS\System32\Wbem;C:\WINDOWS\System32\WindowsPowerShell\v1.0\;C:\Program Files (x86)\Intel\OpenCL SDK\2.0\bin\x86;C:\Program Files (x86)\Intel\OpenCL SDK\2.0\bin\x64;C:\Program Files (x86)\NVIDIA Corporation\PhysX\Common;C:\Program Files\MiKTeX 2.9\miktex\bin\x64\;C:\WINDOWS\system32\config\systemprofile\.dnx\bin;C:\Program Files\Microsoft DNX\Dnvm\;C:\Program Files (x86)\Skype\Phone\
USERNAME=Quentin
OS=Windows_NT
PROCESSOR_IDENTIFIER=Intel64 Family 6 Model 42 Stepping 7, GenuineIntel



---------------  S Y S T E M  ---------------

OS: Windows 10.0 , 64 bit Build 10240 (10.0.10240.16384)

CPU:total 4 (2 cores per cpu, 2 threads per core) family 6 model 42 stepping 7, cmov, cx8, fxsr, mmx, sse, sse2, sse3, ssse3, sse4.1, sse4.2, popcnt, avx, clmul, ht, tsc, tscinvbit

Memory: 4k page, physical 5154956k(1038664k free), swap 7252108k(3552k free)

vm_info: Java HotSpot(TM) 64-Bit Server VM (25.51-b03) for windows-amd64 JRE (1.8.0_51-b16), built on Jun  8 2015 18:03:07 by "java_re" with MS VC++ 10.0 (VS2010)

time: Mon Dec 28 14:41:57 2015
elapsed time: 1 seconds (0d 0h 0m 1s)

