#
# There is insufficient memory for the Java Runtime Environment to continue.
# Native memory allocation (malloc) failed to allocate 442896 bytes for Chunk::new
# Possible reasons:
#   The system is out of physical RAM or swap space
#   In 32 bit mode, the process size limit was hit
# Possible solutions:
#   Reduce memory load on the system
#   Increase physical memory or swap space
#   Check if swap backing store is full
#   Use 64 bit Java on a 64 bit OS
#   Decrease Java heap size (-Xmx/-Xms)
#   Decrease number of Java threads
#   Decrease Java thread stack sizes (-Xss)
#   Set larger code cache with -XX:ReservedCodeCacheSize=
# This output file may be truncated or incomplete.
#
#  Out of Memory Error (allocation.cpp:390), pid=5260, tid=8204
#
# JRE version: Java(TM) SE Runtime Environment (8.0_51-b16) (build 1.8.0_51-b16)
# Java VM: Java HotSpot(TM) 64-Bit Server VM (25.51-b03 mixed mode windows-amd64 compressed oops)
# Failed to write core dump. Minidumps are not enabled by default on client versions of Windows
#

---------------  T H R E A D  ---------------

Current thread (0x00000000154ba000):  JavaThread "C2 CompilerThread0" daemon [_thread_in_native, id=8204, stack(0x0000000016a30000,0x0000000016b30000)]

Stack: [0x0000000016a30000,0x0000000016b30000]
Native frames: (J=compiled Java code, j=interpreted, Vv=VM code, C=native code)
V  [jvm.dll+0x32b4ca]
V  [jvm.dll+0x2797e3]
V  [jvm.dll+0x27a479]
V  [jvm.dll+0x271765]
V  [jvm.dll+0xcba02]
V  [jvm.dll+0xcbecc]
V  [jvm.dll+0x476f72]
V  [jvm.dll+0x4b95ff]
V  [jvm.dll+0x46bb38]
V  [jvm.dll+0x46cd4e]
V  [jvm.dll+0x4501a2]
V  [jvm.dll+0xa43a2]
V  [jvm.dll+0xa4cdf]
V  [jvm.dll+0x2418a4]
V  [jvm.dll+0x29846a]
C  [msvcr100.dll+0x21d9f]
C  [msvcr100.dll+0x21e3b]
C  [KERNEL32.DLL+0x12d92]
C  [ntdll.dll+0x9f64]


Current CompileTask:
C2:    639  803       4       com.android.dx.merge.DexMerger::transformDebugInfoItem (313 bytes)


---------------  P R O C E S S  ---------------

Java Threads: ( => current thread )
  0x0000000016d56000 JavaThread "Service Thread" daemon [_thread_blocked, id=648, stack(0x0000000017130000,0x0000000017230000)]
  0x00000000154c7800 JavaThread "C1 CompilerThread2" daemon [_thread_blocked, id=7012, stack(0x0000000016c30000,0x0000000016d30000)]
  0x00000000154c1000 JavaThread "C2 CompilerThread1" daemon [_thread_in_vm, id=360, stack(0x0000000016b30000,0x0000000016c30000)]
=>0x00000000154ba000 JavaThread "C2 CompilerThread0" daemon [_thread_in_native, id=8204, stack(0x0000000016a30000,0x0000000016b30000)]
  0x00000000154b8800 JavaThread "Attach Listener" daemon [_thread_blocked, id=2992, stack(0x0000000016930000,0x0000000016a30000)]
  0x00000000154b7800 JavaThread "Signal Dispatcher" daemon [_thread_blocked, id=4844, stack(0x0000000016830000,0x0000000016930000)]
  0x0000000002dc7000 JavaThread "Finalizer" daemon [_thread_blocked, id=7748, stack(0x0000000016720000,0x0000000016820000)]
  0x0000000002dbe000 JavaThread "Reference Handler" daemon [_thread_blocked, id=4124, stack(0x0000000016620000,0x0000000016720000)]
  0x0000000002c9d800 JavaThread "main" [_thread_in_Java, id=6192, stack(0x0000000002b80000,0x0000000002c80000)]

Other Threads:
  0x0000000015487800 VMThread [stack: 0x0000000016520000,0x0000000016620000] [id=2164]
  0x0000000016d57000 WatcherThread [stack: 0x0000000017230000,0x0000000017330000] [id=5052]

VM state:not at safepoint (normal execution)

VM Mutex/Monitor currently owned by a thread: None

Heap:
 PSYoungGen      total 24064K, used 23830K [0x00000000eab00000, 0x00000000eda00000, 0x0000000100000000)
  eden space 20992K, 98% used [0x00000000eab00000,0x00000000ebf4b5a0,0x00000000ebf80000)
  from space 3072K, 99% used [0x00000000ebf80000,0x00000000ec27a2c0,0x00000000ec280000)
  to   space 3072K, 0% used [0x00000000ed700000,0x00000000ed700000,0x00000000eda00000)
 ParOldGen       total 54784K, used 4053K [0x00000000c0000000, 0x00000000c3580000, 0x00000000eab00000)
  object space 54784K, 7% used [0x00000000c0000000,0x00000000c03f5730,0x00000000c3580000)
 Metaspace       used 4286K, capacity 5424K, committed 5632K, reserved 1056768K
  class space    used 460K, capacity 488K, committed 512K, reserved 1048576K

Card table byte_map: [0x0000000012190000,0x00000000123a0000] byte_map_base: 0x0000000011b90000

Marking Bits: (ParMarkBitMap*) 0x0000000061ce4040
 Begin Bits: [0x0000000012900000, 0x0000000013900000)
 End Bits:   [0x0000000013900000, 0x0000000014900000)

Polling page: 0x0000000002c80000

CodeCache: size=245760Kb used=2821Kb max_used=2833Kb free=242938Kb
 bounds [0x0000000002dd0000, 0x00000000030a0000, 0x0000000011dd0000]
 total_blobs=1104 nmethods=842 adapters=175
 compilation: enabled

Compilation events (10 events):
Event: 0.591 Thread 0x00000000154c7800 nmethod 828 0x00000000030809d0 code [0x0000000003080ba0, 0x00000000030812f8]
Event: 0.591 Thread 0x00000000154c7800  831       3       com.android.dx.io.instructions.InstructionCodec$11::encode (22 bytes)
Event: 0.592 Thread 0x00000000154c7800 nmethod 831 0x0000000003084590 code [0x0000000003084760, 0x00000000030850e8]
Event: 0.592 Thread 0x00000000154c7800  833       3       com.android.dx.io.instructions.FourRegisterDecodedInstruction::<init> (38 bytes)
Event: 0.592 Thread 0x00000000154c1000 nmethod 821 0x000000000307a350 code [0x000000000307a4a0, 0x000000000307a638]
Event: 0.592 Thread 0x00000000154c1000  832 %     4       com.android.dex.Dex$Section::write @ 8 (33 bytes)
Event: 0.592 Thread 0x00000000154c7800 nmethod 833 0x000000000307f710 code [0x000000000307f880, 0x000000000307fa48]
Event: 0.592 Thread 0x00000000154c7800  830       3       com.android.dx.io.instructions.InstructionCodec$12::encode (48 bytes)
Event: 0.593 Thread 0x00000000154c7800 nmethod 830 0x0000000003083550 code [0x0000000003083720, 0x0000000003084138]
Event: 0.600 Thread 0x00000000154c7800  837       3       com.android.dx.io.instructions.InstructionCodec$28::encode (6 bytes)

GC Heap History (2 events):
Event: 0.355 GC heap before
{Heap before GC invocations=1 (full 0):
 PSYoungGen      total 24064K, used 20992K [0x00000000eab00000, 0x00000000ec580000, 0x0000000100000000)
  eden space 20992K, 100% used [0x00000000eab00000,0x00000000ebf80000,0x00000000ebf80000)
  from space 3072K, 0% used [0x00000000ec280000,0x00000000ec280000,0x00000000ec580000)
  to   space 3072K, 0% used [0x00000000ebf80000,0x00000000ebf80000,0x00000000ec280000)
 ParOldGen       total 54784K, used 0K [0x00000000c0000000, 0x00000000c3580000, 0x00000000eab00000)
  object space 54784K, 0% used [0x00000000c0000000,0x00000000c0000000,0x00000000c3580000)
 Metaspace       used 3799K, capacity 5008K, committed 5120K, reserved 1056768K
  class space    used 411K, capacity 456K, committed 512K, reserved 1048576K
Event: 0.359 GC heap after
Heap after GC invocations=1 (full 0):
 PSYoungGen      total 24064K, used 3048K [0x00000000eab00000, 0x00000000eda00000, 0x0000000100000000)
  eden space 20992K, 0% used [0x00000000eab00000,0x00000000eab00000,0x00000000ebf80000)
  from space 3072K, 99% used [0x00000000ebf80000,0x00000000ec27a2c0,0x00000000ec280000)
  to   space 3072K, 0% used [0x00000000ed700000,0x00000000ed700000,0x00000000eda00000)
 ParOldGen       total 54784K, used 4053K [0x00000000c0000000, 0x00000000c3580000, 0x00000000eab00000)
  object space 54784K, 7% used [0x00000000c0000000,0x00000000c03f5730,0x00000000c3580000)
 Metaspace       used 3799K, capacity 5008K, committed 5120K, reserved 1056768K
  class space    used 411K, capacity 456K, committed 512K, reserved 1048576K
}

Deoptimization events (10 events):
Event: 0.305 Thread 0x0000000002c9d800 Uncommon trap: reason=class_check action=maybe_recompile pc=0x0000000002f6a780 method=java.util.TreeMap.getEntry(Ljava/lang/Object;)Ljava/util/TreeMap$Entry; @ 26
Event: 0.334 Thread 0x0000000002c9d800 Uncommon trap: reason=class_check action=maybe_recompile pc=0x0000000002f7e608 method=java.util.TreeMap.put(Ljava/lang/Object;Ljava/lang/Object;)Ljava/lang/Object; @ 127
Event: 0.334 Thread 0x0000000002c9d800 Uncommon trap: reason=class_check action=maybe_recompile pc=0x0000000002f7e608 method=java.util.TreeMap.put(Ljava/lang/Object;Ljava/lang/Object;)Ljava/lang/Object; @ 127
Event: 0.334 Thread 0x0000000002c9d800 Uncommon trap: reason=class_check action=maybe_recompile pc=0x0000000002f7e608 method=java.util.TreeMap.put(Ljava/lang/Object;Ljava/lang/Object;)Ljava/lang/Object; @ 127
Event: 0.334 Thread 0x0000000002c9d800 Uncommon trap: reason=class_check action=maybe_recompile pc=0x0000000002f7e608 method=java.util.TreeMap.put(Ljava/lang/Object;Ljava/lang/Object;)Ljava/lang/Object; @ 127
Event: 0.335 Thread 0x0000000002c9d800 Uncommon trap: reason=predicate action=maybe_recompile pc=0x0000000002f82474 method=java.util.TreeMap.getEntry(Ljava/lang/Object;)Ljava/util/TreeMap$Entry; @ 39
Event: 0.427 Thread 0x0000000002c9d800 Uncommon trap: reason=predicate action=maybe_recompile pc=0x0000000002fc3b88 method=com.android.dex.Leb128.readUnsignedLeb128(Lcom/android/dex/util/ByteInput;)I @ 41
Event: 0.508 Thread 0x0000000002c9d800 Uncommon trap: reason=unstable_if action=reinterpret pc=0x0000000002fd4674 method=com.android.dx.merge.IndexMap.adjustString(I)I @ 2
Event: 0.511 Thread 0x0000000002c9d800 Uncommon trap: reason=unstable_if action=reinterpret pc=0x0000000002ffdbf4 method=java.util.HashMap.getNode(ILjava/lang/Object;)Ljava/util/HashMap$Node; @ 84
Event: 0.536 Thread 0x0000000002c9d800 Uncommon trap: reason=unstable_if action=reinterpret pc=0x0000000002ff4a04 method=java.util.HashMap.getNode(ILjava/lang/Object;)Ljava/util/HashMap$Node; @ 84

Internal exceptions (2 events):
Event: 0.037 Thread 0x0000000002c9d800 Exception <a 'java/lang/NoSuchMethodError': Method sun.misc.Unsafe.defineClass(Ljava/lang/String;[BII)Ljava/lang/Class; name or signature does not match> (0x00000000eab0d930) thrown at [C:\re\workspace\8-2-build-windows-amd64-cygwin\jdk8u51\3951\hotspot\sr[œc¯Ÿß¢?
Event: 0.037 Thread 0x0000000002c9d800 Exception <a 'java/lang/NoSuchMethodError': Method sun.misc.Unsafe.prefetchRead(Ljava/lang/Object;J)V name or signature does not match> (0x00000000eab0dbc0) thrown at [C:\re\workspace\8-2-build-windows-amd64-cygwin\jdk8u51\3951\hotspot\src\share\vm\prims\j

Events (10 events):
Event: 0.508 Thread 0x0000000002c9d800 DEOPT PACKING pc=0x0000000002fd4674 sp=0x0000000002c7f220
Event: 0.508 Thread 0x0000000002c9d800 DEOPT UNPACKING pc=0x0000000002e1582a sp=0x0000000002c7f1c0 mode 2
Event: 0.511 Thread 0x0000000002c9d800 Uncommon trap: trap_request=0xffffff65 fr.pc=0x0000000002ffdbf4
Event: 0.511 Thread 0x0000000002c9d800 DEOPT PACKING pc=0x0000000002ffdbf4 sp=0x0000000002c7f430
Event: 0.511 Thread 0x0000000002c9d800 DEOPT UNPACKING pc=0x0000000002e1582a sp=0x0000000002c7f350 mode 2
Event: 0.536 Thread 0x0000000002c9d800 Uncommon trap: trap_request=0xffffff65 fr.pc=0x0000000002ff4a04
Event: 0.536 Thread 0x0000000002c9d800 DEOPT PACKING pc=0x0000000002ff4a04 sp=0x0000000002c7f3c0
Event: 0.536 Thread 0x0000000002c9d800 DEOPT UNPACKING pc=0x0000000002e1582a sp=0x0000000002c7f338 mode 2
Event: 0.582 loading class com/android/dex/Dex$1
Event: 0.582 loading class com/android/dex/Dex$1 done


Dynamic libraries:
0x00007ff6cd040000 - 0x00007ff6cd077000 	C:\Program Files\Java\jdk1.8.0_51\bin\java.exe
0x00007fff2bd60000 - 0x00007fff2bf21000 	C:\WINDOWS\SYSTEM32\ntdll.dll
0x00007fff2aaf0000 - 0x00007fff2ab9d000 	C:\WINDOWS\system32\KERNEL32.DLL
0x00007fff288e0000 - 0x00007fff28abd000 	C:\WINDOWS\system32\KERNELBASE.dll
0x00007fff2b7f0000 - 0x00007fff2b896000 	C:\WINDOWS\system32\ADVAPI32.dll
0x00007fff2bc00000 - 0x00007fff2bc9d000 	C:\WINDOWS\system32\msvcrt.dll
0x00007fff2bd00000 - 0x00007fff2bd5b000 	C:\WINDOWS\system32\sechost.dll
0x00007fff2b280000 - 0x00007fff2b3a6000 	C:\WINDOWS\system32\RPCRT4.dll
0x00007fff2ac10000 - 0x00007fff2ad5e000 	C:\WINDOWS\system32\USER32.dll
0x00007fff2af90000 - 0x00007fff2b116000 	C:\WINDOWS\system32\GDI32.dll
0x00007fff22f00000 - 0x00007fff23174000 	C:\WINDOWS\WinSxS\amd64_microsoft.windows.common-controls_6595b64144ccf1df_6.0.10240.16384_none_f41f7b285750ef43\COMCTL32.dll
0x00007fff2bcc0000 - 0x00007fff2bcf6000 	C:\WINDOWS\system32\IMM32.DLL
0x00007fff2b120000 - 0x00007fff2b27c000 	C:\WINDOWS\system32\MSCTF.dll
0x00007fff25c40000 - 0x00007fff25c71000 	C:\WINDOWS\system32\nvinitx.dll
0x00007fff25b30000 - 0x00007fff25b3a000 	C:\WINDOWS\SYSTEM32\VERSION.dll
0x00007fff25950000 - 0x00007fff25a78000 	C:\WINDOWS\system32\NV\igdumd64.dll
0x00007fff2ad60000 - 0x00007fff2af25000 	C:\WINDOWS\system32\SETUPAPI.dll
0x00007fff28d50000 - 0x00007fff28d94000 	C:\WINDOWS\system32\CFGMGR32.dll
0x00007fff234a0000 - 0x00007fff235c8000 	C:\WINDOWS\system32\NV\igd10umd64.dll
0x0000000060f70000 - 0x0000000061042000 	C:\Program Files\Java\jdk1.8.0_51\jre\bin\msvcr100.dll
0x00000000614e0000 - 0x0000000061d63000 	C:\Program Files\Java\jdk1.8.0_51\jre\bin\server\jvm.dll
0x00007fff2b910000 - 0x00007fff2b918000 	C:\WINDOWS\system32\PSAPI.DLL
0x00007fff265d0000 - 0x00007fff265f3000 	C:\WINDOWS\SYSTEM32\WINMM.dll
0x00007fff26d00000 - 0x00007fff26d09000 	C:\WINDOWS\SYSTEM32\WSOCK32.dll
0x00007fff2b770000 - 0x00007fff2b7d9000 	C:\WINDOWS\system32\WS2_32.dll
0x00007fff2b900000 - 0x00007fff2b908000 	C:\WINDOWS\system32\NSI.dll
0x00007fff265a0000 - 0x00007fff265cc000 	C:\WINDOWS\SYSTEM32\WINMMBASE.dll
0x00007fff27100000 - 0x00007fff27127000 	C:\WINDOWS\SYSTEM32\DEVOBJ.dll
0x0000000062220000 - 0x000000006222f000 	C:\Program Files\Java\jdk1.8.0_51\jre\bin\verify.dll
0x00000000621f0000 - 0x0000000062219000 	C:\Program Files\Java\jdk1.8.0_51\jre\bin\java.dll
0x00000000621d0000 - 0x00000000621e6000 	C:\Program Files\Java\jdk1.8.0_51\jre\bin\zip.dll
0x00007fff295c0000 - 0x00007fff2aae2000 	C:\WINDOWS\system32\SHELL32.dll
0x00007fff28e00000 - 0x00007fff29428000 	C:\WINDOWS\system32\windows.storage.dll
0x00007fff2b920000 - 0x00007fff2bb9c000 	C:\WINDOWS\system32\combase.dll
0x00007fff2af30000 - 0x00007fff2af81000 	C:\WINDOWS\system32\shlwapi.dll
0x00007fff287b0000 - 0x00007fff287bf000 	C:\WINDOWS\system32\kernel.appcore.dll
0x00007fff28ac0000 - 0x00007fff28b73000 	C:\WINDOWS\system32\shcore.dll
0x00007fff287c0000 - 0x00007fff2880a000 	C:\WINDOWS\system32\powrprof.dll
0x00007fff28810000 - 0x00007fff28823000 	C:\WINDOWS\system32\profapi.dll
0x00007fff0ead0000 - 0x00007fff0ec5a000 	C:\WINDOWS\SYSTEM32\dbghelp.dll

VM Arguments:
jvm_args: -Djava.awt.headless=true -Xmx1024M -Dfile.encoding=windows-1252 -Duser.country=FR -Duser.language=fr -Duser.variant 
java_command: com.android.dx.command.Main --dex --num-threads=4 --output C:\Users\Quentin\AndroidStudioProjects\GestionnairedeSporz\app\build\intermediates\transforms\dex\debug\folders\1000\1f\main C:\Users\Quentin\AndroidStudioProjects\GestionnairedeSporz\app\build\intermediates\pre-dexed\debug\support-annotations-22.2.1_2a19a997a9e97796a0ce36e2b02154628171d7bd.jar C:\Users\Quentin\AndroidStudioProjects\GestionnairedeSporz\app\build\intermediates\pre-dexed\debug\debug_ef84890c846d58d097dd939c727589a03fd8a1b5.jar C:\Users\Quentin\AndroidStudioProjects\GestionnairedeSporz\app\build\intermediates\pre-dexed\debug\internal_impl-22.2.1_a9564c694648f433f00c4a59dba138a7d4c3f1e8.jar C:\Users\Quentin\AndroidStudioProjects\GestionnairedeSporz\app\build\intermediates\pre-dexed\debug\com.android.support-appcompat-v7-22.2.1_fea7bedab65b1ae347f3860d7587fae3189003f1.jar C:\Users\Quentin\AndroidStudioProjects\GestionnairedeSporz\app\build\intermediates\pre-dexed\debug\com.android.support-support-v4-22.2.1_2a471a5a4ec491ff02a9dc13b79759086c639a79.jar
java_class_path (initial): C:\Users\Quentin\AppData\Local\Android\sdk\build-tools\23.0.2\lib\dx.jar
Launcher Type: SUN_STANDARD

Environment Variables:
PATH=C:\ProgramData\Oracle\Java\javapath;C:\Program Files\Broadcom\Broadcom 802.11 Network Adapter\Driver;;C:\WINDOWS\system32;C:\WINDOWS;C:\WINDOWS\System32\Wbem;C:\WINDOWS\System32\WindowsPowerShell\v1.0\;C:\Program Files (x86)\Intel\OpenCL SDK\2.0\bin\x86;C:\Program Files (x86)\Intel\OpenCL SDK\2.0\bin\x64;C:\Program Files (x86)\NVIDIA Corporation\PhysX\Common;C:\Program Files\MiKTeX 2.9\miktex\bin\x64\;C:\WINDOWS\system32\config\systemprofile\.dnx\bin;C:\Program Files\Microsoft DNX\Dnvm\;C:\Program Files (x86)\Skype\Phone\
USERNAME=Quentin
OS=Windows_NT
PROCESSOR_IDENTIFIER=Intel64 Family 6 Model 42 Stepping 7, GenuineIntel



---------------  S Y S T E M  ---------------

OS: Windows 10.0 , 64 bit Build 10240 (10.0.10240.16384)

CPU:total 4 (2 cores per cpu, 2 threads per core) family 6 model 42 stepping 7, cmov, cx8, fxsr, mmx, sse, sse2, sse3, ssse3, sse4.1, sse4.2, popcnt, avx, clmul, ht, tsc, tscinvbit

Memory: 4k page, physical 5154956k(998628k free), swap 7252108k(5384k free)

vm_info: Java HotSpot(TM) 64-Bit Server VM (25.51-b03) for windows-amd64 JRE (1.8.0_51-b16), built on Jun  8 2015 18:03:07 by "java_re" with MS VC++ 10.0 (VS2010)

time: Tue Dec 29 23:49:11 2015
elapsed time: 0 seconds (0d 0h 0m 0s)

