#
# There is insufficient memory for the Java Runtime Environment to continue.
# Native memory allocation (malloc) failed to allocate 1432576 bytes for Chunk::new
# Possible reasons:
#   The system is out of physical RAM or swap space
#   In 32 bit mode, the process size limit was hit
# Possible solutions:
#   Reduce memory load on the system
#   Increase physical memory or swap space
#   Check if swap backing store is full
#   Use 64 bit Java on a 64 bit OS
#   Decrease Java heap size (-Xmx/-Xms)
#   Decrease number of Java threads
#   Decrease Java thread stack sizes (-Xss)
#   Set larger code cache with -XX:ReservedCodeCacheSize=
# This output file may be truncated or incomplete.
#
#  Out of Memory Error (allocation.cpp:390), pid=4852, tid=4036
#
# JRE version: Java(TM) SE Runtime Environment (8.0_51-b16) (build 1.8.0_51-b16)
# Java VM: Java HotSpot(TM) 64-Bit Server VM (25.51-b03 mixed mode windows-amd64 compressed oops)
# Failed to write core dump. Minidumps are not enabled by default on client versions of Windows
#

---------------  T H R E A D  ---------------

Current thread (0x0000000015578000):  JavaThread "C2 CompilerThread0" daemon [_thread_in_native, id=4036, stack(0x0000000016ae0000,0x0000000016be0000)]

Stack: [0x0000000016ae0000,0x0000000016be0000]
Native frames: (J=compiled Java code, j=interpreted, Vv=VM code, C=native code)
V  [jvm.dll+0x32b4ca]
V  [jvm.dll+0x2797e3]
V  [jvm.dll+0x27a479]
V  [jvm.dll+0x271765]
V  [jvm.dll+0xcba02]
V  [jvm.dll+0xcbecc]
V  [jvm.dll+0x476f72]
V  [jvm.dll+0x4b95ff]
V  [jvm.dll+0x46c011]
V  [jvm.dll+0x46cd4e]
V  [jvm.dll+0x4501a2]
V  [jvm.dll+0xa43a2]
V  [jvm.dll+0xa4cdf]
V  [jvm.dll+0x2418a4]
V  [jvm.dll+0x29846a]
C  [msvcr100.dll+0x21d9f]
C  [msvcr100.dll+0x21e3b]
C  [KERNEL32.DLL+0x12d92]
C  [ntdll.dll+0x9f64]


Current CompileTask:
C2:   2434 1228       4       com.android.dx.dex.code.OutputFinisher::addConstants (93 bytes)


---------------  P R O C E S S  ---------------

Java Threads: ( => current thread )
  0x00000000155de800 JavaThread "Service Thread" daemon [_thread_blocked, id=4044, stack(0x00000000171e0000,0x00000000172e0000)]
  0x00000000155d0800 JavaThread "C1 CompilerThread2" daemon [_thread_blocked, id=6092, stack(0x0000000016ce0000,0x0000000016de0000)]
  0x0000000015580000 JavaThread "C2 CompilerThread1" daemon [_thread_blocked, id=1652, stack(0x0000000016be0000,0x0000000016ce0000)]
=>0x0000000015578000 JavaThread "C2 CompilerThread0" daemon [_thread_in_native, id=4036, stack(0x0000000016ae0000,0x0000000016be0000)]
  0x0000000015576800 JavaThread "Attach Listener" daemon [_thread_blocked, id=7864, stack(0x00000000169e0000,0x0000000016ae0000)]
  0x0000000015575800 JavaThread "Signal Dispatcher" daemon [_thread_blocked, id=2264, stack(0x00000000168e0000,0x00000000169e0000)]
  0x0000000002ea0800 JavaThread "Finalizer" daemon [_thread_blocked, id=1572, stack(0x00000000167e0000,0x00000000168e0000)]
  0x0000000002e9d000 JavaThread "Reference Handler" daemon [_thread_blocked, id=4720, stack(0x00000000166e0000,0x00000000167e0000)]
  0x0000000002db0800 JavaThread "main" [_thread_in_vm, id=7432, stack(0x0000000002cb0000,0x0000000002db0000)]

Other Threads:
  0x0000000015547800 VMThread [stack: 0x00000000165e0000,0x00000000166e0000] [id=7448]
  0x0000000016de4000 WatcherThread [stack: 0x00000000172e0000,0x00000000173e0000] [id=992]

VM state:not at safepoint (normal execution)

VM Mutex/Monitor currently owned by a thread: None

Heap:
 PSYoungGen      total 24064K, used 10441K [0x00000000eab00000, 0x00000000eda00000, 0x0000000100000000)
  eden space 20992K, 35% used [0x00000000eab00000,0x00000000eb23a3f0,0x00000000ebf80000)
  from space 3072K, 98% used [0x00000000ebf80000,0x00000000ec278020,0x00000000ec280000)
  to   space 3072K, 0% used [0x00000000ed700000,0x00000000ed700000,0x00000000eda00000)
 ParOldGen       total 54784K, used 2211K [0x00000000c0000000, 0x00000000c3580000, 0x00000000eab00000)
  object space 54784K, 4% used [0x00000000c0000000,0x00000000c0228c78,0x00000000c3580000)
 Metaspace       used 5965K, capacity 6960K, committed 7040K, reserved 1056768K
  class space    used 595K, capacity 616K, committed 640K, reserved 1048576K

Card table byte_map: [0x0000000012270000,0x0000000012480000] byte_map_base: 0x0000000011c70000

Marking Bits: (ParMarkBitMap*) 0x0000000061ce4040
 Begin Bits: [0x00000000129e0000, 0x00000000139e0000)
 End Bits:   [0x00000000139e0000, 0x00000000149e0000)

Polling page: 0x0000000000f10000

CodeCache: size=245760Kb used=4947Kb max_used=4965Kb free=240812Kb
 bounds [0x0000000002eb0000, 0x0000000003390000, 0x0000000011eb0000]
 total_blobs=1535 nmethods=1266 adapters=182
 compilation: enabled

Compilation events (10 events):
Event: 2.158 Thread 0x0000000015580000 1250       4       java.util.TreeMap::get (19 bytes)
Event: 2.161 Thread 0x0000000015580000 nmethod 1250 0x0000000003385950 code [0x0000000003385aa0, 0x0000000003385bf8]
Event: 2.161 Thread 0x0000000015580000 1249       4       java.util.TreeMap$PrivateEntryIterator::hasNext (13 bytes)
Event: 2.161 Thread 0x0000000015580000 nmethod 1249 0x0000000003358d10 code [0x0000000003358e40, 0x0000000003358eb8]
Event: 2.161 Thread 0x0000000015580000 1258       4       java.util.TreeMap$PrivateEntryIterator::nextEntry (54 bytes)
Event: 2.164 Thread 0x0000000015580000 nmethod 1258 0x0000000003385550 code [0x00000000033856a0, 0x00000000033857d8]
Event: 2.164 Thread 0x0000000015580000 1261       4       java.util.TreeMap$ValueIterator::next (8 bytes)
Event: 2.168 Thread 0x0000000015580000 nmethod 1261 0x0000000003385110 code [0x0000000003385260, 0x0000000003385398]
Event: 2.168 Thread 0x0000000015580000 1237       4       com.android.dx.rop.cst.CstType::hashCode (8 bytes)
Event: 2.172 Thread 0x0000000015580000 nmethod 1237 0x0000000003384cd0 code [0x0000000003384e20, 0x0000000003384fb8]

GC Heap History (2 events):
Event: 1.384 GC heap before
{Heap before GC invocations=1 (full 0):
 PSYoungGen      total 24064K, used 20992K [0x00000000eab00000, 0x00000000ec580000, 0x0000000100000000)
  eden space 20992K, 100% used [0x00000000eab00000,0x00000000ebf80000,0x00000000ebf80000)
  from space 3072K, 0% used [0x00000000ec280000,0x00000000ec280000,0x00000000ec580000)
  to   space 3072K, 0% used [0x00000000ebf80000,0x00000000ebf80000,0x00000000ec280000)
 ParOldGen       total 54784K, used 0K [0x00000000c0000000, 0x00000000c3580000, 0x00000000eab00000)
  object space 54784K, 0% used [0x00000000c0000000,0x00000000c0000000,0x00000000c3580000)
 Metaspace       used 5776K, capacity 6832K, committed 7040K, reserved 1056768K
  class space    used 584K, capacity 616K, committed 640K, reserved 1048576K
Event: 1.500 GC heap after
Heap after GC invocations=1 (full 0):
 PSYoungGen      total 24064K, used 3040K [0x00000000eab00000, 0x00000000eda00000, 0x0000000100000000)
  eden space 20992K, 0% used [0x00000000eab00000,0x00000000eab00000,0x00000000ebf80000)
  from space 3072K, 98% used [0x00000000ebf80000,0x00000000ec278020,0x00000000ec280000)
  to   space 3072K, 0% used [0x00000000ed700000,0x00000000ed700000,0x00000000eda00000)
 ParOldGen       total 54784K, used 2211K [0x00000000c0000000, 0x00000000c3580000, 0x00000000eab00000)
  object space 54784K, 4% used [0x00000000c0000000,0x00000000c0228c78,0x00000000c3580000)
 Metaspace       used 5776K, capacity 6832K, committed 7040K, reserved 1056768K
  class space    used 584K, capacity 616K, committed 640K, reserved 1048576K
}

Deoptimization events (10 events):
Event: 1.213 Thread 0x0000000016f83000 Uncommon trap: reason=unstable_if action=reinterpret pc=0x00000000031b4c00 method=com.android.dx.rop.code.RegisterSpec.equals(ILcom/android/dx/rop/type/TypeBearer;Lcom/android/dx/rop/code/LocalItem;)Z @ 42
Event: 1.675 Thread 0x0000000002db0800 Uncommon trap: reason=bimorphic action=maybe_recompile pc=0x0000000003151820 method=java.util.HashMap.getNode(ILjava/lang/Object;)Ljava/util/HashMap$Node; @ 126
Event: 1.675 Thread 0x0000000002db0800 Uncommon trap: reason=class_check action=maybe_recompile pc=0x00000000032c7508 method=java.util.HashMap.putVal(ILjava/lang/Object;Ljava/lang/Object;ZZ)Ljava/lang/Object; @ 203
Event: 1.675 Thread 0x0000000002db0800 Uncommon trap: reason=bimorphic action=maybe_recompile pc=0x0000000003151820 method=java.util.HashMap.getNode(ILjava/lang/Object;)Ljava/util/HashMap$Node; @ 126
Event: 1.675 Thread 0x0000000002db0800 Uncommon trap: reason=class_check action=maybe_recompile pc=0x00000000032c7508 method=java.util.HashMap.putVal(ILjava/lang/Object;Ljava/lang/Object;ZZ)Ljava/lang/Object; @ 203
Event: 1.675 Thread 0x0000000002db0800 Uncommon trap: reason=bimorphic action=maybe_recompile pc=0x0000000003151820 method=java.util.HashMap.getNode(ILjava/lang/Object;)Ljava/util/HashMap$Node; @ 126
Event: 1.676 Thread 0x0000000002db0800 Uncommon trap: reason=bimorphic action=maybe_recompile pc=0x0000000003151820 method=java.util.HashMap.getNode(ILjava/lang/Object;)Ljava/util/HashMap$Node; @ 126
Event: 1.676 Thread 0x0000000002db0800 Uncommon trap: reason=bimorphic action=maybe_recompile pc=0x00000000032e0958 method=java.util.HashMap.getNode(ILjava/lang/Object;)Ljava/util/HashMap$Node; @ 126
Event: 1.676 Thread 0x0000000002db0800 Uncommon trap: reason=class_check action=maybe_recompile pc=0x00000000032c7508 method=java.util.HashMap.putVal(ILjava/lang/Object;Ljava/lang/Object;ZZ)Ljava/lang/Object; @ 203
Event: 1.676 Thread 0x0000000002db0800 Uncommon trap: reason=class_check action=maybe_recompile pc=0x00000000032c7508 method=java.util.HashMap.putVal(ILjava/lang/Object;Ljava/lang/Object;ZZ)Ljava/lang/Object; @ 203

Internal exceptions (2 events):
Event: 0.075 Thread 0x0000000002db0800 Exception <a 'java/lang/NoSuchMethodError': Method sun.misc.Unsafe.defineClass(Ljava/lang/String;[BII)Ljava/lang/Class; name or signature does not match> (0x00000000eab0d380) thrown at [C:\re\workspace\8-2-build-windows-amd64-cygwin\jdk8u51\3951\hotspot\srLJ¶t$³?
Event: 0.075 Thread 0x0000000002db0800 Exception <a 'java/lang/NoSuchMethodError': Method sun.misc.Unsafe.prefetchRead(Ljava/lang/Object;J)V name or signature does not match> (0x00000000eab0d610) thrown at [C:\re\workspace\8-2-build-windows-amd64-cygwin\jdk8u51\3951\hotspot\src\share\vm\prims\j

Events (10 events):
Event: 2.031 loading class com/android/dx/dex/code/PositionList
Event: 2.031 loading class com/android/dx/dex/code/PositionList done
Event: 2.032 loading class com/android/dx/dex/code/PositionList$Entry
Event: 2.032 loading class com/android/dx/dex/code/PositionList$Entry done
Event: 2.032 loading class com/android/dx/dex/code/LocalList
Event: 2.032 loading class com/android/dx/dex/code/LocalList done
Event: 2.033 loading class com/android/dx/dex/code/LocalList$MakeState
Event: 2.033 loading class com/android/dx/dex/code/LocalList$MakeState done
Event: 2.349 loading class com/android/dx/dex/code/LocalList$Disposition
Event: 2.349 loading class com/android/dx/dex/code/LocalList$Disposition done


Dynamic libraries:
0x00007ff6cd040000 - 0x00007ff6cd077000 	C:\Program Files\Java\jdk1.8.0_51\bin\java.exe
0x00007fff2bd60000 - 0x00007fff2bf21000 	C:\WINDOWS\SYSTEM32\ntdll.dll
0x00007fff2aaf0000 - 0x00007fff2ab9d000 	C:\WINDOWS\system32\KERNEL32.DLL
0x00007fff288e0000 - 0x00007fff28abd000 	C:\WINDOWS\system32\KERNELBASE.dll
0x00007fff2b7f0000 - 0x00007fff2b896000 	C:\WINDOWS\system32\ADVAPI32.dll
0x00007fff2bc00000 - 0x00007fff2bc9d000 	C:\WINDOWS\system32\msvcrt.dll
0x00007fff2bd00000 - 0x00007fff2bd5b000 	C:\WINDOWS\system32\sechost.dll
0x00007fff2b280000 - 0x00007fff2b3a6000 	C:\WINDOWS\system32\RPCRT4.dll
0x00007fff2ac10000 - 0x00007fff2ad5e000 	C:\WINDOWS\system32\USER32.dll
0x00007fff2af90000 - 0x00007fff2b116000 	C:\WINDOWS\system32\GDI32.dll
0x00007fff22f00000 - 0x00007fff23174000 	C:\WINDOWS\WinSxS\amd64_microsoft.windows.common-controls_6595b64144ccf1df_6.0.10240.16384_none_f41f7b285750ef43\COMCTL32.dll
0x00007fff2bcc0000 - 0x00007fff2bcf6000 	C:\WINDOWS\system32\IMM32.DLL
0x00007fff2b120000 - 0x00007fff2b27c000 	C:\WINDOWS\system32\MSCTF.dll
0x00007fff25c40000 - 0x00007fff25c71000 	C:\WINDOWS\system32\nvinitx.dll
0x00007fff25b30000 - 0x00007fff25b3a000 	C:\WINDOWS\SYSTEM32\VERSION.dll
0x00007fff25950000 - 0x00007fff25a78000 	C:\WINDOWS\system32\NV\igdumd64.dll
0x00007fff2ad60000 - 0x00007fff2af25000 	C:\WINDOWS\system32\SETUPAPI.dll
0x00007fff28d50000 - 0x00007fff28d94000 	C:\WINDOWS\system32\CFGMGR32.dll
0x00007fff234a0000 - 0x00007fff235c8000 	C:\WINDOWS\system32\NV\igd10umd64.dll
0x0000000061040000 - 0x0000000061112000 	C:\Program Files\Java\jdk1.8.0_51\jre\bin\msvcr100.dll
0x00000000614e0000 - 0x0000000061d63000 	C:\Program Files\Java\jdk1.8.0_51\jre\bin\server\jvm.dll
0x00007fff2b910000 - 0x00007fff2b918000 	C:\WINDOWS\system32\PSAPI.DLL
0x00007fff23260000 - 0x00007fff23269000 	C:\WINDOWS\SYSTEM32\WSOCK32.dll
0x00007fff2b770000 - 0x00007fff2b7d9000 	C:\WINDOWS\system32\WS2_32.dll
0x00007fff2b900000 - 0x00007fff2b908000 	C:\WINDOWS\system32\NSI.dll
0x00007fff265d0000 - 0x00007fff265f3000 	C:\WINDOWS\SYSTEM32\WINMM.dll
0x0000000000ee0000 - 0x0000000000f0c000 	C:\WINDOWS\SYSTEM32\WINMMBASE.dll
0x00007fff27100000 - 0x00007fff27127000 	C:\WINDOWS\SYSTEM32\DEVOBJ.dll
0x0000000062220000 - 0x000000006222f000 	C:\Program Files\Java\jdk1.8.0_51\jre\bin\verify.dll
0x00000000621f0000 - 0x0000000062219000 	C:\Program Files\Java\jdk1.8.0_51\jre\bin\java.dll
0x00000000621d0000 - 0x00000000621e6000 	C:\Program Files\Java\jdk1.8.0_51\jre\bin\zip.dll
0x00007fff295c0000 - 0x00007fff2aae2000 	C:\WINDOWS\system32\SHELL32.dll
0x00007fff28e00000 - 0x00007fff29428000 	C:\WINDOWS\system32\windows.storage.dll
0x00007fff2b920000 - 0x00007fff2bb9c000 	C:\WINDOWS\system32\combase.dll
0x00007fff2af30000 - 0x00007fff2af81000 	C:\WINDOWS\system32\shlwapi.dll
0x00007fff287b0000 - 0x00007fff287bf000 	C:\WINDOWS\system32\kernel.appcore.dll
0x00007fff28ac0000 - 0x00007fff28b73000 	C:\WINDOWS\system32\shcore.dll
0x00007fff287c0000 - 0x00007fff2880a000 	C:\WINDOWS\system32\powrprof.dll
0x00007fff28810000 - 0x00007fff28823000 	C:\WINDOWS\system32\profapi.dll
0x00007fff0ead0000 - 0x00007fff0ec5a000 	C:\WINDOWS\SYSTEM32\dbghelp.dll

VM Arguments:
jvm_args: -Djava.awt.headless=true -Xmx1024M -Dfile.encoding=windows-1252 -Duser.country=FR -Duser.language=fr -Duser.variant 
java_command: com.android.dx.command.Main --dex --num-threads=4 --output C:\Users\Quentin\AndroidStudioProjects\GestionnairedeSporz\app\build\intermediates\pre-dexed\debug\debug_ef84890c846d58d097dd939c727589a03fd8a1b5.jar C:\Users\Quentin\AndroidStudioProjects\GestionnairedeSporz\app\build\intermediates\classes\debug
java_class_path (initial): C:\Users\Quentin\AppData\Local\Android\sdk\build-tools\23.0.2\lib\dx.jar
Launcher Type: SUN_STANDARD

Environment Variables:
PATH=C:\ProgramData\Oracle\Java\javapath;C:\Program Files\Broadcom\Broadcom 802.11 Network Adapter\Driver;;C:\WINDOWS\system32;C:\WINDOWS;C:\WINDOWS\System32\Wbem;C:\WINDOWS\System32\WindowsPowerShell\v1.0\;C:\Program Files (x86)\Intel\OpenCL SDK\2.0\bin\x86;C:\Program Files (x86)\Intel\OpenCL SDK\2.0\bin\x64;C:\Program Files (x86)\NVIDIA Corporation\PhysX\Common;C:\Program Files\MiKTeX 2.9\miktex\bin\x64\;C:\WINDOWS\system32\config\systemprofile\.dnx\bin;C:\Program Files\Microsoft DNX\Dnvm\;C:\Program Files (x86)\Skype\Phone\
USERNAME=Quentin
OS=Windows_NT
PROCESSOR_IDENTIFIER=Intel64 Family 6 Model 42 Stepping 7, GenuineIntel



---------------  S Y S T E M  ---------------

OS: Windows 10.0 , 64 bit Build 10240 (10.0.10240.16384)

CPU:total 4 (2 cores per cpu, 2 threads per core) family 6 model 42 stepping 7, cmov, cx8, fxsr, mmx, sse, sse2, sse3, ssse3, sse4.1, sse4.2, popcnt, avx, clmul, ht, tsc, tscinvbit

Memory: 4k page, physical 5154956k(1047056k free), swap 7252108k(7616k free)

vm_info: Java HotSpot(TM) 64-Bit Server VM (25.51-b03) for windows-amd64 JRE (1.8.0_51-b16), built on Jun  8 2015 18:03:07 by "java_re" with MS VC++ 10.0 (VS2010)

time: Tue Dec 29 16:15:17 2015
elapsed time: 2 seconds (0d 0h 0m 2s)

