#
# There is insufficient memory for the Java Runtime Environment to continue.
# Native memory allocation (malloc) failed to allocate 32784 bytes for Chunk::new
# Possible reasons:
#   The system is out of physical RAM or swap space
#   In 32 bit mode, the process size limit was hit
# Possible solutions:
#   Reduce memory load on the system
#   Increase physical memory or swap space
#   Check if swap backing store is full
#   Use 64 bit Java on a 64 bit OS
#   Decrease Java heap size (-Xmx/-Xms)
#   Decrease number of Java threads
#   Decrease Java thread stack sizes (-Xss)
#   Set larger code cache with -XX:ReservedCodeCacheSize=
# This output file may be truncated or incomplete.
#
#  Out of Memory Error (allocation.cpp:390), pid=5528, tid=7036
#
# JRE version: Java(TM) SE Runtime Environment (8.0_51-b16) (build 1.8.0_51-b16)
# Java VM: Java HotSpot(TM) 64-Bit Server VM (25.51-b03 mixed mode windows-amd64 compressed oops)
# Failed to write core dump. Minidumps are not enabled by default on client versions of Windows
#

---------------  T H R E A D  ---------------

Current thread (0x0000000014fe8800):  JavaThread "C2 CompilerThread0" daemon [_thread_in_native, id=7036, stack(0x0000000016540000,0x0000000016640000)]

Stack: [0x0000000016540000,0x0000000016640000]
Native frames: (J=compiled Java code, j=interpreted, Vv=VM code, C=native code)
V  [jvm.dll+0x32b4ca]
V  [jvm.dll+0x2797e3]
V  [jvm.dll+0x27a479]
V  [jvm.dll+0x271765]
V  [jvm.dll+0xcba02]
V  [jvm.dll+0xcbecc]
V  [jvm.dll+0xcc224]
V  [jvm.dll+0x4ea2b0]
V  [jvm.dll+0x4b92ff]
V  [jvm.dll+0x46b745]
V  [jvm.dll+0x46cd4e]
V  [jvm.dll+0x4501a2]
V  [jvm.dll+0xa43a2]
V  [jvm.dll+0xa4cdf]
V  [jvm.dll+0x2418a4]
V  [jvm.dll+0x29846a]
C  [msvcr100.dll+0x21d9f]
C  [msvcr100.dll+0x21e3b]
C  [KERNEL32.DLL+0x12d92]
C  [ntdll.dll+0x9f64]


Current CompileTask:
C2:   1351  825   !   4       com.android.dx.rop.code.RegisterSpec::intern (70 bytes)


---------------  P R O C E S S  ---------------

Java Threads: ( => current thread )
  0x0000000016a71800 JavaThread "pool-1-thread-4" [_thread_blocked, id=6420, stack(0x0000000017240000,0x0000000017340000)]
  0x0000000016a70800 JavaThread "pool-1-thread-3" [_thread_in_vm, id=812, stack(0x0000000017140000,0x0000000017240000)]
  0x00000000169f3800 JavaThread "pool-1-thread-2" [_thread_in_vm, id=5788, stack(0x0000000017040000,0x0000000017140000)]
  0x00000000169f0800 JavaThread "pool-2-thread-1" [_thread_blocked, id=180, stack(0x0000000016f40000,0x0000000017040000)]
  0x00000000169f0000 JavaThread "pool-1-thread-1" [_thread_blocked, id=852, stack(0x0000000016e40000,0x0000000016f40000)]
  0x0000000016845800 JavaThread "Service Thread" daemon [_thread_blocked, id=7800, stack(0x0000000016c40000,0x0000000016d40000)]
  0x0000000015048800 JavaThread "C1 CompilerThread2" daemon [_thread_blocked, id=4124, stack(0x0000000016740000,0x0000000016840000)]
  0x0000000014ff0000 JavaThread "C2 CompilerThread1" daemon [_thread_blocked, id=768, stack(0x0000000016640000,0x0000000016740000)]
=>0x0000000014fe8800 JavaThread "C2 CompilerThread0" daemon [_thread_in_native, id=7036, stack(0x0000000016540000,0x0000000016640000)]
  0x0000000014fe7000 JavaThread "Attach Listener" daemon [_thread_blocked, id=6500, stack(0x0000000016440000,0x0000000016540000)]
  0x0000000014fe5800 JavaThread "Signal Dispatcher" daemon [_thread_blocked, id=232, stack(0x0000000016340000,0x0000000016440000)]
  0x0000000002910800 JavaThread "Finalizer" daemon [_thread_blocked, id=4700, stack(0x0000000016240000,0x0000000016340000)]
  0x000000000290d000 JavaThread "Reference Handler" daemon [_thread_blocked, id=3708, stack(0x0000000016140000,0x0000000016240000)]
  0x0000000002820800 JavaThread "main" [_thread_blocked, id=8344, stack(0x0000000002720000,0x0000000002820000)]

Other Threads:
  0x0000000014fb7800 VMThread [stack: 0x0000000016040000,0x0000000016140000] [id=5288]
  0x0000000016847000 WatcherThread [stack: 0x0000000016d40000,0x0000000016e40000] [id=3876]

VM state:synchronizing (normal execution)

VM Mutex/Monitor currently owned by a thread:  ([mutex/lock_event])
[0x000000000271cb20] Threads_lock - owner thread: 0x0000000014fb7800
[0x000000000271c620] Heap_lock - owner thread: 0x00000000169f0000
[0x000000000271d230] MethodData_lock - owner thread: 0x00000000169f0000

Heap:
 PSYoungGen      total 24064K, used 17513K [0x00000000eab00000, 0x00000000ec580000, 0x0000000100000000)
  eden space 20992K, 83% used [0x00000000eab00000,0x00000000ebc1a750,0x00000000ebf80000)
  from space 3072K, 0% used [0x00000000ec280000,0x00000000ec280000,0x00000000ec580000)
  to   space 3072K, 0% used [0x00000000ebf80000,0x00000000ebf80000,0x00000000ec280000)
 ParOldGen       total 54784K, used 0K [0x00000000c0000000, 0x00000000c3580000, 0x00000000eab00000)
  object space 54784K, 0% used [0x00000000c0000000,0x00000000c0000000,0x00000000c3580000)
 Metaspace       used 5696K, capacity 6704K, committed 6784K, reserved 1058816K
  class space    used 583K, capacity 616K, committed 640K, reserved 1048576K

Card table byte_map: [0x0000000011ce0000,0x0000000011ef0000] byte_map_base: 0x00000000116e0000

Marking Bits: (ParMarkBitMap*) 0x0000000061c04040
 Begin Bits: [0x0000000012450000, 0x0000000013450000)
 End Bits:   [0x0000000013450000, 0x0000000014450000)

Polling page: 0x0000000000f20000

CodeCache: size=245760Kb used=3256Kb max_used=3256Kb free=242503Kb
 bounds [0x0000000002920000, 0x0000000002c50000, 0x0000000011920000]
 total_blobs=1082 nmethods=810 adapters=182
 compilation: disabled (not enough contiguous free space left)

Compilation events (10 events):
Event: 1.326 Thread 0x0000000015048800 nmethod 828 0x0000000002c46710 code [0x0000000002c468a0, 0x0000000002c46b88]
Event: 1.326 Thread 0x0000000015048800  818       3       com.android.dx.rop.code.PlainInsn::withNewRegisters (18 bytes)
Event: 1.326 Thread 0x0000000015048800 nmethod 818 0x0000000002c46190 code [0x0000000002c46300, 0x0000000002c46628]
Event: 1.326 Thread 0x0000000015048800  809       3       com.android.dx.ssa.back.SsaToRop$PhiVisitor::<init> (10 bytes)
Event: 1.326 Thread 0x0000000015048800 nmethod 809 0x0000000002c4ccd0 code [0x0000000002c4ce20, 0x0000000002c4cff0]
Event: 1.326 Thread 0x0000000015048800  807       3       com.android.dx.ssa.SsaRenamer$BlockRenamer::<init> (72 bytes)
Event: 1.327 Thread 0x0000000015048800 nmethod 807 0x0000000002c4d090 code [0x0000000002c4d280, 0x0000000002c4ddb0]
Event: 1.328 Thread 0x0000000015048800  814       3       com.android.dx.ssa.SsaBasicBlock::scheduleMovesFromPhis (108 bytes)
Event: 1.329 Thread 0x0000000015048800 nmethod 814 0x0000000002c4e3d0 code [0x0000000002c4e640, 0x0000000002c4f238]
Event: 1.329 Thread 0x0000000015048800  833       3       com.android.dx.rop.code.LocalVariableExtractor::processBlock (327 bytes)

GC Heap History (0 events):
No events

Deoptimization events (8 events):
Event: 0.594 Thread 0x00000000169f3800 Uncommon trap: reason=unstable_if action=reinterpret pc=0x0000000002ada8dc method=com.android.dx.rop.cst.CstMemberRef.compareTo0(Lcom/android/dx/rop/cst/Constant;)I @ 18
Event: 0.594 Thread 0x00000000169f3800 Uncommon trap: reason=unstable_if action=reinterpret pc=0x0000000002ade254 method=com.android.dx.rop.cst.CstMemberRef.compareTo0(Lcom/android/dx/rop/cst/Constant;)I @ 18
Event: 0.808 Thread 0x0000000016a70800 Uncommon trap: reason=class_check action=maybe_recompile pc=0x0000000002b22390 method=com.android.dx.rop.cst.CstMemberRef.compareTo0(Lcom/android/dx/rop/cst/Constant;)I @ 1
Event: 0.808 Thread 0x0000000016a70800 Uncommon trap: reason=class_check action=maybe_recompile pc=0x0000000002b22390 method=com.android.dx.rop.cst.CstMemberRef.compareTo0(Lcom/android/dx/rop/cst/Constant;)I @ 1
Event: 0.808 Thread 0x0000000016a70800 Uncommon trap: reason=class_check action=maybe_recompile pc=0x0000000002b22390 method=com.android.dx.rop.cst.CstMemberRef.compareTo0(Lcom/android/dx/rop/cst/Constant;)I @ 1
Event: 0.808 Thread 0x0000000016a70800 Uncommon trap: reason=class_check action=maybe_recompile pc=0x0000000002b22390 method=com.android.dx.rop.cst.CstMemberRef.compareTo0(Lcom/android/dx/rop/cst/Constant;)I @ 1
Event: 0.957 Thread 0x0000000002820800 Uncommon trap: reason=unstable_if action=reinterpret pc=0x0000000002b03154 method=com.android.dx.rop.cst.CstFieldRef.compareTo0(Lcom/android/dx/rop/cst/Constant;)I @ 7
Event: 1.181 Thread 0x0000000016a71800 Uncommon trap: reason=unstable_if action=reinterpret pc=0x0000000002b6f6a8 method=java.util.HashMap.getNode(ILjava/lang/Object;)Ljava/util/HashMap$Node; @ 129

Internal exceptions (2 events):
Event: 0.059 Thread 0x0000000002820800 Exception <a 'java/lang/NoSuchMethodError': Method sun.misc.Unsafe.defineClass(Ljava/lang/String;[BII)Ljava/lang/Class; name or signature does not match> (0x00000000eab0d380) thrown at [C:\re\workspace\8-2-build-windows-amd64-cygwin\jdk8u51\3951\hotspot\srÒ©BL%®?
Event: 0.059 Thread 0x0000000002820800 Exception <a 'java/lang/NoSuchMethodError': Method sun.misc.Unsafe.prefetchRead(Ljava/lang/Object;J)V name or signature does not match> (0x00000000eab0d610) thrown at [C:\re\workspace\8-2-build-windows-amd64-cygwin\jdk8u51\3951\hotspot\src\share\vm\prims\j

Events (10 events):
Event: 1.119 loading class com/android/dx/dex/file/FieldAnnotationStruct done
Event: 1.169 loading class java/util/ArrayList$1
Event: 1.169 loading class java/util/ArrayList$1 done
Event: 1.181 Thread 0x0000000016a71800 Uncommon trap: trap_request=0xffffff65 fr.pc=0x0000000002b6f6a8
Event: 1.181 Thread 0x0000000016a71800 DEOPT PACKING pc=0x0000000002b6f6a8 sp=0x000000001733e0f0
Event: 1.181 Thread 0x0000000016a71800 DEOPT UNPACKING pc=0x000000000296582a sp=0x000000001733e068 mode 2
Event: 1.273 Executing VM operation: ForceSafepoint
Event: 1.305 Executing VM operation: ForceSafepoint done
Event: 1.307 loading class java/util/DualPivotQuicksort
Event: 1.307 loading class java/util/DualPivotQuicksort done


Dynamic libraries:
0x00007ff71d600000 - 0x00007ff71d637000 	C:\Program Files\Java\jdk1.8.0_51\bin\java.exe
0x00007fff2bd60000 - 0x00007fff2bf21000 	C:\WINDOWS\SYSTEM32\ntdll.dll
0x00007fff2aaf0000 - 0x00007fff2ab9d000 	C:\WINDOWS\system32\KERNEL32.DLL
0x00007fff288e0000 - 0x00007fff28abd000 	C:\WINDOWS\system32\KERNELBASE.dll
0x00007fff2b7f0000 - 0x00007fff2b896000 	C:\WINDOWS\system32\ADVAPI32.dll
0x00007fff2bc00000 - 0x00007fff2bc9d000 	C:\WINDOWS\system32\msvcrt.dll
0x00007fff2bd00000 - 0x00007fff2bd5b000 	C:\WINDOWS\system32\sechost.dll
0x00007fff2b280000 - 0x00007fff2b3a6000 	C:\WINDOWS\system32\RPCRT4.dll
0x00007fff2ac10000 - 0x00007fff2ad5e000 	C:\WINDOWS\system32\USER32.dll
0x00007fff2af90000 - 0x00007fff2b116000 	C:\WINDOWS\system32\GDI32.dll
0x00007fff22f00000 - 0x00007fff23174000 	C:\WINDOWS\WinSxS\amd64_microsoft.windows.common-controls_6595b64144ccf1df_6.0.10240.16384_none_f41f7b285750ef43\COMCTL32.dll
0x00007fff2bcc0000 - 0x00007fff2bcf6000 	C:\WINDOWS\system32\IMM32.DLL
0x00007fff2b120000 - 0x00007fff2b27c000 	C:\WINDOWS\system32\MSCTF.dll
0x00007fff25c40000 - 0x00007fff25c71000 	C:\WINDOWS\system32\nvinitx.dll
0x00007fff25b30000 - 0x00007fff25b3a000 	C:\WINDOWS\SYSTEM32\VERSION.dll
0x00007fff25950000 - 0x00007fff25a78000 	C:\WINDOWS\system32\NV\igdumd64.dll
0x00007fff2ad60000 - 0x00007fff2af25000 	C:\WINDOWS\system32\SETUPAPI.dll
0x00007fff28d50000 - 0x00007fff28d94000 	C:\WINDOWS\system32\CFGMGR32.dll
0x00007fff234a0000 - 0x00007fff235c8000 	C:\WINDOWS\system32\NV\igd10umd64.dll
0x0000000060fb0000 - 0x0000000061082000 	C:\Program Files\Java\jdk1.8.0_51\jre\bin\msvcr100.dll
0x0000000061400000 - 0x0000000061c83000 	C:\Program Files\Java\jdk1.8.0_51\jre\bin\server\jvm.dll
0x00007fff2b910000 - 0x00007fff2b918000 	C:\WINDOWS\system32\PSAPI.DLL
0x00007fff1a730000 - 0x00007fff1a739000 	C:\WINDOWS\SYSTEM32\WSOCK32.dll
0x00007fff2b770000 - 0x00007fff2b7d9000 	C:\WINDOWS\system32\WS2_32.dll
0x00007fff2b900000 - 0x00007fff2b908000 	C:\WINDOWS\system32\NSI.dll
0x00007fff265d0000 - 0x00007fff265f3000 	C:\WINDOWS\SYSTEM32\WINMM.dll
0x00007fff265a0000 - 0x00007fff265cc000 	C:\WINDOWS\SYSTEM32\WINMMBASE.dll
0x00007fff27100000 - 0x00007fff27127000 	C:\WINDOWS\SYSTEM32\DEVOBJ.dll
0x0000000062160000 - 0x000000006216f000 	C:\Program Files\Java\jdk1.8.0_51\jre\bin\verify.dll
0x00000000613d0000 - 0x00000000613f9000 	C:\Program Files\Java\jdk1.8.0_51\jre\bin\java.dll
0x00000000613b0000 - 0x00000000613c6000 	C:\Program Files\Java\jdk1.8.0_51\jre\bin\zip.dll
0x00007fff295c0000 - 0x00007fff2aae2000 	C:\WINDOWS\system32\SHELL32.dll
0x00007fff28e00000 - 0x00007fff29428000 	C:\WINDOWS\system32\windows.storage.dll
0x00007fff2b920000 - 0x00007fff2bb9c000 	C:\WINDOWS\system32\combase.dll
0x00007fff2af30000 - 0x00007fff2af81000 	C:\WINDOWS\system32\shlwapi.dll
0x00007fff287b0000 - 0x00007fff287bf000 	C:\WINDOWS\system32\kernel.appcore.dll
0x00007fff28ac0000 - 0x00007fff28b73000 	C:\WINDOWS\system32\shcore.dll
0x00007fff287c0000 - 0x00007fff2880a000 	C:\WINDOWS\system32\powrprof.dll
0x00007fff28810000 - 0x00007fff28823000 	C:\WINDOWS\system32\profapi.dll
0x00007fff0ead0000 - 0x00007fff0ec5a000 	C:\WINDOWS\SYSTEM32\dbghelp.dll

VM Arguments:
jvm_args: -Djava.awt.headless=true -Xmx1024M -Dfile.encoding=windows-1252 -Duser.country=FR -Duser.language=fr -Duser.variant 
java_command: com.android.dx.command.Main --dex --num-threads=4 --output C:\Users\Quentin\AndroidStudioProjects\GestionnairedeSporz\app\build\intermediates\pre-dexed\debug\debug_ef84890c846d58d097dd939c727589a03fd8a1b5.jar C:\Users\Quentin\AndroidStudioProjects\GestionnairedeSporz\app\build\intermediates\classes\debug
java_class_path (initial): C:\Users\Quentin\AppData\Local\Android\sdk\build-tools\23.0.2\lib\dx.jar
Launcher Type: SUN_STANDARD

Environment Variables:
PATH=C:\ProgramData\Oracle\Java\javapath;C:\Program Files\Broadcom\Broadcom 802.11 Network Adapter\Driver;;C:\WINDOWS\system32;C:\WINDOWS;C:\WINDOWS\System32\Wbem;C:\WINDOWS\System32\WindowsPowerShell\v1.0\;C:\Program Files (x86)\Intel\OpenCL SDK\2.0\bin\x86;C:\Program Files (x86)\Intel\OpenCL SDK\2.0\bin\x64;C:\Program Files (x86)\NVIDIA Corporation\PhysX\Common;C:\Program Files\MiKTeX 2.9\miktex\bin\x64\;C:\WINDOWS\system32\config\systemprofile\.dnx\bin;C:\Program Files\Microsoft DNX\Dnvm\;C:\Program Files (x86)\Skype\Phone\
USERNAME=Quentin
OS=Windows_NT
PROCESSOR_IDENTIFIER=Intel64 Family 6 Model 42 Stepping 7, GenuineIntel



---------------  S Y S T E M  ---------------

OS: Windows 10.0 , 64 bit Build 10240 (10.0.10240.16384)

CPU:total 4 (2 cores per cpu, 2 threads per core) family 6 model 42 stepping 7, cmov, cx8, fxsr, mmx, sse, sse2, sse3, ssse3, sse4.1, sse4.2, popcnt, avx, clmul, ht, tsc, tscinvbit

Memory: 4k page, physical 5154956k(1270084k free), swap 7252108k(1240k free)

vm_info: Java HotSpot(TM) 64-Bit Server VM (25.51-b03) for windows-amd64 JRE (1.8.0_51-b16), built on Jun  8 2015 18:03:07 by "java_re" with MS VC++ 10.0 (VS2010)

time: Wed Dec 30 09:45:13 2015
elapsed time: 1 seconds (0d 0h 0m 1s)

