#
# There is insufficient memory for the Java Runtime Environment to continue.
# Native memory allocation (malloc) failed to allocate 1140752 bytes for Chunk::new
# Possible reasons:
#   The system is out of physical RAM or swap space
#   In 32 bit mode, the process size limit was hit
# Possible solutions:
#   Reduce memory load on the system
#   Increase physical memory or swap space
#   Check if swap backing store is full
#   Use 64 bit Java on a 64 bit OS
#   Decrease Java heap size (-Xmx/-Xms)
#   Decrease number of Java threads
#   Decrease Java thread stack sizes (-Xss)
#   Set larger code cache with -XX:ReservedCodeCacheSize=
# This output file may be truncated or incomplete.
#
#  Out of Memory Error (allocation.cpp:390), pid=5276, tid=4200
#
# JRE version: Java(TM) SE Runtime Environment (8.0_51-b16) (build 1.8.0_51-b16)
# Java VM: Java HotSpot(TM) 64-Bit Server VM (25.51-b03 mixed mode windows-amd64 compressed oops)
# Failed to write core dump. Minidumps are not enabled by default on client versions of Windows
#

---------------  T H R E A D  ---------------

Current thread (0x00000000149ea800):  JavaThread "C2 CompilerThread0" daemon [_thread_in_native, id=4200, stack(0x0000000015f40000,0x0000000016040000)]

Stack: [0x0000000015f40000,0x0000000016040000]
Native frames: (J=compiled Java code, j=interpreted, Vv=VM code, C=native code)
V  [jvm.dll+0x32b4ca]
V  [jvm.dll+0x2797e3]
V  [jvm.dll+0x27a479]
V  [jvm.dll+0x271765]
V  [jvm.dll+0xcba02]
V  [jvm.dll+0xcbecc]
V  [jvm.dll+0x4643d2]
V  [jvm.dll+0x4db655]
V  [jvm.dll+0x4dc257]
V  [jvm.dll+0x46a5e1]
V  [jvm.dll+0x46cde2]
V  [jvm.dll+0x4501a2]
V  [jvm.dll+0xa43a2]
V  [jvm.dll+0xa4cdf]
V  [jvm.dll+0x2418a4]
V  [jvm.dll+0x29846a]
C  [msvcr100.dll+0x21d9f]
C  [msvcr100.dll+0x21e3b]
C  [KERNEL32.DLL+0x12d92]
C  [ntdll.dll+0x9f64]


Current CompileTask:
C2:   3172 1358   !   4       com.android.dx.cf.code.BytecodeArray::parseInstruction (2764 bytes)


---------------  P R O C E S S  ---------------

Java Threads: ( => current thread )
  0x00000000164c1800 JavaThread "pool-1-thread-4" [_thread_blocked, id=1212, stack(0x0000000016c40000,0x0000000016d40000)]
  0x00000000164c0000 JavaThread "pool-1-thread-3" [_thread_in_Java, id=6372, stack(0x0000000016b40000,0x0000000016c40000)]
  0x00000000164bf800 JavaThread "pool-1-thread-2" [_thread_blocked, id=4004, stack(0x0000000016a40000,0x0000000016b40000)]
  0x00000000164bc000 JavaThread "pool-2-thread-1" [_thread_blocked, id=7668, stack(0x0000000016940000,0x0000000016a40000)]
  0x00000000164bb800 JavaThread "pool-1-thread-1" [_thread_blocked, id=1500, stack(0x0000000016840000,0x0000000016940000)]
  0x0000000016243800 JavaThread "Service Thread" daemon [_thread_blocked, id=4912, stack(0x0000000016640000,0x0000000016740000)]
  0x0000000014a49800 JavaThread "C1 CompilerThread2" daemon [_thread_in_native, id=6868, stack(0x0000000016140000,0x0000000016240000)]
  0x00000000149f0800 JavaThread "C2 CompilerThread1" daemon [_thread_in_native, id=6300, stack(0x0000000016040000,0x0000000016140000)]
=>0x00000000149ea800 JavaThread "C2 CompilerThread0" daemon [_thread_in_native, id=4200, stack(0x0000000015f40000,0x0000000016040000)]
  0x00000000149e9800 JavaThread "Attach Listener" daemon [_thread_blocked, id=3604, stack(0x0000000015e40000,0x0000000015f40000)]
  0x00000000149e8000 JavaThread "Signal Dispatcher" daemon [_thread_blocked, id=6344, stack(0x0000000015d40000,0x0000000015e40000)]
  0x0000000002311800 JavaThread "Finalizer" daemon [_thread_blocked, id=1648, stack(0x0000000015c40000,0x0000000015d40000)]
  0x000000000230e000 JavaThread "Reference Handler" daemon [_thread_blocked, id=6608, stack(0x0000000015b40000,0x0000000015c40000)]
  0x0000000002220800 JavaThread "main" [_thread_in_Java, id=3028, stack(0x0000000002120000,0x0000000002220000)]

Other Threads:
  0x00000000149b7800 VMThread [stack: 0x0000000015a40000,0x0000000015b40000] [id=5908]
  0x0000000016244000 WatcherThread [stack: 0x0000000016740000,0x0000000016840000] [id=6944]

VM state:not at safepoint (normal execution)

VM Mutex/Monitor currently owned by a thread: None

Heap:
 PSYoungGen      total 24064K, used 18518K [0x00000000eab00000, 0x00000000ec580000, 0x0000000100000000)
  eden space 20992K, 73% used [0x00000000eab00000,0x00000000eba16fc0,0x00000000ebf80000)
  from space 3072K, 99% used [0x00000000ebf80000,0x00000000ec27e970,0x00000000ec280000)
  to   space 3072K, 0% used [0x00000000ec280000,0x00000000ec280000,0x00000000ec580000)
 ParOldGen       total 54784K, used 1045K [0x00000000c0000000, 0x00000000c3580000, 0x00000000eab00000)
  object space 54784K, 1% used [0x00000000c0000000,0x00000000c0105590,0x00000000c3580000)
 Metaspace       used 6091K, capacity 7024K, committed 7296K, reserved 1056768K
  class space    used 592K, capacity 616K, committed 640K, reserved 1048576K

Card table byte_map: [0x00000000116e0000,0x00000000118f0000] byte_map_base: 0x00000000110e0000

Marking Bits: (ParMarkBitMap*) 0x0000000061ce4040
 Begin Bits: [0x0000000011e50000, 0x0000000012e50000)
 End Bits:   [0x0000000012e50000, 0x0000000013e50000)

Polling page: 0x0000000000970000

CodeCache: size=245760Kb used=5873Kb max_used=5873Kb free=239886Kb
 bounds [0x0000000002320000, 0x00000000028f0000, 0x0000000011320000]
 total_blobs=1680 nmethods=1411 adapters=182
 compilation: enabled

Compilation events (10 events):
Event: 3.122 Thread 0x0000000014a49800 1395       3       java.util.EnumSet::getUniverse (10 bytes)
Event: 3.123 Thread 0x0000000014a49800 nmethod 1395 0x00000000028b5cd0 code [0x00000000028b5e60, 0x00000000028b6248]
Event: 3.123 Thread 0x0000000014a49800 1396       3       java.util.RegularEnumSet::<init> (12 bytes)
Event: 3.123 Thread 0x0000000014a49800 nmethod 1396 0x00000000028b63d0 code [0x00000000028b6540, 0x00000000028b6850]
Event: 3.123 Thread 0x0000000014a49800 1397       3       java.util.RegularEnumSet::addAll (23 bytes)
Event: 3.123 Thread 0x0000000014a49800 nmethod 1397 0x00000000028b69d0 code [0x00000000028b6b20, 0x00000000028b6cd0]
Event: 3.124 Thread 0x0000000014a49800 1398       3       com.android.dx.ssa.Optimizer::runSsaFormSteps (117 bytes)
Event: 3.126 Thread 0x0000000014a49800 nmethod 1398 0x00000000028b6d90 code [0x00000000028b7140, 0x00000000028b8ad8]
Event: 3.126 Thread 0x0000000014a49800 1399       3       com.android.dx.ssa.MoveParamCombiner$1::<init> (20 bytes)
Event: 3.127 Thread 0x0000000014a49800 nmethod 1399 0x00000000028b97d0 code [0x00000000028b9920, 0x00000000028b9b10]

GC Heap History (2 events):
Event: 2.122 GC heap before
{Heap before GC invocations=1 (full 0):
 PSYoungGen      total 24064K, used 20992K [0x00000000eab00000, 0x00000000ec580000, 0x0000000100000000)
  eden space 20992K, 100% used [0x00000000eab00000,0x00000000ebf80000,0x00000000ebf80000)
  from space 3072K, 0% used [0x00000000ec280000,0x00000000ec280000,0x00000000ec580000)
  to   space 3072K, 0% used [0x00000000ebf80000,0x00000000ebf80000,0x00000000ec280000)
 ParOldGen       total 54784K, used 0K [0x00000000c0000000, 0x00000000c3580000, 0x00000000eab00000)
  object space 54784K, 0% used [0x00000000c0000000,0x00000000c0000000,0x00000000c3580000)
 Metaspace       used 5792K, capacity 6768K, committed 7040K, reserved 1056768K
  class space    used 591K, capacity 616K, committed 640K, reserved 1048576K
Event: 2.156 GC heap after
Heap after GC invocations=1 (full 0):
 PSYoungGen      total 24064K, used 3066K [0x00000000eab00000, 0x00000000ec580000, 0x0000000100000000)
  eden space 20992K, 0% used [0x00000000eab00000,0x00000000eab00000,0x00000000ebf80000)
  from space 3072K, 99% used [0x00000000ebf80000,0x00000000ec27e970,0x00000000ec280000)
  to   space 3072K, 0% used [0x00000000ec280000,0x00000000ec280000,0x00000000ec580000)
 ParOldGen       total 54784K, used 1045K [0x00000000c0000000, 0x00000000c3580000, 0x00000000eab00000)
  object space 54784K, 1% used [0x00000000c0000000,0x00000000c0105590,0x00000000c3580000)
 Metaspace       used 5792K, capacity 6768K, committed 7040K, reserved 1056768K
  class space    used 591K, capacity 616K, committed 640K, reserved 1048576K
}

Deoptimization events (4 events):
Event: 0.804 Thread 0x0000000002220800 Uncommon trap: reason=unstable_if action=reinterpret pc=0x000000000247b7d0 method=java.lang.String.indexOf(II)I @ 49
Event: 2.582 Thread 0x00000000164c0000 Uncommon trap: reason=null_check action=make_not_entrant pc=0x0000000002683ba8 method=com.android.dx.ssa.SsaRenamer.getLocalForNewReg(I)Lcom/android/dx/rop/code/LocalItem; @ 19
Event: 2.616 Thread 0x00000000164c0000 Uncommon trap: reason=unstable_if action=reinterpret pc=0x000000000272482c method=com.android.dx.rop.code.RegisterSpecSet.put(Lcom/android/dx/rop/code/RegisterSpec;)V @ 77
Event: 2.616 Thread 0x00000000164c0000 Uncommon trap: reason=unstable_if action=reinterpret pc=0x00000000027400e8 method=com.android.dx.rop.code.RegisterSpecSet.put(Lcom/android/dx/rop/code/RegisterSpec;)V @ 77

Internal exceptions (3 events):
Event: 0.080 Thread 0x0000000002220800 Exception <a 'java/lang/NoSuchMethodError': Method sun.misc.Unsafe.defineClass(Ljava/lang/String;[BII)Ljava/lang/Class; name or signature does not match> (0x00000000eab0d5b0) thrown at [C:\re\workspace\8-2-build-windows-amd64-cygwin\jdk8u51\3951\hotspot\srž'¹s™œ´?
Event: 0.081 Thread 0x0000000002220800 Exception <a 'java/lang/NoSuchMethodError': Method sun.misc.Unsafe.prefetchRead(Ljava/lang/Object;J)V name or signature does not match> (0x00000000eab0d840) thrown at [C:\re\workspace\8-2-build-windows-amd64-cygwin\jdk8u51\3951\hotspot\src\share\vm\prims\j&Ä%ž¨@
Event: 2.582 Thread 0x00000000164c0000 Implicit null exception at 0x0000000002680d5d to 0x0000000002683b65

Events (10 events):
Event: 2.582 Thread 0x00000000164c0000 DEOPT PACKING pc=0x0000000002683ba8 sp=0x0000000016c3e950
Event: 2.582 Thread 0x00000000164c0000 DEOPT UNPACKING pc=0x000000000236582a sp=0x0000000016c3e7a8 mode 2
Event: 2.616 Thread 0x00000000164c0000 Uncommon trap: trap_request=0xffffff65 fr.pc=0x000000000272482c
Event: 2.616 Thread 0x00000000164c0000 DEOPT PACKING pc=0x000000000272482c sp=0x0000000016c3ea90
Event: 2.616 Thread 0x00000000164c0000 DEOPT UNPACKING pc=0x000000000236582a sp=0x0000000016c3ea18 mode 2
Event: 2.616 Thread 0x00000000164c0000 Uncommon trap: trap_request=0xffffff65 fr.pc=0x00000000027400e8
Event: 2.616 Thread 0x00000000164c0000 DEOPT PACKING pc=0x00000000027400e8 sp=0x0000000016c3ea80
Event: 2.616 Thread 0x00000000164c0000 DEOPT UNPACKING pc=0x000000000236582a sp=0x0000000016c3e9a0 mode 2
Event: 2.658 loading class com/android/dx/dex/file/FieldAnnotationStruct
Event: 2.658 loading class com/android/dx/dex/file/FieldAnnotationStruct done


Dynamic libraries:
0x00007ff6a43e0000 - 0x00007ff6a4417000 	C:\Program Files\Java\jdk1.8.0_51\bin\java.exe
0x00007fff2bd60000 - 0x00007fff2bf21000 	C:\WINDOWS\SYSTEM32\ntdll.dll
0x00007fff2aaf0000 - 0x00007fff2ab9d000 	C:\WINDOWS\system32\KERNEL32.DLL
0x00007fff288e0000 - 0x00007fff28abd000 	C:\WINDOWS\system32\KERNELBASE.dll
0x00007fff2b7f0000 - 0x00007fff2b896000 	C:\WINDOWS\system32\ADVAPI32.dll
0x00007fff2bc00000 - 0x00007fff2bc9d000 	C:\WINDOWS\system32\msvcrt.dll
0x00007fff2bd00000 - 0x00007fff2bd5b000 	C:\WINDOWS\system32\sechost.dll
0x00007fff2b280000 - 0x00007fff2b3a6000 	C:\WINDOWS\system32\RPCRT4.dll
0x00007fff2ac10000 - 0x00007fff2ad5e000 	C:\WINDOWS\system32\USER32.dll
0x00007fff2af90000 - 0x00007fff2b116000 	C:\WINDOWS\system32\GDI32.dll
0x00007fff22f00000 - 0x00007fff23174000 	C:\WINDOWS\WinSxS\amd64_microsoft.windows.common-controls_6595b64144ccf1df_6.0.10240.16384_none_f41f7b285750ef43\COMCTL32.dll
0x00007fff2bcc0000 - 0x00007fff2bcf6000 	C:\WINDOWS\system32\IMM32.DLL
0x00007fff2b120000 - 0x00007fff2b27c000 	C:\WINDOWS\system32\MSCTF.dll
0x00007fff25c40000 - 0x00007fff25c71000 	C:\WINDOWS\system32\nvinitx.dll
0x00007fff25b30000 - 0x00007fff25b3a000 	C:\WINDOWS\SYSTEM32\VERSION.dll
0x00007fff25950000 - 0x00007fff25a78000 	C:\WINDOWS\system32\NV\igdumd64.dll
0x00007fff2ad60000 - 0x00007fff2af25000 	C:\WINDOWS\system32\SETUPAPI.dll
0x00007fff28d50000 - 0x00007fff28d94000 	C:\WINDOWS\system32\CFGMGR32.dll
0x00007fff233e0000 - 0x00007fff23508000 	C:\WINDOWS\system32\NV\igd10umd64.dll
0x0000000061030000 - 0x0000000061102000 	C:\Program Files\Java\jdk1.8.0_51\jre\bin\msvcr100.dll
0x00000000614e0000 - 0x0000000061d63000 	C:\Program Files\Java\jdk1.8.0_51\jre\bin\server\jvm.dll
0x00007fff2b910000 - 0x00007fff2b918000 	C:\WINDOWS\system32\PSAPI.DLL
0x00007fff26cc0000 - 0x00007fff26cc9000 	C:\WINDOWS\SYSTEM32\WSOCK32.dll
0x00007fff2b770000 - 0x00007fff2b7d9000 	C:\WINDOWS\system32\WS2_32.dll
0x00007fff2b900000 - 0x00007fff2b908000 	C:\WINDOWS\system32\NSI.dll
0x00007fff265d0000 - 0x00007fff265f3000 	C:\WINDOWS\SYSTEM32\WINMM.dll
0x00007fff265a0000 - 0x00007fff265cc000 	C:\WINDOWS\SYSTEM32\WINMMBASE.dll
0x00007fff27100000 - 0x00007fff27127000 	C:\WINDOWS\SYSTEM32\DEVOBJ.dll
0x0000000062220000 - 0x000000006222f000 	C:\Program Files\Java\jdk1.8.0_51\jre\bin\verify.dll
0x00000000621f0000 - 0x0000000062219000 	C:\Program Files\Java\jdk1.8.0_51\jre\bin\java.dll
0x00000000621d0000 - 0x00000000621e6000 	C:\Program Files\Java\jdk1.8.0_51\jre\bin\zip.dll
0x00007fff295c0000 - 0x00007fff2aae2000 	C:\WINDOWS\system32\SHELL32.dll
0x00007fff28e00000 - 0x00007fff29428000 	C:\WINDOWS\system32\windows.storage.dll
0x00007fff2b920000 - 0x00007fff2bb9c000 	C:\WINDOWS\system32\combase.dll
0x00007fff2af30000 - 0x00007fff2af81000 	C:\WINDOWS\system32\shlwapi.dll
0x00007fff287b0000 - 0x00007fff287bf000 	C:\WINDOWS\system32\kernel.appcore.dll
0x00007fff28ac0000 - 0x00007fff28b73000 	C:\WINDOWS\system32\shcore.dll
0x00007fff287c0000 - 0x00007fff2880a000 	C:\WINDOWS\system32\powrprof.dll
0x00007fff28810000 - 0x00007fff28823000 	C:\WINDOWS\system32\profapi.dll
0x00007fff0ead0000 - 0x00007fff0ec5a000 	C:\WINDOWS\SYSTEM32\dbghelp.dll

VM Arguments:
jvm_args: -Djava.awt.headless=true -Xmx1024M -Dfile.encoding=windows-1252 -Duser.country=FR -Duser.language=fr -Duser.variant 
java_command: com.android.dx.command.Main --dex --num-threads=4 --output C:\Users\Quentin\AndroidStudioProjects\GestionnairedeSporz\app\build\intermediates\pre-dexed\debug\com.android.support-appcompat-v7-22.2.1_fea7bedab65b1ae347f3860d7587fae3189003f1.jar C:\Users\Quentin\AndroidStudioProjects\GestionnairedeSporz\app\build\intermediates\exploded-aar\com.android.support\appcompat-v7\22.2.1\jars\classes.jar
java_class_path (initial): C:\Users\Quentin\AppData\Local\Android\sdk\build-tools\23.0.2\lib\dx.jar
Launcher Type: SUN_STANDARD

Environment Variables:
PATH=C:\ProgramData\Oracle\Java\javapath;C:\Program Files\Broadcom\Broadcom 802.11 Network Adapter\Driver;;C:\WINDOWS\system32;C:\WINDOWS;C:\WINDOWS\System32\Wbem;C:\WINDOWS\System32\WindowsPowerShell\v1.0\;C:\Program Files (x86)\Intel\OpenCL SDK\2.0\bin\x86;C:\Program Files (x86)\Intel\OpenCL SDK\2.0\bin\x64;C:\Program Files (x86)\NVIDIA Corporation\PhysX\Common;C:\Program Files\MiKTeX 2.9\miktex\bin\x64\;C:\WINDOWS\system32\config\systemprofile\.dnx\bin;C:\Program Files\Microsoft DNX\Dnvm\;C:\Program Files (x86)\Skype\Phone\
USERNAME=Quentin
OS=Windows_NT
PROCESSOR_IDENTIFIER=Intel64 Family 6 Model 42 Stepping 7, GenuineIntel



---------------  S Y S T E M  ---------------

OS: Windows 10.0 , 64 bit Build 10240 (10.0.10240.16384)

CPU:total 4 (2 cores per cpu, 2 threads per core) family 6 model 42 stepping 7, cmov, cx8, fxsr, mmx, sse, sse2, sse3, ssse3, sse4.1, sse4.2, popcnt, avx, clmul, ht, tsc, tscinvbit

Memory: 4k page, physical 5154956k(778284k free), swap 7252108k(5628k free)

vm_info: Java HotSpot(TM) 64-Bit Server VM (25.51-b03) for windows-amd64 JRE (1.8.0_51-b16), built on Jun  8 2015 18:03:07 by "java_re" with MS VC++ 10.0 (VS2010)

time: Mon Dec 28 21:47:34 2015
elapsed time: 3 seconds (0d 0h 0m 3s)

