#
# There is insufficient memory for the Java Runtime Environment to continue.
# Native memory allocation (malloc) failed to allocate 630736 bytes for Chunk::new
# Possible reasons:
#   The system is out of physical RAM or swap space
#   In 32 bit mode, the process size limit was hit
# Possible solutions:
#   Reduce memory load on the system
#   Increase physical memory or swap space
#   Check if swap backing store is full
#   Use 64 bit Java on a 64 bit OS
#   Decrease Java heap size (-Xmx/-Xms)
#   Decrease number of Java threads
#   Decrease Java thread stack sizes (-Xss)
#   Set larger code cache with -XX:ReservedCodeCacheSize=
# This output file may be truncated or incomplete.
#
#  Out of Memory Error (allocation.cpp:390), pid=8988, tid=4312
#
# JRE version: Java(TM) SE Runtime Environment (8.0_51-b16) (build 1.8.0_51-b16)
# Java VM: Java HotSpot(TM) 64-Bit Server VM (25.51-b03 mixed mode windows-amd64 compressed oops)
# Failed to write core dump. Minidumps are not enabled by default on client versions of Windows
#

---------------  T H R E A D  ---------------

Current thread (0x0000000014b19000):  JavaThread "C2 CompilerThread0" daemon [_thread_in_native, id=4312, stack(0x0000000016070000,0x0000000016170000)]

Stack: [0x0000000016070000,0x0000000016170000]
Native frames: (J=compiled Java code, j=interpreted, Vv=VM code, C=native code)
V  [jvm.dll+0x32b4ca]
V  [jvm.dll+0x2797e3]
V  [jvm.dll+0x27a479]
V  [jvm.dll+0x271765]
V  [jvm.dll+0xcba02]
V  [jvm.dll+0xcbecc]
V  [jvm.dll+0x476f72]
V  [jvm.dll+0x4b95ff]
V  [jvm.dll+0x46bca4]
V  [jvm.dll+0x46cd4e]
V  [jvm.dll+0x4501a2]
V  [jvm.dll+0xa43a2]
V  [jvm.dll+0xa4cdf]
V  [jvm.dll+0x2418a4]
V  [jvm.dll+0x29846a]
C  [msvcr100.dll+0x21d9f]
C  [msvcr100.dll+0x21e3b]
C  [KERNEL32.DLL+0x12d92]
C  [ntdll.dll+0x9f64]


Current CompileTask:
C2:   3854 1246       4       com.android.dx.ssa.SCCP::simulateStmt (481 bytes)


---------------  P R O C E S S  ---------------

Java Threads: ( => current thread )
  0x000000001655a000 JavaThread "pool-1-thread-4" [_thread_in_Java, id=7432, stack(0x0000000017570000,0x0000000017670000)]
  0x0000000016559800 JavaThread "pool-1-thread-3" [_thread_in_Java, id=5776, stack(0x0000000017470000,0x0000000017570000)]
  0x00000000164c0000 JavaThread "pool-1-thread-2" [_thread_in_Java, id=6480, stack(0x0000000017370000,0x0000000017470000)]
  0x00000000164bc000 JavaThread "pool-2-thread-1" [_thread_blocked, id=8332, stack(0x0000000017270000,0x0000000017370000)]
  0x00000000164bb800 JavaThread "pool-1-thread-1" [_thread_in_Java, id=8600, stack(0x0000000017170000,0x0000000017270000)]
  0x000000001627b000 JavaThread "Service Thread" daemon [_thread_blocked, id=6956, stack(0x0000000016770000,0x0000000016870000)]
  0x0000000016278800 JavaThread "C1 CompilerThread2" daemon [_thread_in_vm, id=668, stack(0x0000000016670000,0x0000000016770000)]
  0x0000000014b21000 JavaThread "C2 CompilerThread1" daemon [_thread_in_native, id=5804, stack(0x0000000016170000,0x0000000016270000)]
=>0x0000000014b19000 JavaThread "C2 CompilerThread0" daemon [_thread_in_native, id=4312, stack(0x0000000016070000,0x0000000016170000)]
  0x0000000014b18000 JavaThread "Attach Listener" daemon [_thread_blocked, id=1496, stack(0x0000000015f70000,0x0000000016070000)]
  0x0000000014b16800 JavaThread "Signal Dispatcher" daemon [_thread_blocked, id=4852, stack(0x0000000015e70000,0x0000000015f70000)]
  0x0000000002442800 JavaThread "Finalizer" daemon [_thread_blocked, id=8540, stack(0x0000000015d70000,0x0000000015e70000)]
  0x000000000243f800 JavaThread "Reference Handler" daemon [_thread_blocked, id=5640, stack(0x0000000015c70000,0x0000000015d70000)]
  0x0000000002350800 JavaThread "main" [_thread_in_vm, id=4324, stack(0x0000000002250000,0x0000000002350000)]

Other Threads:
  0x0000000014ae6800 VMThread [stack: 0x0000000015b70000,0x0000000015c70000] [id=3360]
  0x000000001627c000 WatcherThread [stack: 0x0000000016870000,0x0000000016970000] [id=6056]

VM state:not at safepoint (normal execution)

VM Mutex/Monitor currently owned by a thread: None

Heap:
 PSYoungGen      total 24064K, used 14045K [0x00000000eab00000, 0x00000000ec580000, 0x0000000100000000)
  eden space 20992K, 52% used [0x00000000eab00000,0x00000000eb5bda20,0x00000000ebf80000)
  from space 3072K, 99% used [0x00000000ebf80000,0x00000000ec279c68,0x00000000ec280000)
  to   space 3072K, 0% used [0x00000000ec280000,0x00000000ec280000,0x00000000ec580000)
 ParOldGen       total 54784K, used 995K [0x00000000c0000000, 0x00000000c3580000, 0x00000000eab00000)
  object space 54784K, 1% used [0x00000000c0000000,0x00000000c00f8c70,0x00000000c3580000)
 Metaspace       used 5914K, capacity 6896K, committed 7040K, reserved 1056768K
  class space    used 585K, capacity 616K, committed 640K, reserved 1048576K

Card table byte_map: [0x0000000011810000,0x0000000011a20000] byte_map_base: 0x0000000011210000

Marking Bits: (ParMarkBitMap*) 0x0000000061ce4040
 Begin Bits: [0x0000000011f80000, 0x0000000012f80000)
 End Bits:   [0x0000000012f80000, 0x0000000013f80000)

Polling page: 0x00000000020f0000

CodeCache: size=245760Kb used=4946Kb max_used=4946Kb free=240813Kb
 bounds [0x0000000002450000, 0x0000000002930000, 0x0000000011450000]
 total_blobs=1521 nmethods=1252 adapters=182
 compilation: enabled

Compilation events (10 events):
Event: 3.782 Thread 0x0000000016278800 nmethod 1244 0x0000000002921ed0 code [0x0000000002922140, 0x0000000002923268]
Event: 3.782 Thread 0x0000000014b19000 1246       4       com.android.dx.ssa.SCCP::simulateStmt (481 bytes)
Event: 3.783 Thread 0x0000000014b21000 nmethod 1245 0x0000000002909450 code [0x00000000029095a0, 0x0000000002909698]
Event: 3.783 Thread 0x0000000014b21000 1247       4       java.util.Collections$UnmodifiableCollection::iterator (9 bytes)
Event: 3.789 Thread 0x0000000014b21000 nmethod 1247 0x0000000002923b50 code [0x0000000002923cc0, 0x0000000002923f78]
Event: 3.790 Thread 0x0000000016278800 1248       3       com.android.dx.ssa.PhiTypeResolver::run (179 bytes)
Event: 3.792 Thread 0x0000000016278800 nmethod 1248 0x0000000002924250 code [0x00000000029244e0, 0x0000000002925688]
Event: 3.792 Thread 0x0000000016278800 1249       3       com.android.dx.ssa.back.InterferenceGraph::<init> (42 bytes)
Event: 3.792 Thread 0x0000000014b21000 1250       4       com.android.dx.ssa.back.LivenessAnalyzer::run (231 bytes)
Event: 3.794 Thread 0x0000000016278800 nmethod 1249 0x000000000290ea10 code [0x000000000290ec20, 0x000000000290f6e8]

GC Heap History (2 events):
Event: 2.466 GC heap before
{Heap before GC invocations=1 (full 0):
 PSYoungGen      total 24064K, used 20992K [0x00000000eab00000, 0x00000000ec580000, 0x0000000100000000)
  eden space 20992K, 100% used [0x00000000eab00000,0x00000000ebf80000,0x00000000ebf80000)
  from space 3072K, 0% used [0x00000000ec280000,0x00000000ec280000,0x00000000ec580000)
  to   space 3072K, 0% used [0x00000000ebf80000,0x00000000ebf80000,0x00000000ec280000)
 ParOldGen       total 54784K, used 0K [0x00000000c0000000, 0x00000000c3580000, 0x00000000eab00000)
  object space 54784K, 0% used [0x00000000c0000000,0x00000000c0000000,0x00000000c3580000)
 Metaspace       used 5719K, capacity 6704K, committed 6784K, reserved 1056768K
  class space    used 584K, capacity 616K, committed 640K, reserved 1048576K
Event: 2.856 GC heap after
Heap after GC invocations=1 (full 0):
 PSYoungGen      total 24064K, used 3047K [0x00000000eab00000, 0x00000000ec580000, 0x0000000100000000)
  eden space 20992K, 0% used [0x00000000eab00000,0x00000000eab00000,0x00000000ebf80000)
  from space 3072K, 99% used [0x00000000ebf80000,0x00000000ec279c68,0x00000000ec280000)
  to   space 3072K, 0% used [0x00000000ec280000,0x00000000ec280000,0x00000000ec580000)
 ParOldGen       total 54784K, used 995K [0x00000000c0000000, 0x00000000c3580000, 0x00000000eab00000)
  object space 54784K, 1% used [0x00000000c0000000,0x00000000c00f8c70,0x00000000c3580000)
 Metaspace       used 5719K, capacity 6704K, committed 6784K, reserved 1056768K
  class space    used 584K, capacity 616K, committed 640K, reserved 1048576K
}

Deoptimization events (2 events):
Event: 0.648 Thread 0x0000000002350800 Uncommon trap: reason=unstable_if action=reinterpret pc=0x00000000025a3390 method=java.lang.String.indexOf(II)I @ 49
Event: 2.005 Thread 0x0000000002350800 Uncommon trap: reason=class_check action=maybe_recompile pc=0x0000000002682030 method=com.android.dx.ssa.NormalSsaInsn.accept(Lcom/android/dx/ssa/SsaInsn$Visitor;)V @ 9

Internal exceptions (2 events):
Event: 0.114 Thread 0x0000000002350800 Exception <a 'java/lang/NoSuchMethodError': Method sun.misc.Unsafe.defineClass(Ljava/lang/String;[BII)Ljava/lang/Class; name or signature does not match> (0x00000000eab0d428) thrown at [C:\re\workspace\8-2-build-windows-amd64-cygwin\jdk8u51\3951\hotspot\sr‡Üj=½?
Event: 0.114 Thread 0x0000000002350800 Exception <a 'java/lang/NoSuchMethodError': Method sun.misc.Unsafe.prefetchRead(Ljava/lang/Object;J)V name or signature does not match> (0x00000000eab0d6b8) thrown at [C:\re\workspace\8-2-build-windows-amd64-cygwin\jdk8u51\3951\hotspot\src\share\vm\prims\j

Events (10 events):
Event: 2.079 loading class com/android/dx/cf/attrib/AttLocalVariableTypeTable
Event: 2.079 loading class com/android/dx/cf/attrib/AttLocalVariableTypeTable done
Event: 2.081 loading class com/android/dx/dex/file/MethodAnnotationStruct
Event: 2.081 loading class com/android/dx/dex/file/MethodAnnotationStruct done
Event: 2.466 Executing VM operation: ParallelGCFailedAllocation
Event: 2.856 Executing VM operation: ParallelGCFailedAllocation done
Event: 2.867 loading class java/util/TreeMap$EntrySet
Event: 2.867 loading class java/util/TreeMap$EntrySet done
Event: 2.868 loading class java/util/TreeMap$EntryIterator
Event: 2.868 loading class java/util/TreeMap$EntryIterator done


Dynamic libraries:
0x00007ff71d600000 - 0x00007ff71d637000 	C:\Program Files\Java\jdk1.8.0_51\bin\java.exe
0x00007fff2bd60000 - 0x00007fff2bf21000 	C:\WINDOWS\SYSTEM32\ntdll.dll
0x00007fff2aaf0000 - 0x00007fff2ab9d000 	C:\WINDOWS\system32\KERNEL32.DLL
0x00007fff288e0000 - 0x00007fff28abd000 	C:\WINDOWS\system32\KERNELBASE.dll
0x00007fff2b7f0000 - 0x00007fff2b896000 	C:\WINDOWS\system32\ADVAPI32.dll
0x00007fff2bc00000 - 0x00007fff2bc9d000 	C:\WINDOWS\system32\msvcrt.dll
0x00007fff2bd00000 - 0x00007fff2bd5b000 	C:\WINDOWS\system32\sechost.dll
0x00007fff2b280000 - 0x00007fff2b3a6000 	C:\WINDOWS\system32\RPCRT4.dll
0x00007fff2ac10000 - 0x00007fff2ad5e000 	C:\WINDOWS\system32\USER32.dll
0x00007fff2af90000 - 0x00007fff2b116000 	C:\WINDOWS\system32\GDI32.dll
0x00007fff22f00000 - 0x00007fff23174000 	C:\WINDOWS\WinSxS\amd64_microsoft.windows.common-controls_6595b64144ccf1df_6.0.10240.16384_none_f41f7b285750ef43\COMCTL32.dll
0x00007fff2bcc0000 - 0x00007fff2bcf6000 	C:\WINDOWS\system32\IMM32.DLL
0x00007fff2b120000 - 0x00007fff2b27c000 	C:\WINDOWS\system32\MSCTF.dll
0x00007fff25c40000 - 0x00007fff25c71000 	C:\WINDOWS\system32\nvinitx.dll
0x00007fff25b30000 - 0x00007fff25b3a000 	C:\WINDOWS\SYSTEM32\VERSION.dll
0x00007fff25950000 - 0x00007fff25a78000 	C:\WINDOWS\system32\NV\igdumd64.dll
0x00007fff2ad60000 - 0x00007fff2af25000 	C:\WINDOWS\system32\SETUPAPI.dll
0x00007fff28d50000 - 0x00007fff28d94000 	C:\WINDOWS\system32\CFGMGR32.dll
0x00007fff234a0000 - 0x00007fff235c8000 	C:\WINDOWS\system32\NV\igd10umd64.dll
0x0000000061040000 - 0x0000000061112000 	C:\Program Files\Java\jdk1.8.0_51\jre\bin\msvcr100.dll
0x00000000614e0000 - 0x0000000061d63000 	C:\Program Files\Java\jdk1.8.0_51\jre\bin\server\jvm.dll
0x00007fff2b910000 - 0x00007fff2b918000 	C:\WINDOWS\system32\PSAPI.DLL
0x00007fff26950000 - 0x00007fff26959000 	C:\WINDOWS\SYSTEM32\WSOCK32.dll
0x00007fff2b770000 - 0x00007fff2b7d9000 	C:\WINDOWS\system32\WS2_32.dll
0x00007fff2b900000 - 0x00007fff2b908000 	C:\WINDOWS\system32\NSI.dll
0x00007fff265d0000 - 0x00007fff265f3000 	C:\WINDOWS\SYSTEM32\WINMM.dll
0x00007fff265a0000 - 0x00007fff265cc000 	C:\WINDOWS\SYSTEM32\WINMMBASE.dll
0x00007fff27100000 - 0x00007fff27127000 	C:\WINDOWS\SYSTEM32\DEVOBJ.dll
0x0000000062220000 - 0x000000006222f000 	C:\Program Files\Java\jdk1.8.0_51\jre\bin\verify.dll
0x00000000621f0000 - 0x0000000062219000 	C:\Program Files\Java\jdk1.8.0_51\jre\bin\java.dll
0x00000000621d0000 - 0x00000000621e6000 	C:\Program Files\Java\jdk1.8.0_51\jre\bin\zip.dll
0x00007fff295c0000 - 0x00007fff2aae2000 	C:\WINDOWS\system32\SHELL32.dll
0x00007fff28e00000 - 0x00007fff29428000 	C:\WINDOWS\system32\windows.storage.dll
0x00007fff2b920000 - 0x00007fff2bb9c000 	C:\WINDOWS\system32\combase.dll
0x00007fff2af30000 - 0x00007fff2af81000 	C:\WINDOWS\system32\shlwapi.dll
0x00007fff287b0000 - 0x00007fff287bf000 	C:\WINDOWS\system32\kernel.appcore.dll
0x00007fff28ac0000 - 0x00007fff28b73000 	C:\WINDOWS\system32\shcore.dll
0x00007fff287c0000 - 0x00007fff2880a000 	C:\WINDOWS\system32\powrprof.dll
0x00007fff28810000 - 0x00007fff28823000 	C:\WINDOWS\system32\profapi.dll
0x00007fff0ead0000 - 0x00007fff0ec5a000 	C:\WINDOWS\SYSTEM32\dbghelp.dll

VM Arguments:
jvm_args: -Djava.awt.headless=true -Xmx1024M -Dfile.encoding=windows-1252 -Duser.country=FR -Duser.language=fr -Duser.variant 
java_command: com.android.dx.command.Main --dex --num-threads=4 --output C:\Users\Quentin\AndroidStudioProjects\GestionnairedeSporz\app\build\intermediates\pre-dexed\debug\internal_impl-22.2.1_a9564c694648f433f00c4a59dba138a7d4c3f1e8.jar C:\Users\Quentin\AndroidStudioProjects\GestionnairedeSporz\app\build\intermediates\exploded-aar\com.android.support\support-v4\22.2.1\jars\libs\internal_impl-22.2.1.jar
java_class_path (initial): C:\Users\Quentin\AppData\Local\Android\sdk\build-tools\23.0.2\lib\dx.jar
Launcher Type: SUN_STANDARD

Environment Variables:
PATH=C:\ProgramData\Oracle\Java\javapath;C:\Program Files\Broadcom\Broadcom 802.11 Network Adapter\Driver;;C:\WINDOWS\system32;C:\WINDOWS;C:\WINDOWS\System32\Wbem;C:\WINDOWS\System32\WindowsPowerShell\v1.0\;C:\Program Files (x86)\Intel\OpenCL SDK\2.0\bin\x86;C:\Program Files (x86)\Intel\OpenCL SDK\2.0\bin\x64;C:\Program Files (x86)\NVIDIA Corporation\PhysX\Common;C:\Program Files\MiKTeX 2.9\miktex\bin\x64\;C:\WINDOWS\system32\config\systemprofile\.dnx\bin;C:\Program Files\Microsoft DNX\Dnvm\;C:\Program Files (x86)\Skype\Phone\
USERNAME=Quentin
OS=Windows_NT
PROCESSOR_IDENTIFIER=Intel64 Family 6 Model 42 Stepping 7, GenuineIntel



---------------  S Y S T E M  ---------------

OS: Windows 10.0 , 64 bit Build 10240 (10.0.10240.16384)

CPU:total 4 (2 cores per cpu, 2 threads per core) family 6 model 42 stepping 7, cmov, cx8, fxsr, mmx, sse, sse2, sse3, ssse3, sse4.1, sse4.2, popcnt, avx, clmul, ht, tsc, tscinvbit

Memory: 4k page, physical 5154956k(1179784k free), swap 7252108k(4696k free)

vm_info: Java HotSpot(TM) 64-Bit Server VM (25.51-b03) for windows-amd64 JRE (1.8.0_51-b16), built on Jun  8 2015 18:03:07 by "java_re" with MS VC++ 10.0 (VS2010)

time: Wed Dec 30 11:13:01 2015
elapsed time: 3 seconds (0d 0h 0m 3s)

