#
# There is insufficient memory for the Java Runtime Environment to continue.
# Native memory allocation (malloc) failed to allocate 1266416 bytes for Chunk::new
# Possible reasons:
#   The system is out of physical RAM or swap space
#   In 32 bit mode, the process size limit was hit
# Possible solutions:
#   Reduce memory load on the system
#   Increase physical memory or swap space
#   Check if swap backing store is full
#   Use 64 bit Java on a 64 bit OS
#   Decrease Java heap size (-Xmx/-Xms)
#   Decrease number of Java threads
#   Decrease Java thread stack sizes (-Xss)
#   Set larger code cache with -XX:ReservedCodeCacheSize=
# This output file may be truncated or incomplete.
#
#  Out of Memory Error (allocation.cpp:390), pid=3880, tid=7448
#
# JRE version: Java(TM) SE Runtime Environment (8.0_51-b16) (build 1.8.0_51-b16)
# Java VM: Java HotSpot(TM) 64-Bit Server VM (25.51-b03 mixed mode windows-amd64 compressed oops)
# Failed to write core dump. Minidumps are not enabled by default on client versions of Windows
#

---------------  T H R E A D  ---------------

Current thread (0x00000000151b1000):  JavaThread "C2 CompilerThread1" daemon [_thread_in_native, id=7448, stack(0x0000000016810000,0x0000000016910000)]

Stack: [0x0000000016810000,0x0000000016910000]
Native frames: (J=compiled Java code, j=interpreted, Vv=VM code, C=native code)
V  [jvm.dll+0x32b4ca]
V  [jvm.dll+0x2797e3]
V  [jvm.dll+0x27a479]
V  [jvm.dll+0x271765]
V  [jvm.dll+0xcba02]
V  [jvm.dll+0xcbecc]
V  [jvm.dll+0x476f72]
V  [jvm.dll+0x4b95ff]
V  [jvm.dll+0x46b9bf]
V  [jvm.dll+0x46cd4e]
V  [jvm.dll+0x4501a2]
V  [jvm.dll+0xa43a2]
V  [jvm.dll+0xa4cdf]
V  [jvm.dll+0x2418a4]
V  [jvm.dll+0x29846a]
C  [msvcr100.dll+0x21d9f]
C  [msvcr100.dll+0x21e3b]
C  [KERNEL32.DLL+0x12d92]
C  [ntdll.dll+0x9f64]


Current CompileTask:
C2:   1027 1132   !   4       com.android.dx.cf.code.BytecodeArray::parseInstruction (2764 bytes)


---------------  P R O C E S S  ---------------

Java Threads: ( => current thread )
  0x0000000016bb1800 JavaThread "pool-1-thread-4" [_thread_blocked, id=3016, stack(0x0000000017410000,0x0000000017510000)]
  0x0000000016bb0800 JavaThread "pool-1-thread-3" [_thread_blocked, id=5844, stack(0x0000000017310000,0x0000000017410000)]
  0x0000000016b93800 JavaThread "pool-1-thread-2" [_thread_in_Java, id=5004, stack(0x0000000017210000,0x0000000017310000)]
  0x0000000016b89000 JavaThread "pool-2-thread-1" [_thread_blocked, id=7200, stack(0x0000000017110000,0x0000000017210000)]
  0x0000000016b88000 JavaThread "pool-1-thread-1" [_thread_in_Java, id=4848, stack(0x0000000017010000,0x0000000017110000)]
  0x0000000016a36000 JavaThread "Service Thread" daemon [_thread_blocked, id=7820, stack(0x0000000016e10000,0x0000000016f10000)]
  0x00000000151b7800 JavaThread "C1 CompilerThread2" daemon [_thread_blocked, id=2332, stack(0x0000000016910000,0x0000000016a10000)]
=>0x00000000151b1000 JavaThread "C2 CompilerThread1" daemon [_thread_in_native, id=7448, stack(0x0000000016810000,0x0000000016910000)]
  0x00000000151a9800 JavaThread "C2 CompilerThread0" daemon [_thread_in_native, id=1452, stack(0x0000000016710000,0x0000000016810000)]
  0x00000000151a7800 JavaThread "Attach Listener" daemon [_thread_blocked, id=4304, stack(0x0000000016610000,0x0000000016710000)]
  0x00000000151a6800 JavaThread "Signal Dispatcher" daemon [_thread_blocked, id=4856, stack(0x0000000016510000,0x0000000016610000)]
  0x0000000002ad6000 JavaThread "Finalizer" daemon [_thread_blocked, id=7544, stack(0x0000000016410000,0x0000000016510000)]
  0x0000000002acd000 JavaThread "Reference Handler" daemon [_thread_blocked, id=6360, stack(0x0000000016310000,0x0000000016410000)]
  0x00000000029e0800 JavaThread "main" [_thread_in_Java, id=6476, stack(0x00000000028e0000,0x00000000029e0000)]

Other Threads:
  0x0000000015177800 VMThread [stack: 0x0000000016210000,0x0000000016310000] [id=7652]
  0x0000000016a37800 WatcherThread [stack: 0x0000000016f10000,0x0000000017010000] [id=8288]

VM state:not at safepoint (normal execution)

VM Mutex/Monitor currently owned by a thread: None

Heap:
 PSYoungGen      total 24064K, used 10590K [0x00000000eab00000, 0x00000000ec580000, 0x0000000100000000)
  eden space 20992K, 35% used [0x00000000eab00000,0x00000000eb25f270,0x00000000ebf80000)
  from space 3072K, 99% used [0x00000000ebf80000,0x00000000ec278898,0x00000000ec280000)
  to   space 3072K, 0% used [0x00000000ec280000,0x00000000ec280000,0x00000000ec580000)
 ParOldGen       total 54784K, used 2058K [0x00000000c0000000, 0x00000000c3580000, 0x00000000eab00000)
  object space 54784K, 3% used [0x00000000c0000000,0x00000000c0202800,0x00000000c3580000)
 Metaspace       used 5846K, capacity 6896K, committed 7040K, reserved 1056768K
  class space    used 584K, capacity 616K, committed 640K, reserved 1048576K

Card table byte_map: [0x0000000011ea0000,0x00000000120b0000] byte_map_base: 0x00000000118a0000

Marking Bits: (ParMarkBitMap*) 0x0000000061ce4040
 Begin Bits: [0x0000000012610000, 0x0000000013610000)
 End Bits:   [0x0000000013610000, 0x0000000014610000)

Polling page: 0x0000000000f80000

CodeCache: size=245760Kb used=4556Kb max_used=4556Kb free=241203Kb
 bounds [0x0000000002ae0000, 0x0000000002f60000, 0x0000000011ae0000]
 total_blobs=1439 nmethods=1170 adapters=182
 compilation: enabled

Compilation events (10 events):
Event: 0.993 Thread 0x00000000151b7800 nmethod 1160 0x0000000002f387d0 code [0x0000000002f38dc0, 0x0000000002f3cfb8]
Event: 0.993 Thread 0x00000000151b7800 1161       3       com.android.dx.cf.code.Ropper::getRopMethod (64 bytes)
Event: 0.994 Thread 0x00000000151b7800 nmethod 1161 0x0000000002f40950 code [0x0000000002f40ba0, 0x0000000002f41938]
Event: 0.994 Thread 0x00000000151b7800 1158       3       com.android.dx.ssa.SsaConverter::edgeSplitMoveExceptionsAndResults (157 bytes)
Event: 0.997 Thread 0x00000000151a9800 nmethod 1118% 0x0000000002f45c10 code [0x0000000002f45e00, 0x0000000002f46bd8]
Event: 0.997 Thread 0x00000000151a9800 1143       4       com.android.dx.ssa.SsaMethod::forEachInsn (36 bytes)
Event: 0.997 Thread 0x00000000151b7800 nmethod 1158 0x0000000002f424d0 code [0x0000000002f42880, 0x0000000002f446e8]
Event: 0.997 Thread 0x00000000151b7800 1162       3       com.android.dx.rop.code.DexTranslationAdvice::hasConstantOperation (163 bytes)
Event: 0.999 Thread 0x00000000151b7800 nmethod 1162 0x0000000002f47d10 code [0x0000000002f47f60, 0x0000000002f497f8]
Event: 0.999 Thread 0x00000000151b7800 1164       3       com.android.dx.ssa.SsaConverter::placePhiFunctions (394 bytes)

GC Heap History (2 events):
Event: 0.873 GC heap before
{Heap before GC invocations=1 (full 0):
 PSYoungGen      total 24064K, used 20992K [0x00000000eab00000, 0x00000000ec580000, 0x0000000100000000)
  eden space 20992K, 100% used [0x00000000eab00000,0x00000000ebf80000,0x00000000ebf80000)
  from space 3072K, 0% used [0x00000000ec280000,0x00000000ec280000,0x00000000ec580000)
  to   space 3072K, 0% used [0x00000000ebf80000,0x00000000ebf80000,0x00000000ec280000)
 ParOldGen       total 54784K, used 0K [0x00000000c0000000, 0x00000000c3580000, 0x00000000eab00000)
  object space 54784K, 0% used [0x00000000c0000000,0x00000000c0000000,0x00000000c3580000)
 Metaspace       used 5774K, capacity 6832K, committed 7040K, reserved 1056768K
  class space    used 584K, capacity 616K, committed 640K, reserved 1048576K
Event: 0.882 GC heap after
Heap after GC invocations=1 (full 0):
 PSYoungGen      total 24064K, used 3042K [0x00000000eab00000, 0x00000000ec580000, 0x0000000100000000)
  eden space 20992K, 0% used [0x00000000eab00000,0x00000000eab00000,0x00000000ebf80000)
  from space 3072K, 99% used [0x00000000ebf80000,0x00000000ec278898,0x00000000ec280000)
  to   space 3072K, 0% used [0x00000000ec280000,0x00000000ec280000,0x00000000ec580000)
 ParOldGen       total 54784K, used 2058K [0x00000000c0000000, 0x00000000c3580000, 0x00000000eab00000)
  object space 54784K, 3% used [0x00000000c0000000,0x00000000c0202800,0x00000000c3580000)
 Metaspace       used 5774K, capacity 6832K, committed 7040K, reserved 1056768K
  class space    used 584K, capacity 616K, committed 640K, reserved 1048576K
}

Deoptimization events (10 events):
Event: 0.469 Thread 0x0000000016b93800 Uncommon trap: reason=class_check action=maybe_recompile pc=0x0000000002c8abd0 method=com.android.dx.rop.cst.CstMemberRef.compareTo0(Lcom/android/dx/rop/cst/Constant;)I @ 1
Event: 0.527 Thread 0x00000000029e0800 Uncommon trap: reason=unstable_if action=reinterpret pc=0x0000000002cd6174 method=com.android.dx.rop.cst.CstFieldRef.compareTo0(Lcom/android/dx/rop/cst/Constant;)I @ 7
Event: 0.527 Thread 0x00000000029e0800 Uncommon trap: reason=unstable_if action=reinterpret pc=0x0000000002c86354 method=com.android.dx.rop.cst.CstFieldRef.compareTo0(Lcom/android/dx/rop/cst/Constant;)I @ 7
Event: 0.581 Thread 0x0000000016bb0800 Uncommon trap: reason=unstable_if action=reinterpret pc=0x0000000002d0d7e8 method=java.util.HashMap.getNode(ILjava/lang/Object;)Ljava/util/HashMap$Node; @ 129
Event: 0.613 Thread 0x0000000016bb0800 Uncommon trap: reason=class_check action=maybe_recompile pc=0x0000000002d79294 method=com.android.dx.ssa.NormalSsaInsn.accept(Lcom/android/dx/ssa/SsaInsn$Visitor;)V @ 9
Event: 0.613 Thread 0x0000000016bb0800 Uncommon trap: reason=class_check action=maybe_recompile pc=0x0000000002d79294 method=com.android.dx.ssa.NormalSsaInsn.accept(Lcom/android/dx/ssa/SsaInsn$Visitor;)V @ 9
Event: 0.613 Thread 0x0000000016bb0800 Uncommon trap: reason=class_check action=maybe_recompile pc=0x0000000002d79294 method=com.android.dx.ssa.NormalSsaInsn.accept(Lcom/android/dx/ssa/SsaInsn$Visitor;)V @ 9
Event: 0.614 Thread 0x0000000016bb0800 Uncommon trap: reason=class_check action=maybe_recompile pc=0x0000000002d79294 method=com.android.dx.ssa.NormalSsaInsn.accept(Lcom/android/dx/ssa/SsaInsn$Visitor;)V @ 9
Event: 0.614 Thread 0x0000000016bb0800 Uncommon trap: reason=class_check action=maybe_recompile pc=0x0000000002d64130 method=com.android.dx.ssa.NormalSsaInsn.accept(Lcom/android/dx/ssa/SsaInsn$Visitor;)V @ 9
Event: 0.723 Thread 0x0000000016bb1800 Uncommon trap: reason=null_check action=make_not_entrant pc=0x0000000002da6720 method=com.android.dx.rop.type.Type.equals(Ljava/lang/Object;)Z @ 8

Internal exceptions (3 events):
Event: 0.043 Thread 0x00000000029e0800 Exception <a 'java/lang/NoSuchMethodError': Method sun.misc.Unsafe.defineClass(Ljava/lang/String;[BII)Ljava/lang/Class; name or signature does not match> (0x00000000eab0d380) thrown at [C:\re\workspace\8-2-build-windows-amd64-cygwin\jdk8u51\3951\hotspot\srñöíè¶?
Event: 0.043 Thread 0x00000000029e0800 Exception <a 'java/lang/NoSuchMethodError': Method sun.misc.Unsafe.prefetchRead(Ljava/lang/Object;J)V name or signature does not match> (0x00000000eab0d610) thrown at [C:\re\workspace\8-2-build-windows-amd64-cygwin\jdk8u51\3951\hotspot\src\share\vm\prims\j•á≥¡#Á?
Event: 0.723 Thread 0x0000000016bb1800 Implicit null exception at 0x0000000002da6622 to 0x0000000002da6712

Events (10 events):
Event: 0.645 loading class java/util/DualPivotQuicksort done
Event: 0.667 Executing VM operation: ForceSafepoint
Event: 0.668 Executing VM operation: ForceSafepoint done
Event: 0.723 Thread 0x0000000016bb1800 Uncommon trap: trap_request=0xfffffff4 fr.pc=0x0000000002da6720
Event: 0.723 Thread 0x0000000016bb1800 DEOPT PACKING pc=0x0000000002da6720 sp=0x000000001750e630
Event: 0.723 Thread 0x0000000016bb1800 DEOPT UNPACKING pc=0x0000000002b2582a sp=0x000000001750e5c8 mode 2
Event: 0.764 loading class com/android/dx/dex/file/MethodAnnotationStruct
Event: 0.764 loading class com/android/dx/dex/file/MethodAnnotationStruct done
Event: 0.871 Executing VM operation: ParallelGCFailedAllocation
Event: 0.882 Executing VM operation: ParallelGCFailedAllocation done


Dynamic libraries:
0x00007ff71d600000 - 0x00007ff71d637000 	C:\Program Files\Java\jdk1.8.0_51\bin\java.exe
0x00007fff2bd60000 - 0x00007fff2bf21000 	C:\WINDOWS\SYSTEM32\ntdll.dll
0x00007fff2aaf0000 - 0x00007fff2ab9d000 	C:\WINDOWS\system32\KERNEL32.DLL
0x00007fff288e0000 - 0x00007fff28abd000 	C:\WINDOWS\system32\KERNELBASE.dll
0x00007fff2b7f0000 - 0x00007fff2b896000 	C:\WINDOWS\system32\ADVAPI32.dll
0x00007fff2bc00000 - 0x00007fff2bc9d000 	C:\WINDOWS\system32\msvcrt.dll
0x00007fff2bd00000 - 0x00007fff2bd5b000 	C:\WINDOWS\system32\sechost.dll
0x00007fff2b280000 - 0x00007fff2b3a6000 	C:\WINDOWS\system32\RPCRT4.dll
0x00007fff2ac10000 - 0x00007fff2ad5e000 	C:\WINDOWS\system32\USER32.dll
0x00007fff2af90000 - 0x00007fff2b116000 	C:\WINDOWS\system32\GDI32.dll
0x00007fff22f00000 - 0x00007fff23174000 	C:\WINDOWS\WinSxS\amd64_microsoft.windows.common-controls_6595b64144ccf1df_6.0.10240.16384_none_f41f7b285750ef43\COMCTL32.dll
0x00007fff2bcc0000 - 0x00007fff2bcf6000 	C:\WINDOWS\system32\IMM32.DLL
0x00007fff2b120000 - 0x00007fff2b27c000 	C:\WINDOWS\system32\MSCTF.dll
0x00007fff25c40000 - 0x00007fff25c71000 	C:\WINDOWS\system32\nvinitx.dll
0x00007fff25b30000 - 0x00007fff25b3a000 	C:\WINDOWS\SYSTEM32\VERSION.dll
0x00007fff25950000 - 0x00007fff25a78000 	C:\WINDOWS\system32\NV\igdumd64.dll
0x00007fff2ad60000 - 0x00007fff2af25000 	C:\WINDOWS\system32\SETUPAPI.dll
0x00007fff28d50000 - 0x00007fff28d94000 	C:\WINDOWS\system32\CFGMGR32.dll
0x00007fff234a0000 - 0x00007fff235c8000 	C:\WINDOWS\system32\NV\igd10umd64.dll
0x0000000061040000 - 0x0000000061112000 	C:\Program Files\Java\jdk1.8.0_51\jre\bin\msvcr100.dll
0x00000000614e0000 - 0x0000000061d63000 	C:\Program Files\Java\jdk1.8.0_51\jre\bin\server\jvm.dll
0x00007fff2b910000 - 0x00007fff2b918000 	C:\WINDOWS\system32\PSAPI.DLL
0x00007fff26950000 - 0x00007fff26959000 	C:\WINDOWS\SYSTEM32\WSOCK32.dll
0x00007fff265d0000 - 0x00007fff265f3000 	C:\WINDOWS\SYSTEM32\WINMM.dll
0x00007fff2b770000 - 0x00007fff2b7d9000 	C:\WINDOWS\system32\WS2_32.dll
0x00007fff2b900000 - 0x00007fff2b908000 	C:\WINDOWS\system32\NSI.dll
0x0000000000f30000 - 0x0000000000f5c000 	C:\WINDOWS\SYSTEM32\WINMMBASE.dll
0x00007fff27100000 - 0x00007fff27127000 	C:\WINDOWS\SYSTEM32\DEVOBJ.dll
0x0000000062220000 - 0x000000006222f000 	C:\Program Files\Java\jdk1.8.0_51\jre\bin\verify.dll
0x00000000621f0000 - 0x0000000062219000 	C:\Program Files\Java\jdk1.8.0_51\jre\bin\java.dll
0x00000000621d0000 - 0x00000000621e6000 	C:\Program Files\Java\jdk1.8.0_51\jre\bin\zip.dll
0x00007fff295c0000 - 0x00007fff2aae2000 	C:\WINDOWS\system32\SHELL32.dll
0x00007fff28e00000 - 0x00007fff29428000 	C:\WINDOWS\system32\windows.storage.dll
0x00007fff2b920000 - 0x00007fff2bb9c000 	C:\WINDOWS\system32\combase.dll
0x00007fff2af30000 - 0x00007fff2af81000 	C:\WINDOWS\system32\shlwapi.dll
0x00007fff287b0000 - 0x00007fff287bf000 	C:\WINDOWS\system32\kernel.appcore.dll
0x00007fff28ac0000 - 0x00007fff28b73000 	C:\WINDOWS\system32\shcore.dll
0x00007fff287c0000 - 0x00007fff2880a000 	C:\WINDOWS\system32\powrprof.dll
0x00007fff28810000 - 0x00007fff28823000 	C:\WINDOWS\system32\profapi.dll
0x00007fff0ead0000 - 0x00007fff0ec5a000 	C:\WINDOWS\SYSTEM32\dbghelp.dll

VM Arguments:
jvm_args: -Djava.awt.headless=true -Xmx1024M -Dfile.encoding=windows-1252 -Duser.country=FR -Duser.language=fr -Duser.variant 
java_command: com.android.dx.command.Main --dex --num-threads=4 --output C:\Users\Quentin\AndroidStudioProjects\GestionnairedeSporz\app\build\intermediates\pre-dexed\debug\debug_ef84890c846d58d097dd939c727589a03fd8a1b5.jar C:\Users\Quentin\AndroidStudioProjects\GestionnairedeSporz\app\build\intermediates\classes\debug
java_class_path (initial): C:\Users\Quentin\AppData\Local\Android\sdk\build-tools\23.0.2\lib\dx.jar
Launcher Type: SUN_STANDARD

Environment Variables:
PATH=C:\ProgramData\Oracle\Java\javapath;C:\Program Files\Broadcom\Broadcom 802.11 Network Adapter\Driver;;C:\WINDOWS\system32;C:\WINDOWS;C:\WINDOWS\System32\Wbem;C:\WINDOWS\System32\WindowsPowerShell\v1.0\;C:\Program Files (x86)\Intel\OpenCL SDK\2.0\bin\x86;C:\Program Files (x86)\Intel\OpenCL SDK\2.0\bin\x64;C:\Program Files (x86)\NVIDIA Corporation\PhysX\Common;C:\Program Files\MiKTeX 2.9\miktex\bin\x64\;C:\WINDOWS\system32\config\systemprofile\.dnx\bin;C:\Program Files\Microsoft DNX\Dnvm\;C:\Program Files (x86)\Skype\Phone\
USERNAME=Quentin
OS=Windows_NT
PROCESSOR_IDENTIFIER=Intel64 Family 6 Model 42 Stepping 7, GenuineIntel



---------------  S Y S T E M  ---------------

OS: Windows 10.0 , 64 bit Build 10240 (10.0.10240.16384)

CPU:total 4 (2 cores per cpu, 2 threads per core) family 6 model 42 stepping 7, cmov, cx8, fxsr, mmx, sse, sse2, sse3, ssse3, sse4.1, sse4.2, popcnt, avx, clmul, ht, tsc, tscinvbit

Memory: 4k page, physical 5154956k(1010576k free), swap 7252108k(5168k free)

vm_info: Java HotSpot(TM) 64-Bit Server VM (25.51-b03) for windows-amd64 JRE (1.8.0_51-b16), built on Jun  8 2015 18:03:07 by "java_re" with MS VC++ 10.0 (VS2010)

time: Wed Dec 30 11:12:40 2015
elapsed time: 1 seconds (0d 0h 0m 1s)

