#
# There is insufficient memory for the Java Runtime Environment to continue.
# Native memory allocation (malloc) failed to allocate 65552 bytes for Chunk::new
# Possible reasons:
#   The system is out of physical RAM or swap space
#   In 32 bit mode, the process size limit was hit
# Possible solutions:
#   Reduce memory load on the system
#   Increase physical memory or swap space
#   Check if swap backing store is full
#   Use 64 bit Java on a 64 bit OS
#   Decrease Java heap size (-Xmx/-Xms)
#   Decrease number of Java threads
#   Decrease Java thread stack sizes (-Xss)
#   Set larger code cache with -XX:ReservedCodeCacheSize=
# This output file may be truncated or incomplete.
#
#  Out of Memory Error (allocation.cpp:390), pid=2380, tid=7368
#
# JRE version: Java(TM) SE Runtime Environment (8.0_51-b16) (build 1.8.0_51-b16)
# Java VM: Java HotSpot(TM) 64-Bit Server VM (25.51-b03 mixed mode windows-amd64 compressed oops)
# Failed to write core dump. Minidumps are not enabled by default on client versions of Windows
#

---------------  T H R E A D  ---------------

Current thread (0x00000000153b1000):  JavaThread "C2 CompilerThread1" daemon [_thread_in_native, id=7368, stack(0x0000000016a10000,0x0000000016b10000)]

Stack: [0x0000000016a10000,0x0000000016b10000]
Native frames: (J=compiled Java code, j=interpreted, Vv=VM code, C=native code)
V  [jvm.dll+0x32b4ca]
V  [jvm.dll+0x2797e3]
V  [jvm.dll+0x27a479]
V  [jvm.dll+0x271765]
V  [jvm.dll+0xcba02]
V  [jvm.dll+0xcbecc]
V  [jvm.dll+0xcc224]
V  [jvm.dll+0x4ea2b0]
V  [jvm.dll+0x4bc718]
V  [jvm.dll+0x4c1308]
V  [jvm.dll+0x4cbb7c]
V  [jvm.dll+0x4cbdbb]
V  [jvm.dll+0x4cbd36]
V  [jvm.dll+0x4b9bc3]
V  [jvm.dll+0x46bb38]
V  [jvm.dll+0x46cd4e]
V  [jvm.dll+0x4501a2]
V  [jvm.dll+0xa43a2]
V  [jvm.dll+0xa4cdf]
V  [jvm.dll+0x2418a4]
V  [jvm.dll+0x29846a]
C  [msvcr100.dll+0x21d9f]
C  [msvcr100.dll+0x21e3b]
C  [KERNEL32.DLL+0x12d92]
C  [ntdll.dll+0x9f64]


Current CompileTask:
C2:   8239 1763       4       com.android.dx.ssa.SsaMethod::forEachBlockDepthFirst (194 bytes)


---------------  P R O C E S S  ---------------

Java Threads: ( => current thread )
  0x0000000016da7000 JavaThread "pool-1-thread-4" [_thread_in_Java, id=7884, stack(0x0000000017610000,0x0000000017710000)]
  0x0000000016da6000 JavaThread "pool-1-thread-3" [_thread_in_Java, id=1508, stack(0x0000000017510000,0x0000000017610000)]
  0x0000000016da5000 JavaThread "pool-1-thread-2" [_thread_in_vm, id=6888, stack(0x0000000017410000,0x0000000017510000)]
  0x0000000016da1800 JavaThread "pool-2-thread-1" [_thread_blocked, id=5488, stack(0x0000000017310000,0x0000000017410000)]
  0x0000000016d8e000 JavaThread "pool-1-thread-1" [_thread_blocked, id=4200, stack(0x0000000017210000,0x0000000017310000)]
  0x0000000016b1c000 JavaThread "Service Thread" daemon [_thread_blocked, id=8636, stack(0x0000000017010000,0x0000000017110000)]
  0x0000000016b18800 JavaThread "C1 CompilerThread2" daemon [_thread_blocked, id=2564, stack(0x0000000016f10000,0x0000000017010000)]
=>0x00000000153b1000 JavaThread "C2 CompilerThread1" daemon [_thread_in_native, id=7368, stack(0x0000000016a10000,0x0000000016b10000)]
  0x00000000153a9000 JavaThread "C2 CompilerThread0" daemon [_thread_in_native, id=7348, stack(0x0000000016910000,0x0000000016a10000)]
  0x00000000153a8000 JavaThread "Attach Listener" daemon [_thread_blocked, id=6832, stack(0x0000000016810000,0x0000000016910000)]
  0x00000000153a6800 JavaThread "Signal Dispatcher" daemon [_thread_blocked, id=8068, stack(0x0000000016710000,0x0000000016810000)]
  0x0000000002cd2800 JavaThread "Finalizer" daemon [_thread_blocked, id=5348, stack(0x0000000016610000,0x0000000016710000)]
  0x0000000002ccf800 JavaThread "Reference Handler" daemon [_thread_blocked, id=6828, stack(0x0000000016510000,0x0000000016610000)]
  0x0000000002be0800 JavaThread "main" [_thread_in_Java, id=8492, stack(0x0000000002a30000,0x0000000002b30000)]

Other Threads:
  0x0000000015376800 VMThread [stack: 0x0000000016410000,0x0000000016510000] [id=7632]
  0x0000000016b1d000 WatcherThread [stack: 0x0000000017110000,0x0000000017210000] [id=7412]

VM state:not at safepoint (normal execution)

VM Mutex/Monitor currently owned by a thread: None

Heap:
 PSYoungGen      total 93184K, used 36706K [0x00000000eab00000, 0x00000000f1300000, 0x0000000100000000)
  eden space 82944K, 32% used [0x00000000eab00000,0x00000000ec5a18e0,0x00000000efc00000)
  from space 10240K, 92% used [0x00000000f0700000,0x00000000f1037198,0x00000000f1100000)
  to   space 11264K, 0% used [0x00000000efc00000,0x00000000efc00000,0x00000000f0700000)
 ParOldGen       total 54784K, used 17789K [0x00000000c0000000, 0x00000000c3580000, 0x00000000eab00000)
  object space 54784K, 32% used [0x00000000c0000000,0x00000000c115f5b8,0x00000000c3580000)
 Metaspace       used 6384K, capacity 7192K, committed 7424K, reserved 1056768K
  class space    used 614K, capacity 656K, committed 768K, reserved 1048576K

Card table byte_map: [0x00000000120a0000,0x00000000122b0000] byte_map_base: 0x0000000011aa0000

Marking Bits: (ParMarkBitMap*) 0x0000000061ce4040
 Begin Bits: [0x0000000012810000, 0x0000000013810000)
 End Bits:   [0x0000000013810000, 0x0000000014810000)

Polling page: 0x0000000002a00000

CodeCache: size=245760Kb used=7824Kb max_used=7835Kb free=237935Kb
 bounds [0x0000000002ce0000, 0x0000000003490000, 0x0000000011ce0000]
 total_blobs=2078 nmethods=1808 adapters=182
 compilation: enabled

Compilation events (10 events):
Event: 8.159 Thread 0x0000000016b18800 1845       1       com.android.dx.rop.cst.CstFloat::getType (4 bytes)
Event: 8.159 Thread 0x0000000016b18800 nmethod 1845 0x0000000003465450 code [0x00000000034655a0, 0x00000000034656b0]
Event: 8.166 Thread 0x0000000016b18800 1847       2       java.util.HashMap$TreeNode::find (172 bytes)
Event: 8.167 Thread 0x0000000016b18800 nmethod 1847 0x0000000003464b90 code [0x0000000003464d40, 0x0000000003465178]
Event: 8.168 Thread 0x0000000016b18800 1848   !   2       com.android.dx.dex.cf.CfTranslator::processMethods (583 bytes)
Event: 8.175 Thread 0x0000000016b18800 nmethod 1848 0x0000000003470f90 code [0x0000000003471440, 0x0000000003472a88]
Event: 8.183 Thread 0x00000000153b1000 nmethod 1840 0x000000000346ce10 code [0x000000000346cfe0, 0x000000000346dcb0]
Event: 8.183 Thread 0x00000000153b1000 1763       4       com.android.dx.ssa.SsaMethod::forEachBlockDepthFirst (194 bytes)
Event: 8.202 Thread 0x0000000016b18800 1850       2       java.util.concurrent.FutureTask::set (36 bytes)
Event: 8.203 Thread 0x0000000016b18800 nmethod 1850 0x0000000003464790 code [0x0000000003464900, 0x0000000003464ae8]

GC Heap History (10 events):
Event: 6.104 GC heap before
{Heap before GC invocations=2 (full 0):
 PSYoungGen      total 24064K, used 24058K [0x00000000eab00000, 0x00000000ec580000, 0x0000000100000000)
  eden space 20992K, 100% used [0x00000000eab00000,0x00000000ebf80000,0x00000000ebf80000)
  from space 3072K, 99% used [0x00000000ebf80000,0x00000000ec27eab8,0x00000000ec280000)
  to   space 3072K, 0% used [0x00000000ec280000,0x00000000ec280000,0x00000000ec580000)
 ParOldGen       total 54784K, used 1343K [0x00000000c0000000, 0x00000000c3580000, 0x00000000eab00000)
  object space 54784K, 2% used [0x00000000c0000000,0x00000000c014fe98,0x00000000c3580000)
 Metaspace       used 6117K, capacity 7024K, committed 7296K, reserved 1056768K
  class space    used 592K, capacity 616K, committed 640K, reserved 1048576K
Event: 6.117 GC heap after
Heap after GC invocations=2 (full 0):
 PSYoungGen      total 24064K, used 3042K [0x00000000eab00000, 0x00000000ec580000, 0x0000000100000000)
  eden space 20992K, 0% used [0x00000000eab00000,0x00000000eab00000,0x00000000ebf80000)
  from space 3072K, 99% used [0x00000000ec280000,0x00000000ec578ba8,0x00000000ec580000)
  to   space 3072K, 0% used [0x00000000ebf80000,0x00000000ebf80000,0x00000000ec280000)
 ParOldGen       total 54784K, used 4041K [0x00000000c0000000, 0x00000000c3580000, 0x00000000eab00000)
  object space 54784K, 7% used [0x00000000c0000000,0x00000000c03f2608,0x00000000c3580000)
 Metaspace       used 6117K, capacity 7024K, committed 7296K, reserved 1056768K
  class space    used 592K, capacity 616K, committed 640K, reserved 1048576K
}
Event: 6.477 GC heap before
{Heap before GC invocations=3 (full 0):
 PSYoungGen      total 24064K, used 24034K [0x00000000eab00000, 0x00000000ec580000, 0x0000000100000000)
  eden space 20992K, 100% used [0x00000000eab00000,0x00000000ebf80000,0x00000000ebf80000)
  from space 3072K, 99% used [0x00000000ec280000,0x00000000ec578ba8,0x00000000ec580000)
  to   space 3072K, 0% used [0x00000000ebf80000,0x00000000ebf80000,0x00000000ec280000)
 ParOldGen       total 54784K, used 4041K [0x00000000c0000000, 0x00000000c3580000, 0x00000000eab00000)
  object space 54784K, 7% used [0x00000000c0000000,0x00000000c03f2608,0x00000000c3580000)
 Metaspace       used 6198K, capacity 7088K, committed 7296K, reserved 1056768K
  class space    used 593K, capacity 616K, committed 640K, reserved 1048576K
Event: 6.503 GC heap after
Heap after GC invocations=3 (full 0):
 PSYoungGen      total 24064K, used 3060K [0x00000000eab00000, 0x00000000eda00000, 0x0000000100000000)
  eden space 20992K, 0% used [0x00000000eab00000,0x00000000eab00000,0x00000000ebf80000)
  from space 3072K, 99% used [0x00000000ebf80000,0x00000000ec27d078,0x00000000ec280000)
  to   space 3072K, 0% used [0x00000000ed700000,0x00000000ed700000,0x00000000eda00000)
 ParOldGen       total 54784K, used 7582K [0x00000000c0000000, 0x00000000c3580000, 0x00000000eab00000)
  object space 54784K, 13% used [0x00000000c0000000,0x00000000c0767b58,0x00000000c3580000)
 Metaspace       used 6198K, capacity 7088K, committed 7296K, reserved 1056768K
  class space    used 593K, capacity 616K, committed 640K, reserved 1048576K
}
Event: 6.936 GC heap before
{Heap before GC invocations=4 (full 0):
 PSYoungGen      total 24064K, used 24052K [0x00000000eab00000, 0x00000000eda00000, 0x0000000100000000)
  eden space 20992K, 100% used [0x00000000eab00000,0x00000000ebf80000,0x00000000ebf80000)
  from space 3072K, 99% used [0x00000000ebf80000,0x00000000ec27d078,0x00000000ec280000)
  to   space 3072K, 0% used [0x00000000ed700000,0x00000000ed700000,0x00000000eda00000)
 ParOldGen       total 54784K, used 7582K [0x00000000c0000000, 0x00000000c3580000, 0x00000000eab00000)
  object space 54784K, 13% used [0x00000000c0000000,0x00000000c0767b58,0x00000000c3580000)
 Metaspace       used 6310K, capacity 7128K, committed 7424K, reserved 1056768K
  class space    used 613K, capacity 656K, committed 768K, reserved 1048576K
Event: 6.970 GC heap after
Heap after GC invocations=4 (full 0):
 PSYoungGen      total 45056K, used 3058K [0x00000000eab00000, 0x00000000eda00000, 0x0000000100000000)
  eden space 41984K, 0% used [0x00000000eab00000,0x00000000eab00000,0x00000000ed400000)
  from space 3072K, 99% used [0x00000000ed700000,0x00000000ed9fc848,0x00000000eda00000)
  to   space 3072K, 0% used [0x00000000ed400000,0x00000000ed400000,0x00000000ed700000)
 ParOldGen       total 54784K, used 10921K [0x00000000c0000000, 0x00000000c3580000, 0x00000000eab00000)
  object space 54784K, 19% used [0x00000000c0000000,0x00000000c0aaa720,0x00000000c3580000)
 Metaspace       used 6310K, capacity 7128K, committed 7424K, reserved 1056768K
  class space    used 613K, capacity 656K, committed 768K, reserved 1048576K
}
Event: 7.673 GC heap before
{Heap before GC invocations=5 (full 0):
 PSYoungGen      total 45056K, used 45042K [0x00000000eab00000, 0x00000000eda00000, 0x0000000100000000)
  eden space 41984K, 100% used [0x00000000eab00000,0x00000000ed400000,0x00000000ed400000)
  from space 3072K, 99% used [0x00000000ed700000,0x00000000ed9fc848,0x00000000eda00000)
  to   space 3072K, 0% used [0x00000000ed400000,0x00000000ed400000,0x00000000ed700000)
 ParOldGen       total 54784K, used 10921K [0x00000000c0000000, 0x00000000c3580000, 0x00000000eab00000)
  object space 54784K, 19% used [0x00000000c0000000,0x00000000c0aaa720,0x00000000c3580000)
 Metaspace       used 6358K, capacity 7192K, committed 7424K, reserved 1056768K
  class space    used 614K, capacity 656K, committed 768K, reserved 1048576K
Event: 7.697 GC heap after
Heap after GC invocations=5 (full 0):
 PSYoungGen      total 45056K, used 3054K [0x00000000eab00000, 0x00000000f1100000, 0x0000000100000000)
  eden space 41984K, 0% used [0x00000000eab00000,0x00000000eab00000,0x00000000ed400000)
  from space 3072K, 99% used [0x00000000ed400000,0x00000000ed6fbaf8,0x00000000ed700000)
  to   space 10240K, 0% used [0x00000000f0700000,0x00000000f0700000,0x00000000f1100000)
 ParOldGen       total 54784K, used 17789K [0x00000000c0000000, 0x00000000c3580000, 0x00000000eab00000)
  object space 54784K, 32% used [0x00000000c0000000,0x00000000c115f5b8,0x00000000c3580000)
 Metaspace       used 6358K, capacity 7192K, committed 7424K, reserved 1056768K
  class space    used 614K, capacity 656K, committed 768K, reserved 1048576K
}
Event: 7.994 GC heap before
{Heap before GC invocations=6 (full 0):
 PSYoungGen      total 45056K, used 45038K [0x00000000eab00000, 0x00000000f1100000, 0x0000000100000000)
  eden space 41984K, 100% used [0x00000000eab00000,0x00000000ed400000,0x00000000ed400000)
  from space 3072K, 99% used [0x00000000ed400000,0x00000000ed6fbaf8,0x00000000ed700000)
  to   space 10240K, 0% used [0x00000000f0700000,0x00000000f0700000,0x00000000f1100000)
 ParOldGen       total 54784K, used 17789K [0x00000000c0000000, 0x00000000c3580000, 0x00000000eab00000)
  object space 54784K, 32% used [0x00000000c0000000,0x00000000c115f5b8,0x00000000c3580000)
 Metaspace       used 6378K, capacity 7192K, committed 7424K, reserved 1056768K
  class space    used 614K, capacity 656K, committed 768K, reserved 1048576K
Event: 8.056 GC heap after
Heap after GC invocations=6 (full 0):
 PSYoungGen      total 93184K, used 9436K [0x00000000eab00000, 0x00000000f1300000, 0x0000000100000000)
  eden space 82944K, 0% used [0x00000000eab00000,0x00000000eab00000,0x00000000efc00000)
  from space 10240K, 92% used [0x00000000f0700000,0x00000000f1037198,0x00000000f1100000)
  to   space 11264K, 0% used [0x00000000efc00000,0x00000000efc00000,0x00000000f0700000)
 ParOldGen       total 54784K, used 17789K [0x00000000c0000000, 0x00000000c3580000, 0x00000000eab00000)
  object space 54784K, 32% used [0x00000000c0000000,0x00000000c115f5b8,0x00000000c3580000)
 Metaspace       used 6378K, capacity 7192K, committed 7424K, reserved 1056768K
  class space    used 614K, capacity 656K, committed 768K, reserved 1048576K
}

Deoptimization events (10 events):
Event: 6.575 Thread 0x0000000016d8e000 Uncommon trap: reason=unstable_if action=reinterpret pc=0x0000000002f4a850 method=java.util.HashMap.getNode(ILjava/lang/Object;)Ljava/util/HashMap$Node; @ 84
Event: 6.629 Thread 0x0000000002be0800 Uncommon trap: reason=unstable_if action=reinterpret pc=0x00000000030bd3bc method=com.android.dx.util.IntList.binarysearch(I)I @ 105
Event: 6.901 Thread 0x0000000002be0800 Uncommon trap: reason=unloaded action=reinterpret pc=0x0000000003385148 method=com.android.dx.cf.cst.ConstantPoolParser.parse0(ILjava/util/BitSet;)Lcom/android/dx/rop/cst/Constant; @ 198
Event: 7.108 Thread 0x0000000016da7000 Uncommon trap: reason=unstable_if action=reinterpret pc=0x00000000033a10cc method=com.android.dx.ssa.LiteralOpUpgrader$1.visitNonMoveInsn(Lcom/android/dx/ssa/NormalSsaInsn;)V @ 55
Event: 7.109 Thread 0x0000000016da7000 Uncommon trap: reason=unstable_if action=reinterpret pc=0x0000000003174cdc method=com.android.dx.ssa.SsaMethod.updateOneDefinition(Lcom/android/dx/ssa/SsaInsn;Lcom/android/dx/rop/code/RegisterSpec;)V @ 4
Event: 7.255 Thread 0x0000000016da6000 Uncommon trap: reason=unstable_if action=reinterpret pc=0x0000000003362c54 method=com.android.dx.rop.code.RegisterSpec.equals(ILcom/android/dx/rop/type/TypeBearer;Lcom/android/dx/rop/code/LocalItem;)Z @ 42
Event: 7.718 Thread 0x0000000002be0800 Uncommon trap: reason=unstable_if action=reinterpret pc=0x00000000031d85a8 method=java.util.HashMap.putVal(ILjava/lang/Object;Ljava/lang/Object;ZZ)Ljava/lang/Object; @ 109
Event: 7.719 Thread 0x0000000002be0800 Uncommon trap: reason=unstable_if action=reinterpret pc=0x00000000031de0a4 method=java.util.HashMap.putVal(ILjava/lang/Object;Ljava/lang/Object;ZZ)Ljava/lang/Object; @ 109
Event: 7.812 Thread 0x0000000016d8e000 Uncommon trap: reason=unstable_if action=reinterpret pc=0x000000000306ae60 method=com.android.dx.rop.code.RegisterSpec.equals(ILcom/android/dx/rop/type/TypeBearer;Lcom/android/dx/rop/code/LocalItem;)Z @ 42
Event: 7.827 Thread 0x0000000002be0800 Uncommon trap: reason=bimorphic action=maybe_recompile pc=0x00000000032ef06c method=com.android.dx.ssa.LiteralOpUpgrader.tryReplacingWithConstant(Lcom/android/dx/ssa/NormalSsaInsn;)Z @ 62

Internal exceptions (5 events):
Event: 0.128 Thread 0x0000000002be0800 Exception <a 'java/lang/NoSuchMethodError': Method sun.misc.Unsafe.defineClass(Ljava/lang/String;[BII)Ljava/lang/Class; name or signature does not match> (0x00000000eab0d430) thrown at [C:\re\workspace\8-2-build-windows-amd64-cygwin\jdk8u51\3951\hotspot\srªA8ênÀ?
Event: 0.128 Thread 0x0000000002be0800 Exception <a 'java/lang/NoSuchMethodError': Method sun.misc.Unsafe.prefetchRead(Ljava/lang/Object;J)V name or signature does not match> (0x00000000eab0d6c0) thrown at [C:\re\workspace\8-2-build-windows-amd64-cygwin\jdk8u51\3951\hotspot\src\share\vm\prims\j‹#žw2@
Event: 6.549 Thread 0x0000000016da6000 Exception <a 'java/lang/ArrayIndexOutOfBoundsException': 18> (0x00000000eb29f0b8) thrown at [C:\re\workspace\8-2-build-windows-amd64-cygwin\jdk8u51\3951\hotspot\src\share\vm\interpreter\interpreterRuntime.cpp, line 366]
Event: 6.550 Thread 0x0000000016da6000 Exception <a 'java/lang/ArrayIndexOutOfBoundsException': 145> (0x00000000eb2a0b88) thrown at [C:\re\workspace\8-2-build-windows-amd64-cygwin\jdk8u51\3951\hotspot\src\share\vm\interpreter\interpreterRuntime.cpp, line 366]
Event: 6.552 Thread 0x0000000016da6000 Exception <a 'java/lang/ArrayIndexOutOfBoundsException': 40> (0x00000000eb2a1dc0) thrown at [C:\re\workspace\8-2-build-windows-amd64-cygwin\jdk8u51\3951\hotspot\src\share\vm\interpreter\interpreterRuntime.cpp, line 366]

Events (10 events):
Event: 7.719 Thread 0x0000000002be0800 DEOPT PACKING pc=0x00000000031de0a4 sp=0x0000000002b2dee0
Event: 7.719 Thread 0x0000000002be0800 DEOPT UNPACKING pc=0x0000000002d2582a sp=0x0000000002b2dea0 mode 2
Event: 7.811 Thread 0x0000000016d8e000 Uncommon trap: trap_request=0xffffff65 fr.pc=0x000000000306ae60
Event: 7.812 Thread 0x0000000016d8e000 DEOPT PACKING pc=0x000000000306ae60 sp=0x000000001730ec60
Event: 7.812 Thread 0x0000000016d8e000 DEOPT UNPACKING pc=0x0000000002d2582a sp=0x000000001730ebe8 mode 2
Event: 7.827 Thread 0x0000000002be0800 Uncommon trap: trap_request=0xffffffc6 fr.pc=0x00000000032ef06c
Event: 7.827 Thread 0x0000000002be0800 DEOPT PACKING pc=0x00000000032ef06c sp=0x0000000002b2dfe0
Event: 7.827 Thread 0x0000000002be0800 DEOPT UNPACKING pc=0x0000000002d2582a sp=0x0000000002b2df80 mode 2
Event: 7.990 Executing VM operation: ParallelGCFailedAllocation
Event: 8.056 Executing VM operation: ParallelGCFailedAllocation done


Dynamic libraries:
0x00007ff6cd040000 - 0x00007ff6cd077000 	C:\Program Files\Java\jdk1.8.0_51\bin\java.exe
0x00007fff2bd60000 - 0x00007fff2bf21000 	C:\WINDOWS\SYSTEM32\ntdll.dll
0x00007fff2aaf0000 - 0x00007fff2ab9d000 	C:\WINDOWS\system32\KERNEL32.DLL
0x00007fff288e0000 - 0x00007fff28abd000 	C:\WINDOWS\system32\KERNELBASE.dll
0x00007fff2b7f0000 - 0x00007fff2b896000 	C:\WINDOWS\system32\ADVAPI32.dll
0x00007fff2bc00000 - 0x00007fff2bc9d000 	C:\WINDOWS\system32\msvcrt.dll
0x00007fff2bd00000 - 0x00007fff2bd5b000 	C:\WINDOWS\system32\sechost.dll
0x00007fff2b280000 - 0x00007fff2b3a6000 	C:\WINDOWS\system32\RPCRT4.dll
0x00007fff2ac10000 - 0x00007fff2ad5e000 	C:\WINDOWS\system32\USER32.dll
0x00007fff2af90000 - 0x00007fff2b116000 	C:\WINDOWS\system32\GDI32.dll
0x00007fff22f00000 - 0x00007fff23174000 	C:\WINDOWS\WinSxS\amd64_microsoft.windows.common-controls_6595b64144ccf1df_6.0.10240.16384_none_f41f7b285750ef43\COMCTL32.dll
0x00007fff2bcc0000 - 0x00007fff2bcf6000 	C:\WINDOWS\system32\IMM32.DLL
0x00007fff2b120000 - 0x00007fff2b27c000 	C:\WINDOWS\system32\MSCTF.dll
0x00007fff25c40000 - 0x00007fff25c71000 	C:\WINDOWS\system32\nvinitx.dll
0x00007fff25b30000 - 0x00007fff25b3a000 	C:\WINDOWS\SYSTEM32\VERSION.dll
0x00007fff25950000 - 0x00007fff25a78000 	C:\WINDOWS\system32\NV\igdumd64.dll
0x00007fff2ad60000 - 0x00007fff2af25000 	C:\WINDOWS\system32\SETUPAPI.dll
0x00007fff28d50000 - 0x00007fff28d94000 	C:\WINDOWS\system32\CFGMGR32.dll
0x00007fff234a0000 - 0x00007fff235c8000 	C:\WINDOWS\system32\NV\igd10umd64.dll
0x0000000060f70000 - 0x0000000061042000 	C:\Program Files\Java\jdk1.8.0_51\jre\bin\msvcr100.dll
0x00000000614e0000 - 0x0000000061d63000 	C:\Program Files\Java\jdk1.8.0_51\jre\bin\server\jvm.dll
0x00007fff2b910000 - 0x00007fff2b918000 	C:\WINDOWS\system32\PSAPI.DLL
0x00007fff26d00000 - 0x00007fff26d09000 	C:\WINDOWS\SYSTEM32\WSOCK32.dll
0x00007fff2b770000 - 0x00007fff2b7d9000 	C:\WINDOWS\system32\WS2_32.dll
0x00007fff2b900000 - 0x00007fff2b908000 	C:\WINDOWS\system32\NSI.dll
0x00007fff265d0000 - 0x00007fff265f3000 	C:\WINDOWS\SYSTEM32\WINMM.dll
0x00007fff265a0000 - 0x00007fff265cc000 	C:\WINDOWS\SYSTEM32\WINMMBASE.dll
0x00007fff27100000 - 0x00007fff27127000 	C:\WINDOWS\SYSTEM32\DEVOBJ.dll
0x0000000062220000 - 0x000000006222f000 	C:\Program Files\Java\jdk1.8.0_51\jre\bin\verify.dll
0x00000000621f0000 - 0x0000000062219000 	C:\Program Files\Java\jdk1.8.0_51\jre\bin\java.dll
0x00000000621d0000 - 0x00000000621e6000 	C:\Program Files\Java\jdk1.8.0_51\jre\bin\zip.dll
0x00007fff295c0000 - 0x00007fff2aae2000 	C:\WINDOWS\system32\SHELL32.dll
0x00007fff28e00000 - 0x00007fff29428000 	C:\WINDOWS\system32\windows.storage.dll
0x00007fff2b920000 - 0x00007fff2bb9c000 	C:\WINDOWS\system32\combase.dll
0x00007fff2af30000 - 0x00007fff2af81000 	C:\WINDOWS\system32\shlwapi.dll
0x00007fff287b0000 - 0x00007fff287bf000 	C:\WINDOWS\system32\kernel.appcore.dll
0x00007fff28ac0000 - 0x00007fff28b73000 	C:\WINDOWS\system32\shcore.dll
0x00007fff287c0000 - 0x00007fff2880a000 	C:\WINDOWS\system32\powrprof.dll
0x00007fff28810000 - 0x00007fff28823000 	C:\WINDOWS\system32\profapi.dll
0x00007fff0ead0000 - 0x00007fff0ec5a000 	C:\WINDOWS\SYSTEM32\dbghelp.dll

VM Arguments:
jvm_args: -Djava.awt.headless=true -Xmx1024M -Dfile.encoding=windows-1252 -Duser.country=FR -Duser.language=fr -Duser.variant 
java_command: com.android.dx.command.Main --dex --num-threads=4 --output C:\Users\Quentin\AndroidStudioProjects\GestionnairedeSporz\app\build\intermediates\pre-dexed\debug\com.android.support-appcompat-v7-22.2.1_fea7bedab65b1ae347f3860d7587fae3189003f1.jar C:\Users\Quentin\AndroidStudioProjects\GestionnairedeSporz\app\build\intermediates\exploded-aar\com.android.support\appcompat-v7\22.2.1\jars\classes.jar
java_class_path (initial): C:\Users\Quentin\AppData\Local\Android\sdk\build-tools\23.0.2\lib\dx.jar
Launcher Type: SUN_STANDARD

Environment Variables:
PATH=C:\ProgramData\Oracle\Java\javapath;C:\Program Files\Broadcom\Broadcom 802.11 Network Adapter\Driver;;C:\WINDOWS\system32;C:\WINDOWS;C:\WINDOWS\System32\Wbem;C:\WINDOWS\System32\WindowsPowerShell\v1.0\;C:\Program Files (x86)\Intel\OpenCL SDK\2.0\bin\x86;C:\Program Files (x86)\Intel\OpenCL SDK\2.0\bin\x64;C:\Program Files (x86)\NVIDIA Corporation\PhysX\Common;C:\Program Files\MiKTeX 2.9\miktex\bin\x64\;C:\WINDOWS\system32\config\systemprofile\.dnx\bin;C:\Program Files\Microsoft DNX\Dnvm\;C:\Program Files (x86)\Skype\Phone\
USERNAME=Quentin
OS=Windows_NT
PROCESSOR_IDENTIFIER=Intel64 Family 6 Model 42 Stepping 7, GenuineIntel



---------------  S Y S T E M  ---------------

OS: Windows 10.0 , 64 bit Build 10240 (10.0.10240.16384)

CPU:total 4 (2 cores per cpu, 2 threads per core) family 6 model 42 stepping 7, cmov, cx8, fxsr, mmx, sse, sse2, sse3, ssse3, sse4.1, sse4.2, popcnt, avx, clmul, ht, tsc, tscinvbit

Memory: 4k page, physical 5154956k(1193776k free), swap 7252108k(5120k free)

vm_info: Java HotSpot(TM) 64-Bit Server VM (25.51-b03) for windows-amd64 JRE (1.8.0_51-b16), built on Jun  8 2015 18:03:07 by "java_re" with MS VC++ 10.0 (VS2010)

time: Tue Dec 29 23:49:38 2015
elapsed time: 8 seconds (0d 0h 0m 8s)

