#
# A fatal error has been detected by the Java Runtime Environment:
#
#  EXCEPTION_ACCESS_VIOLATION (0xc0000005) at pc=0x00000000616efe87, pid=7916, tid=5056
#
# JRE version:  (8.0_51-b16) (build )
# Java VM: Java HotSpot(TM) 64-Bit Server VM (25.51-b03 mixed mode windows-amd64 compressed oops)
# Problematic frame:
# V  [jvm.dll+0x20fe87]
#
# Failed to write core dump. Minidumps are not enabled by default on client versions of Windows
#
# If you would like to submit a bug report, please visit:
#   http://bugreport.java.com/bugreport/crash.jsp
#

---------------  T H R E A D  ---------------

Current thread (0x00000000021a0000):  JavaThread "Finalizer" daemon [_thread_in_vm, id=5056, stack(0x0000000015be0000,0x0000000015ce0000)]

siginfo: ExceptionCode=0xc0000005, writing address 0x0000000015cda8e0

Registers:
RAX=0x0000000015cda8e0, RBX=0x0000000000000006, RCX=0x0000000000005000, RDX=0x0000000000000006
RSP=0x0000000015cdf8e0, RBP=0x0000000000000000, RSI=0x0000000015cdf8e0, RDI=0x0000000000000006
R8 =0x0000000000000006, R9 =0x0000000014947d80, R10=0x00000000140ac3c8, R11=0x0000000015bea160
R12=0x0000000014947d80, R13=0x00000000021a0000, R14=0x0000000015cdf9a8, R15=0x00000000140ac3c8
RIP=0x00000000616efe87, EFLAGS=0x0000000000010202

Top of Stack: (sp=0x0000000015cdf8e0)
0x0000000015cdf8e0:   00000000021a1220 0000000000000000
0x0000000015cdf8f0:   00000000021a0000 0000000014947d80
0x0000000015cdf900:   00000000ffffffff 00000000616f0db7
0x0000000015cdf910:   0000000015cdfa10 00000000140ac3c8
0x0000000015cdf920:   00000000021a0000 000000006159ea33
0x0000000015cdf930:   0000000015cdf970 00000000021a0000
0x0000000015cdf940:   0000000015cdfa00 00000000021a0000
0x0000000015cdf950:   00000000140ac3c8 00000000021a0000
0x0000000015cdf960:   00000000022c10e0 00000000021a0000
0x0000000015cdf970:   00000000140ac3c8 00000000021a0000
0x0000000015cdf980:   000000001400d358 00000000021a0000
0x0000000015cdf990:   0000000000000001 00000000140ac3c8
0x0000000015cdf9a0:   00000000021a0000 00000000021a0f20
0x0000000015cdf9b0:   00000000021a0000 000000006159ff1d
0x0000000015cdf9c0:   0000000015cdfcc8 00000001000069a0
0x0000000015cdf9d0:   0000000100018050 0000000000000000 

Instructions: (pc=0x00000000616efe87)
0x00000000616efe67:   48 89 6c 24 30 33 ed 66 90 e8 db 35 08 00 ff c3
0x00000000616efe77:   48 63 c8 48 8b c6 48 0f af cf 48 ff c7 48 2b c1
0x00000000616efe87:   89 28 48 63 c3 48 3b 05 7d 67 58 00 7e db 48 8b
0x00000000616efe97:   6c 24 30 48 8b 5c 24 38 48 8b 74 24 40 48 83 c4 


Register to memory mapping:

RAX=0x0000000015cda8e0 is pointing into the stack for thread: 0x00000000021a0000
RBX=0x0000000000000006 is an unknown value
RCX=0x0000000000005000 is an unknown value
RDX=0x0000000000000006 is an unknown value
RSP=0x0000000015cdf8e0 is pointing into the stack for thread: 0x00000000021a0000
RBP=0x0000000000000000 is an unknown value
RSI=0x0000000015cdf8e0 is pointing into the stack for thread: 0x00000000021a0000
RDI=0x0000000000000006 is an unknown value
R8 =0x0000000000000006 is an unknown value
R9 =0x0000000014947d80 is an unknown value
R10={method} {0x00000000140ac3d0} 'run' '()V' in 'java/lang/ref/Finalizer$FinalizerThread'
R11=0x0000000015bea160 is pointing into the stack for thread: 0x00000000021a0000
R12=0x0000000014947d80 is an unknown value
R13=0x00000000021a0000 is a thread
R14=0x0000000015cdf9a8 is pointing into the stack for thread: 0x00000000021a0000
R15={method} {0x00000000140ac3d0} 'run' '()V' in 'java/lang/ref/Finalizer$FinalizerThread'


Stack: [0x0000000015be0000,0x0000000015ce0000],  sp=0x0000000015cdf8e0,  free space=1022k
Native frames: (J=compiled Java code, j=interpreted, Vv=VM code, C=native code)


---------------  P R O C E S S  ---------------

Java Threads: ( => current thread )
=>0x00000000021a0000 JavaThread "Finalizer" daemon [_thread_in_vm, id=5056, stack(0x0000000015be0000,0x0000000015ce0000)]
  0x000000000219d000 JavaThread "Reference Handler" daemon [_thread_blocked, id=7552, stack(0x0000000015ae0000,0x0000000015be0000)]
  0x00000000020b0800 JavaThread "main" [_thread_in_native, id=3964, stack(0x0000000000810000,0x0000000000910000)]

Other Threads:
  0x0000000014947800 VMThread [stack: 0x00000000159e0000,0x0000000015ae0000] [id=5680]

VM state:not at safepoint (normal execution)

VM Mutex/Monitor currently owned by a thread: None

Heap:
 PSYoungGen      total 24064K, used 419K [0x00000000eab00000, 0x00000000ec580000, 0x0000000100000000)
  eden space 20992K, 2% used [0x00000000eab00000,0x00000000eab68f68,0x00000000ebf80000)
  from space 3072K, 0% used [0x00000000ec280000,0x00000000ec280000,0x00000000ec580000)
  to   space 3072K, 0% used [0x00000000ebf80000,0x00000000ebf80000,0x00000000ec280000)
 ParOldGen       total 54784K, used 0K [0x00000000c0000000, 0x00000000c3580000, 0x00000000eab00000)
  object space 54784K, 0% used [0x00000000c0000000,0x00000000c0000000,0x00000000c3580000)
 Metaspace       used 948K, capacity 4480K, committed 4480K, reserved 1056768K
  class space    used 99K, capacity 384K, committed 384K, reserved 1048576K

Card table byte_map: [0x0000000011670000,0x0000000011880000] byte_map_base: 0x0000000011070000

Marking Bits: (ParMarkBitMap*) 0x0000000061ce4040
 Begin Bits: [0x0000000011de0000, 0x0000000012de0000)
 End Bits:   [0x0000000012de0000, 0x0000000013de0000)

Polling page: 0x0000000000910000

CodeCache: size=245760Kb used=402Kb max_used=402Kb free=245357Kb
 bounds [0x00000000022b0000, 0x0000000002520000, 0x00000000112b0000]
 total_blobs=99 nmethods=0 adapters=73
 compilation: enabled

Compilation events (0 events):
No events

GC Heap History (0 events):
No events

Deoptimization events (0 events):
No events

Internal exceptions (0 events):
No events

Events (10 events):
Event: 0.056 loading class java/lang/ref/ReferenceQueue$Lock done
Event: 0.056 loading class java/lang/ref/Finalizer$FinalizerThread
Event: 0.056 loading class java/lang/ref/Finalizer$FinalizerThread done
Event: 0.056 Thread 0x00000000021a0000 Thread added: 0x00000000021a0000
Event: 0.056 loading class java/util/Hashtable$Entry
Event: 0.056 loading class java/util/Map$Entry
Event: 0.057 loading class java/util/Map$Entry done
Event: 0.057 loading class java/util/Hashtable$Entry done
Event: 0.057 loading class java/lang/Math
Event: 0.057 loading class java/lang/Math done


Dynamic libraries:
0x00007ff6a43e0000 - 0x00007ff6a4417000 	C:\Program Files\Java\jdk1.8.0_51\bin\java.exe
0x00007fff2bd60000 - 0x00007fff2bf21000 	C:\WINDOWS\SYSTEM32\ntdll.dll
0x00007fff2aaf0000 - 0x00007fff2ab9d000 	C:\WINDOWS\system32\KERNEL32.DLL
0x00007fff288e0000 - 0x00007fff28abd000 	C:\WINDOWS\system32\KERNELBASE.dll
0x00007fff2b7f0000 - 0x00007fff2b896000 	C:\WINDOWS\system32\ADVAPI32.dll
0x00007fff2bc00000 - 0x00007fff2bc9d000 	C:\WINDOWS\system32\msvcrt.dll
0x00007fff2bd00000 - 0x00007fff2bd5b000 	C:\WINDOWS\system32\sechost.dll
0x00007fff2b280000 - 0x00007fff2b3a6000 	C:\WINDOWS\system32\RPCRT4.dll
0x00007fff2ac10000 - 0x00007fff2ad5e000 	C:\WINDOWS\system32\USER32.dll
0x00007fff2af90000 - 0x00007fff2b116000 	C:\WINDOWS\system32\GDI32.dll
0x00007fff22f00000 - 0x00007fff23174000 	C:\WINDOWS\WinSxS\amd64_microsoft.windows.common-controls_6595b64144ccf1df_6.0.10240.16384_none_f41f7b285750ef43\COMCTL32.dll
0x00007fff2bcc0000 - 0x00007fff2bcf6000 	C:\WINDOWS\system32\IMM32.DLL
0x00007fff2b120000 - 0x00007fff2b27c000 	C:\WINDOWS\system32\MSCTF.dll
0x00007fff25c40000 - 0x00007fff25c71000 	C:\WINDOWS\system32\nvinitx.dll
0x00007fff25b30000 - 0x00007fff25b3a000 	C:\WINDOWS\SYSTEM32\VERSION.dll
0x00007fff25950000 - 0x00007fff25a78000 	C:\WINDOWS\system32\NV\igdumd64.dll
0x00007fff2ad60000 - 0x00007fff2af25000 	C:\WINDOWS\system32\SETUPAPI.dll
0x00007fff28d50000 - 0x00007fff28d94000 	C:\WINDOWS\system32\CFGMGR32.dll
0x00007fff233e0000 - 0x00007fff23508000 	C:\WINDOWS\system32\NV\igd10umd64.dll
0x0000000061030000 - 0x0000000061102000 	C:\Program Files\Java\jdk1.8.0_51\jre\bin\msvcr100.dll
0x00000000614e0000 - 0x0000000061d63000 	C:\Program Files\Java\jdk1.8.0_51\jre\bin\server\jvm.dll
0x00007fff2b910000 - 0x00007fff2b918000 	C:\WINDOWS\system32\PSAPI.DLL
0x00007fff26cc0000 - 0x00007fff26cc9000 	C:\WINDOWS\SYSTEM32\WSOCK32.dll
0x00007fff2b770000 - 0x00007fff2b7d9000 	C:\WINDOWS\system32\WS2_32.dll
0x00007fff2b900000 - 0x00007fff2b908000 	C:\WINDOWS\system32\NSI.dll
0x00007fff265d0000 - 0x00007fff265f3000 	C:\WINDOWS\SYSTEM32\WINMM.dll
0x00007fff265a0000 - 0x00007fff265cc000 	C:\WINDOWS\SYSTEM32\WINMMBASE.dll
0x00007fff27100000 - 0x00007fff27127000 	C:\WINDOWS\SYSTEM32\DEVOBJ.dll
0x0000000062220000 - 0x000000006222f000 	C:\Program Files\Java\jdk1.8.0_51\jre\bin\verify.dll
0x00000000621f0000 - 0x0000000062219000 	C:\Program Files\Java\jdk1.8.0_51\jre\bin\java.dll
0x00000000621d0000 - 0x00000000621e6000 	C:\Program Files\Java\jdk1.8.0_51\jre\bin\zip.dll

VM Arguments:
jvm_args: -Djava.awt.headless=true -Xmx1024M -Dfile.encoding=windows-1252 -Duser.country=FR -Duser.language=fr -Duser.variant 
java_command: com.android.dx.command.Main --dex --num-threads=4 --output C:\Users\Quentin\AndroidStudioProjects\GestionnairedeSporz\app\build\intermediates\pre-dexed\debug\support-annotations-22.2.1_2a19a997a9e97796a0ce36e2b02154628171d7bd.jar C:\Users\Quentin\AppData\Local\Android\sdk\extras\android\m2repository\com\android\support\support-annotations\22.2.1\support-annotations-22.2.1.jar
java_class_path (initial): C:\Users\Quentin\AppData\Local\Android\sdk\build-tools\23.0.2\lib\dx.jar
Launcher Type: SUN_STANDARD

Environment Variables:
PATH=C:\ProgramData\Oracle\Java\javapath;C:\Program Files\Broadcom\Broadcom 802.11 Network Adapter\Driver;;C:\WINDOWS\system32;C:\WINDOWS;C:\WINDOWS\System32\Wbem;C:\WINDOWS\System32\WindowsPowerShell\v1.0\;C:\Program Files (x86)\Intel\OpenCL SDK\2.0\bin\x86;C:\Program Files (x86)\Intel\OpenCL SDK\2.0\bin\x64;C:\Program Files (x86)\NVIDIA Corporation\PhysX\Common;C:\Program Files\MiKTeX 2.9\miktex\bin\x64\;C:\WINDOWS\system32\config\systemprofile\.dnx\bin;C:\Program Files\Microsoft DNX\Dnvm\;C:\Program Files (x86)\Skype\Phone\
USERNAME=Quentin
OS=Windows_NT
PROCESSOR_IDENTIFIER=Intel64 Family 6 Model 42 Stepping 7, GenuineIntel



---------------  S Y S T E M  ---------------

OS: Windows 10.0 , 64 bit Build 10240 (10.0.10240.16384)

CPU:total 4 (2 cores per cpu, 2 threads per core) family 6 model 42 stepping 7, cmov, cx8, fxsr, mmx, sse, sse2, sse3, ssse3, sse4.1, sse4.2, popcnt, avx, clmul, ht, tsc, tscinvbit

Memory: 4k page, physical 5154956k(1093584k free), swap 7252108k(135476k free)

vm_info: Java HotSpot(TM) 64-Bit Server VM (25.51-b03) for windows-amd64 JRE (1.8.0_51-b16), built on Jun  8 2015 18:03:07 by "java_re" with MS VC++ 10.0 (VS2010)

time: Mon Dec 28 21:47:52 2015
elapsed time: 0 seconds (0d 0h 0m 0s)

