#
# There is insufficient memory for the Java Runtime Environment to continue.
# Native memory allocation (malloc) failed to allocate 1193376 bytes for Chunk::new
# Possible reasons:
#   The system is out of physical RAM or swap space
#   In 32 bit mode, the process size limit was hit
# Possible solutions:
#   Reduce memory load on the system
#   Increase physical memory or swap space
#   Check if swap backing store is full
#   Use 64 bit Java on a 64 bit OS
#   Decrease Java heap size (-Xmx/-Xms)
#   Decrease number of Java threads
#   Decrease Java thread stack sizes (-Xss)
#   Set larger code cache with -XX:ReservedCodeCacheSize=
# This output file may be truncated or incomplete.
#
#  Out of Memory Error (allocation.cpp:390), pid=6660, tid=4148
#
# JRE version: Java(TM) SE Runtime Environment (8.0_51-b16) (build 1.8.0_51-b16)
# Java VM: Java HotSpot(TM) 64-Bit Server VM (25.51-b03 mixed mode windows-amd64 compressed oops)
# Failed to write core dump. Minidumps are not enabled by default on client versions of Windows
#

---------------  T H R E A D  ---------------

Current thread (0x0000000014858800):  JavaThread "C2 CompilerThread0" daemon [_thread_in_native, id=4148, stack(0x0000000015dc0000,0x0000000015ec0000)]

Stack: [0x0000000015dc0000,0x0000000015ec0000]
Native frames: (J=compiled Java code, j=interpreted, Vv=VM code, C=native code)
V  [jvm.dll+0x32b4ca]
V  [jvm.dll+0x2797e3]
V  [jvm.dll+0x27a479]
V  [jvm.dll+0x271765]
V  [jvm.dll+0xcba02]
V  [jvm.dll+0xcbecc]
V  [jvm.dll+0x476f72]
V  [jvm.dll+0x4b95ff]
V  [jvm.dll+0x46bca4]
V  [jvm.dll+0x46cd4e]
V  [jvm.dll+0x4501a2]
V  [jvm.dll+0xa43a2]
V  [jvm.dll+0xa4cdf]
V  [jvm.dll+0x2418a4]
V  [jvm.dll+0x29846a]
C  [msvcr100.dll+0x21d9f]
C  [msvcr100.dll+0x21e3b]
C  [KERNEL32.DLL+0x12d92]
C  [ntdll.dll+0x9f64]


Current CompileTask:
C2:   3480 1406       4       com.android.dx.ssa.SsaRenamer$1::visitBlock (16 bytes)


---------------  P R O C E S S  ---------------

Java Threads: ( => current thread )
  0x0000000016413800 JavaThread "pool-1-thread-4" [_thread_blocked, id=7688, stack(0x0000000016ac0000,0x0000000016bc0000)]
  0x0000000016413000 JavaThread "pool-1-thread-3" [_thread_blocked, id=4216, stack(0x00000000169c0000,0x0000000016ac0000)]
  0x0000000016412000 JavaThread "pool-1-thread-2" [_thread_blocked, id=7744, stack(0x00000000168c0000,0x00000000169c0000)]
  0x000000001640e800 JavaThread "pool-2-thread-1" [_thread_blocked, id=7216, stack(0x00000000167c0000,0x00000000168c0000)]
  0x000000001640d800 JavaThread "pool-1-thread-1" [_thread_in_vm, id=1964, stack(0x00000000166c0000,0x00000000167c0000)]
  0x00000000160c6800 JavaThread "Service Thread" daemon [_thread_blocked, id=5456, stack(0x00000000164c0000,0x00000000165c0000)]
  0x00000000148bc000 JavaThread "C1 CompilerThread2" daemon [_thread_blocked, id=5248, stack(0x0000000015fc0000,0x00000000160c0000)]
  0x0000000014860000 JavaThread "C2 CompilerThread1" daemon [_thread_in_native, id=1328, stack(0x0000000015ec0000,0x0000000015fc0000)]
=>0x0000000014858800 JavaThread "C2 CompilerThread0" daemon [_thread_in_native, id=4148, stack(0x0000000015dc0000,0x0000000015ec0000)]
  0x0000000014857000 JavaThread "Attach Listener" daemon [_thread_blocked, id=3124, stack(0x0000000015cc0000,0x0000000015dc0000)]
  0x0000000014855800 JavaThread "Signal Dispatcher" daemon [_thread_blocked, id=6040, stack(0x0000000015bc0000,0x0000000015cc0000)]
  0x0000000002160800 JavaThread "Finalizer" daemon [_thread_blocked, id=7660, stack(0x0000000015ab0000,0x0000000015bb0000)]
  0x000000000215d000 JavaThread "Reference Handler" daemon [_thread_blocked, id=4868, stack(0x00000000159b0000,0x0000000015ab0000)]
  0x0000000002070800 JavaThread "main" [_thread_in_vm, id=6828, stack(0x0000000001f70000,0x0000000002070000)]

Other Threads:
  0x0000000014827800 VMThread [stack: 0x00000000158b0000,0x00000000159b0000] [id=5180]
  0x00000000160c7000 WatcherThread [stack: 0x00000000165c0000,0x00000000166c0000] [id=8460]

VM state:not at safepoint (normal execution)

VM Mutex/Monitor currently owned by a thread: None

Heap:
 PSYoungGen      total 24064K, used 5000K [0x00000000eab00000, 0x00000000eda00000, 0x0000000100000000)
  eden space 20992K, 9% used [0x00000000eab00000,0x00000000eace7728,0x00000000ebf80000)
  from space 3072K, 99% used [0x00000000ec280000,0x00000000ec57aab8,0x00000000ec580000)
  to   space 3072K, 0% used [0x00000000ebf80000,0x00000000ebf80000,0x00000000ec280000)
 ParOldGen       total 54784K, used 3548K [0x00000000c0000000, 0x00000000c3580000, 0x00000000eab00000)
  object space 54784K, 6% used [0x00000000c0000000,0x00000000c0377198,0x00000000c3580000)
 Metaspace       used 6020K, capacity 6960K, committed 7040K, reserved 1056768K
  class space    used 587K, capacity 616K, committed 640K, reserved 1048576K

Card table byte_map: [0x0000000011530000,0x0000000011740000] byte_map_base: 0x0000000010f30000

Marking Bits: (ParMarkBitMap*) 0x0000000061ce4040
 Begin Bits: [0x0000000011ca0000, 0x0000000012ca0000)
 End Bits:   [0x0000000012ca0000, 0x0000000013ca0000)

Polling page: 0x0000000000310000

CodeCache: size=245760Kb used=5698Kb max_used=5705Kb free=240061Kb
 bounds [0x0000000002170000, 0x0000000002710000, 0x0000000011170000]
 total_blobs=1668 nmethods=1399 adapters=182
 compilation: enabled

Compilation events (10 events):
Event: 3.310 Thread 0x0000000014858800 nmethod 1396 0x00000000026dead0 code [0x00000000026dec40, 0x00000000026df1a8]
Event: 3.311 Thread 0x0000000014858800 1402       4       com.android.dx.ssa.SsaRenamer$BlockRenamer::updateSuccessorPhis (64 bytes)
Event: 3.311 Thread 0x00000000148bc000 1403       3       com.android.dx.cf.code.ConcreteMethod::makeSourcePosistion (21 bytes)
Event: 3.312 Thread 0x00000000148bc000 nmethod 1403 0x00000000027006d0 code [0x0000000002700840, 0x0000000002700af8]
Event: 3.320 Thread 0x0000000014860000 nmethod 1401 0x00000000027033d0 code [0x0000000002703540, 0x0000000002703a98]
Event: 3.321 Thread 0x0000000014860000 1404       4       com.android.dx.ssa.SsaRenamer$BlockRenamer::<init> (72 bytes)
Event: 3.327 Thread 0x0000000014860000 nmethod 1404 0x0000000002703f50 code [0x00000000027040c0, 0x0000000002704458]
Event: 3.327 Thread 0x0000000014860000 1405       4       com.android.dx.ssa.SsaRenamer$BlockRenamer::process (191 bytes)
Event: 3.345 Thread 0x0000000014858800 nmethod 1402 0x00000000027069d0 code [0x0000000002706b80, 0x00000000027076f8]
Event: 3.345 Thread 0x0000000014858800 1406       4       com.android.dx.ssa.SsaRenamer$1::visitBlock (16 bytes)

GC Heap History (4 events):
Event: 1.637 GC heap before
{Heap before GC invocations=1 (full 0):
 PSYoungGen      total 24064K, used 20992K [0x00000000eab00000, 0x00000000ec580000, 0x0000000100000000)
  eden space 20992K, 100% used [0x00000000eab00000,0x00000000ebf80000,0x00000000ebf80000)
  from space 3072K, 0% used [0x00000000ec280000,0x00000000ec280000,0x00000000ec580000)
  to   space 3072K, 0% used [0x00000000ebf80000,0x00000000ebf80000,0x00000000ec280000)
 ParOldGen       total 54784K, used 0K [0x00000000c0000000, 0x00000000c3580000, 0x00000000eab00000)
  object space 54784K, 0% used [0x00000000c0000000,0x00000000c0000000,0x00000000c3580000)
 Metaspace       used 5743K, capacity 6704K, committed 6784K, reserved 1056768K
  class space    used 584K, capacity 616K, committed 640K, reserved 1048576K
Event: 1.645 GC heap after
Heap after GC invocations=1 (full 0):
 PSYoungGen      total 24064K, used 3048K [0x00000000eab00000, 0x00000000ec580000, 0x0000000100000000)
  eden space 20992K, 0% used [0x00000000eab00000,0x00000000eab00000,0x00000000ebf80000)
  from space 3072K, 99% used [0x00000000ebf80000,0x00000000ec27a110,0x00000000ec280000)
  to   space 3072K, 0% used [0x00000000ec280000,0x00000000ec280000,0x00000000ec580000)
 ParOldGen       total 54784K, used 1256K [0x00000000c0000000, 0x00000000c3580000, 0x00000000eab00000)
  object space 54784K, 2% used [0x00000000c0000000,0x00000000c013a010,0x00000000c3580000)
 Metaspace       used 5743K, capacity 6704K, committed 6784K, reserved 1056768K
  class space    used 584K, capacity 616K, committed 640K, reserved 1048576K
}
Event: 2.770 GC heap before
{Heap before GC invocations=2 (full 0):
 PSYoungGen      total 24064K, used 24040K [0x00000000eab00000, 0x00000000ec580000, 0x0000000100000000)
  eden space 20992K, 100% used [0x00000000eab00000,0x00000000ebf80000,0x00000000ebf80000)
  from space 3072K, 99% used [0x00000000ebf80000,0x00000000ec27a110,0x00000000ec280000)
  to   space 3072K, 0% used [0x00000000ec280000,0x00000000ec280000,0x00000000ec580000)
 ParOldGen       total 54784K, used 1256K [0x00000000c0000000, 0x00000000c3580000, 0x00000000eab00000)
  object space 54784K, 2% used [0x00000000c0000000,0x00000000c013a010,0x00000000c3580000)
 Metaspace       used 6011K, capacity 6960K, committed 7040K, reserved 1056768K
  class space    used 587K, capacity 616K, committed 640K, reserved 1048576K
Event: 3.233 GC heap after
Heap after GC invocations=2 (full 0):
 PSYoungGen      total 24064K, used 3050K [0x00000000eab00000, 0x00000000eda00000, 0x0000000100000000)
  eden space 20992K, 0% used [0x00000000eab00000,0x00000000eab00000,0x00000000ebf80000)
  from space 3072K, 99% used [0x00000000ec280000,0x00000000ec57aab8,0x00000000ec580000)
  to   space 3072K, 0% used [0x00000000ebf80000,0x00000000ebf80000,0x00000000ec280000)
 ParOldGen       total 54784K, used 3548K [0x00000000c0000000, 0x00000000c3580000, 0x00000000eab00000)
  object space 54784K, 6% used [0x00000000c0000000,0x00000000c0377198,0x00000000c3580000)
 Metaspace       used 6011K, capacity 6960K, committed 7040K, reserved 1056768K
  class space    used 587K, capacity 616K, committed 640K, reserved 1048576K
}

Deoptimization events (4 events):
Event: 1.340 Thread 0x0000000002070800 Uncommon trap: reason=unstable_if action=reinterpret pc=0x00000000023b79b8 method=java.util.HashMap.getNode(ILjava/lang/Object;)Ljava/util/HashMap$Node; @ 129
Event: 1.610 Thread 0x0000000016412000 Uncommon trap: reason=unstable_if action=reinterpret pc=0x00000000024c88f4 method=com.android.dx.rop.code.LocalItem.hashCode()I @ 25
Event: 2.305 Thread 0x0000000016412000 Uncommon trap: reason=unstable_if action=reinterpret pc=0x00000000024d331c method=com.android.dx.rop.cst.Constant.compareTo(Lcom/android/dx/rop/cst/Constant;)I @ 12
Event: 2.316 Thread 0x0000000016412000 Uncommon trap: reason=unstable_if action=reinterpret pc=0x000000000262c970 method=com.android.dx.util.IntList.sort()V @ 8

Internal exceptions (2 events):
Event: 0.086 Thread 0x0000000002070800 Exception <a 'java/lang/NoSuchMethodError': Method sun.misc.Unsafe.defineClass(Ljava/lang/String;[BII)Ljava/lang/Class; name or signature does not match> (0x00000000eab0d5a8) thrown at [C:\re\workspace\8-2-build-windows-amd64-cygwin\jdk8u51\3951\hotspot\srV!¸‡¶?
Event: 0.086 Thread 0x0000000002070800 Exception <a 'java/lang/NoSuchMethodError': Method sun.misc.Unsafe.prefetchRead(Ljava/lang/Object;J)V name or signature does not match> (0x00000000eab0d838) thrown at [C:\re\workspace\8-2-build-windows-amd64-cygwin\jdk8u51\3951\hotspot\src\share\vm\prims\j

Events (10 events):
Event: 2.316 Thread 0x0000000016412000 DEOPT PACKING pc=0x000000000262c970 sp=0x00000000169be610
Event: 2.316 Thread 0x0000000016412000 DEOPT UNPACKING pc=0x00000000021b582a sp=0x00000000169be550 mode 2
Event: 2.316 loading class java/util/DualPivotQuicksort
Event: 2.316 loading class java/util/DualPivotQuicksort done
Event: 2.393 loading class com/android/dx/cf/attrib/AttExceptions
Event: 2.393 loading class com/android/dx/cf/attrib/AttExceptions done
Event: 2.408 Executing VM operation: ForceSafepoint
Event: 2.684 Executing VM operation: ForceSafepoint done
Event: 2.770 Executing VM operation: ParallelGCFailedAllocation
Event: 3.233 Executing VM operation: ParallelGCFailedAllocation done


Dynamic libraries:
0x00007ff6cd040000 - 0x00007ff6cd077000 	C:\Program Files\Java\jdk1.8.0_51\bin\java.exe
0x00007fff2bd60000 - 0x00007fff2bf21000 	C:\WINDOWS\SYSTEM32\ntdll.dll
0x00007fff2aaf0000 - 0x00007fff2ab9d000 	C:\WINDOWS\system32\KERNEL32.DLL
0x00007fff288e0000 - 0x00007fff28abd000 	C:\WINDOWS\system32\KERNELBASE.dll
0x00007fff2b7f0000 - 0x00007fff2b896000 	C:\WINDOWS\system32\ADVAPI32.dll
0x00007fff2bc00000 - 0x00007fff2bc9d000 	C:\WINDOWS\system32\msvcrt.dll
0x00007fff2bd00000 - 0x00007fff2bd5b000 	C:\WINDOWS\system32\sechost.dll
0x00007fff2b280000 - 0x00007fff2b3a6000 	C:\WINDOWS\system32\RPCRT4.dll
0x00007fff2ac10000 - 0x00007fff2ad5e000 	C:\WINDOWS\system32\USER32.dll
0x00007fff2af90000 - 0x00007fff2b116000 	C:\WINDOWS\system32\GDI32.dll
0x00007fff22f00000 - 0x00007fff23174000 	C:\WINDOWS\WinSxS\amd64_microsoft.windows.common-controls_6595b64144ccf1df_6.0.10240.16384_none_f41f7b285750ef43\COMCTL32.dll
0x00007fff2bcc0000 - 0x00007fff2bcf6000 	C:\WINDOWS\system32\IMM32.DLL
0x00007fff2b120000 - 0x00007fff2b27c000 	C:\WINDOWS\system32\MSCTF.dll
0x00007fff25c40000 - 0x00007fff25c71000 	C:\WINDOWS\system32\nvinitx.dll
0x00007fff25b30000 - 0x00007fff25b3a000 	C:\WINDOWS\SYSTEM32\VERSION.dll
0x00007fff25950000 - 0x00007fff25a78000 	C:\WINDOWS\system32\NV\igdumd64.dll
0x00007fff2ad60000 - 0x00007fff2af25000 	C:\WINDOWS\system32\SETUPAPI.dll
0x00007fff28d50000 - 0x00007fff28d94000 	C:\WINDOWS\system32\CFGMGR32.dll
0x00007fff234a0000 - 0x00007fff235c8000 	C:\WINDOWS\system32\NV\igd10umd64.dll
0x0000000060f70000 - 0x0000000061042000 	C:\Program Files\Java\jdk1.8.0_51\jre\bin\msvcr100.dll
0x00000000614e0000 - 0x0000000061d63000 	C:\Program Files\Java\jdk1.8.0_51\jre\bin\server\jvm.dll
0x00007fff2b910000 - 0x00007fff2b918000 	C:\WINDOWS\system32\PSAPI.DLL
0x00007fff26d00000 - 0x00007fff26d09000 	C:\WINDOWS\SYSTEM32\WSOCK32.dll
0x00007fff2b770000 - 0x00007fff2b7d9000 	C:\WINDOWS\system32\WS2_32.dll
0x00007fff2b900000 - 0x00007fff2b908000 	C:\WINDOWS\system32\NSI.dll
0x00007fff265d0000 - 0x00007fff265f3000 	C:\WINDOWS\SYSTEM32\WINMM.dll
0x00007fff265a0000 - 0x00007fff265cc000 	C:\WINDOWS\SYSTEM32\WINMMBASE.dll
0x00007fff27100000 - 0x00007fff27127000 	C:\WINDOWS\SYSTEM32\DEVOBJ.dll
0x0000000062220000 - 0x000000006222f000 	C:\Program Files\Java\jdk1.8.0_51\jre\bin\verify.dll
0x00000000621f0000 - 0x0000000062219000 	C:\Program Files\Java\jdk1.8.0_51\jre\bin\java.dll
0x00000000621d0000 - 0x00000000621e6000 	C:\Program Files\Java\jdk1.8.0_51\jre\bin\zip.dll
0x00007fff295c0000 - 0x00007fff2aae2000 	C:\WINDOWS\system32\SHELL32.dll
0x00007fff28e00000 - 0x00007fff29428000 	C:\WINDOWS\system32\windows.storage.dll
0x00007fff2b920000 - 0x00007fff2bb9c000 	C:\WINDOWS\system32\combase.dll
0x00007fff2af30000 - 0x00007fff2af81000 	C:\WINDOWS\system32\shlwapi.dll
0x00007fff287b0000 - 0x00007fff287bf000 	C:\WINDOWS\system32\kernel.appcore.dll
0x00007fff28ac0000 - 0x00007fff28b73000 	C:\WINDOWS\system32\shcore.dll
0x00007fff287c0000 - 0x00007fff2880a000 	C:\WINDOWS\system32\powrprof.dll
0x00007fff28810000 - 0x00007fff28823000 	C:\WINDOWS\system32\profapi.dll
0x00007fff0ead0000 - 0x00007fff0ec5a000 	C:\WINDOWS\SYSTEM32\dbghelp.dll

VM Arguments:
jvm_args: -Djava.awt.headless=true -Xmx1024M -Dfile.encoding=windows-1252 -Duser.country=FR -Duser.language=fr -Duser.variant 
java_command: com.android.dx.command.Main --dex --num-threads=4 --output C:\Users\Quentin\AndroidStudioProjects\GestionnairedeSporz\app\build\intermediates\pre-dexed\debug\internal_impl-22.2.1_a9564c694648f433f00c4a59dba138a7d4c3f1e8.jar C:\Users\Quentin\AndroidStudioProjects\GestionnairedeSporz\app\build\intermediates\exploded-aar\com.android.support\support-v4\22.2.1\jars\libs\internal_impl-22.2.1.jar
java_class_path (initial): C:\Users\Quentin\AppData\Local\Android\sdk\build-tools\23.0.2\lib\dx.jar
Launcher Type: SUN_STANDARD

Environment Variables:
PATH=C:\ProgramData\Oracle\Java\javapath;C:\Program Files\Broadcom\Broadcom 802.11 Network Adapter\Driver;;C:\WINDOWS\system32;C:\WINDOWS;C:\WINDOWS\System32\Wbem;C:\WINDOWS\System32\WindowsPowerShell\v1.0\;C:\Program Files (x86)\Intel\OpenCL SDK\2.0\bin\x86;C:\Program Files (x86)\Intel\OpenCL SDK\2.0\bin\x64;C:\Program Files (x86)\NVIDIA Corporation\PhysX\Common;C:\Program Files\MiKTeX 2.9\miktex\bin\x64\;C:\WINDOWS\system32\config\systemprofile\.dnx\bin;C:\Program Files\Microsoft DNX\Dnvm\;C:\Program Files (x86)\Skype\Phone\
USERNAME=Quentin
OS=Windows_NT
PROCESSOR_IDENTIFIER=Intel64 Family 6 Model 42 Stepping 7, GenuineIntel



---------------  S Y S T E M  ---------------

OS: Windows 10.0 , 64 bit Build 10240 (10.0.10240.16384)

CPU:total 4 (2 cores per cpu, 2 threads per core) family 6 model 42 stepping 7, cmov, cx8, fxsr, mmx, sse, sse2, sse3, ssse3, sse4.1, sse4.2, popcnt, avx, clmul, ht, tsc, tscinvbit

Memory: 4k page, physical 5154956k(1150080k free), swap 7252108k(5232k free)

vm_info: Java HotSpot(TM) 64-Bit Server VM (25.51-b03) for windows-amd64 JRE (1.8.0_51-b16), built on Jun  8 2015 18:03:07 by "java_re" with MS VC++ 10.0 (VS2010)

time: Tue Dec 29 22:09:56 2015
elapsed time: 3 seconds (0d 0h 0m 3s)

