#
# There is insufficient memory for the Java Runtime Environment to continue.
# Native memory allocation (malloc) failed to allocate 1478896 bytes for Chunk::new
# Possible reasons:
#   The system is out of physical RAM or swap space
#   In 32 bit mode, the process size limit was hit
# Possible solutions:
#   Reduce memory load on the system
#   Increase physical memory or swap space
#   Check if swap backing store is full
#   Use 64 bit Java on a 64 bit OS
#   Decrease Java heap size (-Xmx/-Xms)
#   Decrease number of Java threads
#   Decrease Java thread stack sizes (-Xss)
#   Set larger code cache with -XX:ReservedCodeCacheSize=
# This output file may be truncated or incomplete.
#
#  Out of Memory Error (allocation.cpp:390), pid=4136, tid=5688
#
# JRE version: Java(TM) SE Runtime Environment (8.0_51-b16) (build 1.8.0_51-b16)
# Java VM: Java HotSpot(TM) 64-Bit Server VM (25.51-b03 mixed mode windows-amd64 compressed oops)
# Failed to write core dump. Minidumps are not enabled by default on client versions of Windows
#

---------------  T H R E A D  ---------------

Current thread (0x00000000156d9000):  JavaThread "C2 CompilerThread0" daemon [_thread_in_native, id=5688, stack(0x0000000016c50000,0x0000000016d50000)]

Stack: [0x0000000016c50000,0x0000000016d50000]
Native frames: (J=compiled Java code, j=interpreted, Vv=VM code, C=native code)
V  [jvm.dll+0x32b4ca]
V  [jvm.dll+0x2797e3]
V  [jvm.dll+0x27a479]
V  [jvm.dll+0x271765]
V  [jvm.dll+0xcba02]
V  [jvm.dll+0xcbecc]
V  [jvm.dll+0x476f72]
V  [jvm.dll+0x4b95ff]
V  [jvm.dll+0x46b745]
V  [jvm.dll+0x46cd4e]
V  [jvm.dll+0x4501a2]
V  [jvm.dll+0xa43a2]
V  [jvm.dll+0xa4cdf]
V  [jvm.dll+0x2418a4]
V  [jvm.dll+0x29846a]
C  [msvcr100.dll+0x21d9f]
C  [msvcr100.dll+0x21e3b]
C  [KERNEL32.DLL+0x12d92]
C  [ntdll.dll+0x9f64]


Current CompileTask:
C2:   2593 1465   !   4       com.android.dx.cf.cst.ConstantPoolParser::parse0 (731 bytes)


---------------  P R O C E S S  ---------------

Java Threads: ( => current thread )
  0x00000000171de800 JavaThread "pool-1-thread-4" [_thread_blocked, id=2008, stack(0x0000000017950000,0x0000000017a50000)]
  0x00000000171de000 JavaThread "pool-1-thread-3" [_thread_in_vm, id=3116, stack(0x0000000017850000,0x0000000017950000)]
  0x00000000171dd000 JavaThread "pool-1-thread-2" [_thread_in_Java, id=7132, stack(0x0000000017750000,0x0000000017850000)]
  0x00000000171ab000 JavaThread "pool-2-thread-1" [_thread_blocked, id=7236, stack(0x0000000017650000,0x0000000017750000)]
  0x00000000171a8800 JavaThread "pool-1-thread-1" [_thread_in_Java, id=8172, stack(0x0000000017550000,0x0000000017650000)]
  0x0000000016f55800 JavaThread "Service Thread" daemon [_thread_blocked, id=6728, stack(0x0000000017350000,0x0000000017450000)]
  0x0000000015739000 JavaThread "C1 CompilerThread2" daemon [_thread_in_vm, id=4968, stack(0x0000000016e50000,0x0000000016f50000)]
  0x00000000156dc800 JavaThread "C2 CompilerThread1" daemon [_thread_in_native, id=3136, stack(0x0000000016d50000,0x0000000016e50000)]
=>0x00000000156d9000 JavaThread "C2 CompilerThread0" daemon [_thread_in_native, id=5688, stack(0x0000000016c50000,0x0000000016d50000)]
  0x00000000156d8000 JavaThread "Attach Listener" daemon [_thread_blocked, id=3528, stack(0x0000000016b50000,0x0000000016c50000)]
  0x00000000156d7000 JavaThread "Signal Dispatcher" daemon [_thread_blocked, id=3176, stack(0x0000000016a50000,0x0000000016b50000)]
  0x0000000003002000 JavaThread "Finalizer" daemon [_thread_blocked, id=6660, stack(0x0000000016950000,0x0000000016a50000)]
  0x0000000002fff000 JavaThread "Reference Handler" daemon [_thread_blocked, id=8344, stack(0x0000000016850000,0x0000000016950000)]
  0x0000000002f10800 JavaThread "main" [_thread_in_vm, id=9080, stack(0x0000000002ba0000,0x0000000002ca0000)]

Other Threads:
  0x00000000156a7800 VMThread [stack: 0x0000000016750000,0x0000000016850000] [id=2184]
  0x0000000016f56800 WatcherThread [stack: 0x0000000017450000,0x0000000017550000] [id=3492]

VM state:not at safepoint (normal execution)

VM Mutex/Monitor currently owned by a thread: None

Heap:
 PSYoungGen      total 45056K, used 13653K [0x00000000eab00000, 0x00000000eda00000, 0x0000000100000000)
  eden space 41984K, 25% used [0x00000000eab00000,0x00000000eb557ab0,0x00000000ed400000)
  from space 3072K, 99% used [0x00000000ed700000,0x00000000ed9fdca8,0x00000000eda00000)
  to   space 3072K, 0% used [0x00000000ed400000,0x00000000ed400000,0x00000000ed700000)
 ParOldGen       total 54784K, used 3218K [0x00000000c0000000, 0x00000000c3580000, 0x00000000eab00000)
  object space 54784K, 5% used [0x00000000c0000000,0x00000000c0324968,0x00000000c3580000)
 Metaspace       used 6088K, capacity 7024K, committed 7296K, reserved 1056768K
  class space    used 587K, capacity 616K, committed 640K, reserved 1048576K

Card table byte_map: [0x00000000123d0000,0x00000000125e0000] byte_map_base: 0x0000000011dd0000

Marking Bits: (ParMarkBitMap*) 0x0000000061ce4040
 Begin Bits: [0x0000000012b40000, 0x0000000013b40000)
 End Bits:   [0x0000000013b40000, 0x0000000014b40000)

Polling page: 0x0000000001420000

CodeCache: size=245760Kb used=6188Kb max_used=6195Kb free=239571Kb
 bounds [0x0000000003010000, 0x0000000003630000, 0x0000000012010000]
 total_blobs=1773 nmethods=1504 adapters=182
 compilation: enabled

Compilation events (10 events):
Event: 2.567 Thread 0x0000000015739000 nmethod 1493 0x000000000360f350 code [0x000000000360f500, 0x000000000360f9e8]
Event: 2.567 Thread 0x0000000015739000 1495       3       com.android.dx.ssa.MoveParamCombiner::run (45 bytes)
Event: 2.568 Thread 0x0000000015739000 nmethod 1495 0x000000000360fbd0 code [0x000000000360fda0, 0x0000000003610658]
Event: 2.568 Thread 0x0000000015739000 1501   !   3       com.android.dx.cf.attrib.AttCode::<init> (144 bytes)
Event: 2.569 Thread 0x0000000015739000 nmethod 1501 0x0000000003610a90 code [0x0000000003610cc0, 0x0000000003611768]
Event: 2.569 Thread 0x0000000015739000 1497       3       com.android.dx.ssa.back.FirstFitLocalCombiningAllocator::<init> (141 bytes)
Event: 2.571 Thread 0x0000000015739000 nmethod 1497 0x0000000003611dd0 code [0x0000000003612060, 0x0000000003613348]
Event: 2.571 Thread 0x0000000015739000 1500       3       com.android.dx.dex.code.RopTranslator$LocalVariableAwareTranslationVisitor::<init> (17 bytes)
Event: 2.571 Thread 0x0000000015739000 nmethod 1500 0x0000000003613e10 code [0x0000000003613f80, 0x00000000036141d0]
Event: 2.571 Thread 0x0000000015739000 1498       1       com.android.dx.rop.annotation.NameValuePair::getValue (5 bytes)

GC Heap History (4 events):
Event: 1.593 GC heap before
{Heap before GC invocations=1 (full 0):
 PSYoungGen      total 24064K, used 20992K [0x00000000eab00000, 0x00000000ec580000, 0x0000000100000000)
  eden space 20992K, 100% used [0x00000000eab00000,0x00000000ebf80000,0x00000000ebf80000)
  from space 3072K, 0% used [0x00000000ec280000,0x00000000ec280000,0x00000000ec580000)
  to   space 3072K, 0% used [0x00000000ebf80000,0x00000000ebf80000,0x00000000ec280000)
 ParOldGen       total 54784K, used 0K [0x00000000c0000000, 0x00000000c3580000, 0x00000000eab00000)
  object space 54784K, 0% used [0x00000000c0000000,0x00000000c0000000,0x00000000c3580000)
 Metaspace       used 5740K, capacity 6768K, committed 7040K, reserved 1056768K
  class space    used 584K, capacity 616K, committed 640K, reserved 1048576K
Event: 1.672 GC heap after
Heap after GC invocations=1 (full 0):
 PSYoungGen      total 24064K, used 3050K [0x00000000eab00000, 0x00000000eda00000, 0x0000000100000000)
  eden space 20992K, 0% used [0x00000000eab00000,0x00000000eab00000,0x00000000ebf80000)
  from space 3072K, 99% used [0x00000000ebf80000,0x00000000ec27aaa8,0x00000000ec280000)
  to   space 3072K, 0% used [0x00000000ed700000,0x00000000ed700000,0x00000000eda00000)
 ParOldGen       total 54784K, used 1060K [0x00000000c0000000, 0x00000000c3580000, 0x00000000eab00000)
  object space 54784K, 1% used [0x00000000c0000000,0x00000000c01092c8,0x00000000c3580000)
 Metaspace       used 5740K, capacity 6768K, committed 7040K, reserved 1056768K
  class space    used 584K, capacity 616K, committed 640K, reserved 1048576K
}
Event: 2.442 GC heap before
{Heap before GC invocations=2 (full 0):
 PSYoungGen      total 24064K, used 24042K [0x00000000eab00000, 0x00000000eda00000, 0x0000000100000000)
  eden space 20992K, 100% used [0x00000000eab00000,0x00000000ebf80000,0x00000000ebf80000)
  from space 3072K, 99% used [0x00000000ebf80000,0x00000000ec27aaa8,0x00000000ec280000)
  to   space 3072K, 0% used [0x00000000ed700000,0x00000000ed700000,0x00000000eda00000)
 ParOldGen       total 54784K, used 1060K [0x00000000c0000000, 0x00000000c3580000, 0x00000000eab00000)
  object space 54784K, 1% used [0x00000000c0000000,0x00000000c01092c8,0x00000000c3580000)
 Metaspace       used 6044K, capacity 6960K, committed 7040K, reserved 1056768K
  class space    used 586K, capacity 616K, committed 640K, reserved 1048576K
Event: 2.456 GC heap after
Heap after GC invocations=2 (full 0):
 PSYoungGen      total 45056K, used 3063K [0x00000000eab00000, 0x00000000eda00000, 0x0000000100000000)
  eden space 41984K, 0% used [0x00000000eab00000,0x00000000eab00000,0x00000000ed400000)
  from space 3072K, 99% used [0x00000000ed700000,0x00000000ed9fdca8,0x00000000eda00000)
  to   space 3072K, 0% used [0x00000000ed400000,0x00000000ed400000,0x00000000ed700000)
 ParOldGen       total 54784K, used 3218K [0x00000000c0000000, 0x00000000c3580000, 0x00000000eab00000)
  object space 54784K, 5% used [0x00000000c0000000,0x00000000c0324968,0x00000000c3580000)
 Metaspace       used 6044K, capacity 6960K, committed 7040K, reserved 1056768K
  class space    used 586K, capacity 616K, committed 640K, reserved 1048576K
}

Deoptimization events (5 events):
Event: 1.019 Thread 0x0000000002f10800 Uncommon trap: reason=unstable_if action=reinterpret pc=0x000000000324249c method=java.util.HashMap.getNode(ILjava/lang/Object;)Ljava/util/HashMap$Node; @ 129
Event: 1.298 Thread 0x0000000002f10800 Uncommon trap: reason=class_check action=maybe_recompile pc=0x000000000329f330 method=com.android.dx.ssa.NormalSsaInsn.accept(Lcom/android/dx/ssa/SsaInsn$Visitor;)V @ 9
Event: 1.320 Thread 0x0000000002f10800 Uncommon trap: reason=class_check action=maybe_recompile pc=0x000000000329f330 method=com.android.dx.ssa.NormalSsaInsn.accept(Lcom/android/dx/ssa/SsaInsn$Visitor;)V @ 9
Event: 2.200 Thread 0x00000000171dd000 Uncommon trap: reason=unstable_if action=reinterpret pc=0x000000000350c570 method=com.android.dx.util.IntList.sort()V @ 8
Event: 2.283 Thread 0x00000000171de800 Uncommon trap: reason=unstable_if action=reinterpret pc=0x000000000336039c method=com.android.dx.rop.cst.Constant.compareTo(Lcom/android/dx/rop/cst/Constant;)I @ 12

Internal exceptions (2 events):
Event: 0.061 Thread 0x0000000002f10800 Exception <a 'java/lang/NoSuchMethodError': Method sun.misc.Unsafe.defineClass(Ljava/lang/String;[BII)Ljava/lang/Class; name or signature does not match> (0x00000000eab0d428) thrown at [C:\re\workspace\8-2-build-windows-amd64-cygwin\jdk8u51\3951\hotspot\sr'M±’ÙT¯?
Event: 0.061 Thread 0x0000000002f10800 Exception <a 'java/lang/NoSuchMethodError': Method sun.misc.Unsafe.prefetchRead(Ljava/lang/Object;J)V name or signature does not match> (0x00000000eab0d6b8) thrown at [C:\re\workspace\8-2-build-windows-amd64-cygwin\jdk8u51\3951\hotspot\src\share\vm\prims\j

Events (10 events):
Event: 2.200 loading class java/util/DualPivotQuicksort done
Event: 2.283 Thread 0x00000000171de800 Uncommon trap: trap_request=0xffffff65 fr.pc=0x000000000336039c
Event: 2.283 Thread 0x00000000171de800 DEOPT PACKING pc=0x000000000336039c sp=0x0000000017a4e960
Event: 2.283 Thread 0x00000000171de800 DEOPT UNPACKING pc=0x000000000305582a sp=0x0000000017a4e900 mode 2
Event: 2.325 Executing VM operation: ForceSafepoint
Event: 2.330 Executing VM operation: ForceSafepoint done
Event: 2.442 Executing VM operation: ParallelGCFailedAllocation
Event: 2.456 Executing VM operation: ParallelGCFailedAllocation done
Event: 2.463 loading class com/android/dx/cf/attrib/AttExceptions
Event: 2.463 loading class com/android/dx/cf/attrib/AttExceptions done


Dynamic libraries:
0x00007ff6cd040000 - 0x00007ff6cd077000 	C:\Program Files\Java\jdk1.8.0_51\bin\java.exe
0x00007fff2bd60000 - 0x00007fff2bf21000 	C:\WINDOWS\SYSTEM32\ntdll.dll
0x00007fff2aaf0000 - 0x00007fff2ab9d000 	C:\WINDOWS\system32\KERNEL32.DLL
0x00007fff288e0000 - 0x00007fff28abd000 	C:\WINDOWS\system32\KERNELBASE.dll
0x00007fff2b7f0000 - 0x00007fff2b896000 	C:\WINDOWS\system32\ADVAPI32.dll
0x00007fff2bc00000 - 0x00007fff2bc9d000 	C:\WINDOWS\system32\msvcrt.dll
0x00007fff2bd00000 - 0x00007fff2bd5b000 	C:\WINDOWS\system32\sechost.dll
0x00007fff2b280000 - 0x00007fff2b3a6000 	C:\WINDOWS\system32\RPCRT4.dll
0x00007fff2ac10000 - 0x00007fff2ad5e000 	C:\WINDOWS\system32\USER32.dll
0x00007fff2af90000 - 0x00007fff2b116000 	C:\WINDOWS\system32\GDI32.dll
0x00007fff22f00000 - 0x00007fff23174000 	C:\WINDOWS\WinSxS\amd64_microsoft.windows.common-controls_6595b64144ccf1df_6.0.10240.16384_none_f41f7b285750ef43\COMCTL32.dll
0x00007fff2bcc0000 - 0x00007fff2bcf6000 	C:\WINDOWS\system32\IMM32.DLL
0x00007fff2b120000 - 0x00007fff2b27c000 	C:\WINDOWS\system32\MSCTF.dll
0x00007fff25c40000 - 0x00007fff25c71000 	C:\WINDOWS\system32\nvinitx.dll
0x00007fff25b30000 - 0x00007fff25b3a000 	C:\WINDOWS\SYSTEM32\VERSION.dll
0x00007fff25950000 - 0x00007fff25a78000 	C:\WINDOWS\system32\NV\igdumd64.dll
0x00007fff2ad60000 - 0x00007fff2af25000 	C:\WINDOWS\system32\SETUPAPI.dll
0x00007fff28d50000 - 0x00007fff28d94000 	C:\WINDOWS\system32\CFGMGR32.dll
0x00007fff234a0000 - 0x00007fff235c8000 	C:\WINDOWS\system32\NV\igd10umd64.dll
0x0000000061040000 - 0x0000000061112000 	C:\Program Files\Java\jdk1.8.0_51\jre\bin\msvcr100.dll
0x00000000614e0000 - 0x0000000061d63000 	C:\Program Files\Java\jdk1.8.0_51\jre\bin\server\jvm.dll
0x00007fff2b910000 - 0x00007fff2b918000 	C:\WINDOWS\system32\PSAPI.DLL
0x00007fff23260000 - 0x00007fff23269000 	C:\WINDOWS\SYSTEM32\WSOCK32.dll
0x00007fff2b770000 - 0x00007fff2b7d9000 	C:\WINDOWS\system32\WS2_32.dll
0x00007fff2b900000 - 0x00007fff2b908000 	C:\WINDOWS\system32\NSI.dll
0x00007fff265d0000 - 0x00007fff265f3000 	C:\WINDOWS\SYSTEM32\WINMM.dll
0x00007fff265a0000 - 0x00007fff265cc000 	C:\WINDOWS\SYSTEM32\WINMMBASE.dll
0x00007fff27100000 - 0x00007fff27127000 	C:\WINDOWS\SYSTEM32\DEVOBJ.dll
0x0000000062220000 - 0x000000006222f000 	C:\Program Files\Java\jdk1.8.0_51\jre\bin\verify.dll
0x00000000621f0000 - 0x0000000062219000 	C:\Program Files\Java\jdk1.8.0_51\jre\bin\java.dll
0x00000000621d0000 - 0x00000000621e6000 	C:\Program Files\Java\jdk1.8.0_51\jre\bin\zip.dll
0x00007fff295c0000 - 0x00007fff2aae2000 	C:\WINDOWS\system32\SHELL32.dll
0x00007fff28e00000 - 0x00007fff29428000 	C:\WINDOWS\system32\windows.storage.dll
0x00007fff2b920000 - 0x00007fff2bb9c000 	C:\WINDOWS\system32\combase.dll
0x00007fff2af30000 - 0x00007fff2af81000 	C:\WINDOWS\system32\shlwapi.dll
0x00007fff287b0000 - 0x00007fff287bf000 	C:\WINDOWS\system32\kernel.appcore.dll
0x00007fff28ac0000 - 0x00007fff28b73000 	C:\WINDOWS\system32\shcore.dll
0x00007fff287c0000 - 0x00007fff2880a000 	C:\WINDOWS\system32\powrprof.dll
0x00007fff28810000 - 0x00007fff28823000 	C:\WINDOWS\system32\profapi.dll
0x00007fff0ead0000 - 0x00007fff0ec5a000 	C:\WINDOWS\SYSTEM32\dbghelp.dll

VM Arguments:
jvm_args: -Djava.awt.headless=true -Xmx1024M -Dfile.encoding=windows-1252 -Duser.country=FR -Duser.language=fr -Duser.variant 
java_command: com.android.dx.command.Main --dex --num-threads=4 --output C:\Users\Quentin\AndroidStudioProjects\GestionnairedeSporz\app\build\intermediates\pre-dexed\debug\internal_impl-22.2.1_a9564c694648f433f00c4a59dba138a7d4c3f1e8.jar C:\Users\Quentin\AndroidStudioProjects\GestionnairedeSporz\app\build\intermediates\exploded-aar\com.android.support\support-v4\22.2.1\jars\libs\internal_impl-22.2.1.jar
java_class_path (initial): C:\Users\Quentin\AppData\Local\Android\sdk\build-tools\23.0.2\lib\dx.jar
Launcher Type: SUN_STANDARD

Environment Variables:
PATH=C:\ProgramData\Oracle\Java\javapath;C:\Program Files\Broadcom\Broadcom 802.11 Network Adapter\Driver;;C:\WINDOWS\system32;C:\WINDOWS;C:\WINDOWS\System32\Wbem;C:\WINDOWS\System32\WindowsPowerShell\v1.0\;C:\Program Files (x86)\Intel\OpenCL SDK\2.0\bin\x86;C:\Program Files (x86)\Intel\OpenCL SDK\2.0\bin\x64;C:\Program Files (x86)\NVIDIA Corporation\PhysX\Common;C:\Program Files\MiKTeX 2.9\miktex\bin\x64\;C:\WINDOWS\system32\config\systemprofile\.dnx\bin;C:\Program Files\Microsoft DNX\Dnvm\;C:\Program Files (x86)\Skype\Phone\
USERNAME=Quentin
OS=Windows_NT
PROCESSOR_IDENTIFIER=Intel64 Family 6 Model 42 Stepping 7, GenuineIntel



---------------  S Y S T E M  ---------------

OS: Windows 10.0 , 64 bit Build 10240 (10.0.10240.16384)

CPU:total 4 (2 cores per cpu, 2 threads per core) family 6 model 42 stepping 7, cmov, cx8, fxsr, mmx, sse, sse2, sse3, ssse3, sse4.1, sse4.2, popcnt, avx, clmul, ht, tsc, tscinvbit

Memory: 4k page, physical 5154956k(1036756k free), swap 7252108k(4092k free)

vm_info: Java HotSpot(TM) 64-Bit Server VM (25.51-b03) for windows-amd64 JRE (1.8.0_51-b16), built on Jun  8 2015 18:03:07 by "java_re" with MS VC++ 10.0 (VS2010)

time: Tue Dec 29 16:15:17 2015
elapsed time: 2 seconds (0d 0h 0m 2s)

