#
# There is insufficient memory for the Java Runtime Environment to continue.
# Native memory allocation (malloc) failed to allocate 32744 bytes for ChunkPool::allocate
# Possible reasons:
#   The system is out of physical RAM or swap space
#   In 32 bit mode, the process size limit was hit
# Possible solutions:
#   Reduce memory load on the system
#   Increase physical memory or swap space
#   Check if swap backing store is full
#   Use 64 bit Java on a 64 bit OS
#   Decrease Java heap size (-Xmx/-Xms)
#   Decrease number of Java threads
#   Decrease Java thread stack sizes (-Xss)
#   Set larger code cache with -XX:ReservedCodeCacheSize=
# This output file may be truncated or incomplete.
#
#  Out of Memory Error (allocation.cpp:273), pid=8668, tid=1020
#
# JRE version: Java(TM) SE Runtime Environment (8.0_51-b16) (build 1.8.0_51-b16)
# Java VM: Java HotSpot(TM) 64-Bit Server VM (25.51-b03 mixed mode windows-amd64 compressed oops)
# Failed to write core dump. Minidumps are not enabled by default on client versions of Windows
#

---------------  T H R E A D  ---------------

Current thread (0x0000000014fe8800):  JavaThread "C2 CompilerThread0" daemon [_thread_in_vm, id=1020, stack(0x0000000016570000,0x0000000016670000)]

Stack: [0x0000000016570000,0x0000000016670000]
Native frames: (J=compiled Java code, j=interpreted, Vv=VM code, C=native code)
V  [jvm.dll+0x32b4ca]


---------------  P R O C E S S  ---------------

Java Threads: ( => current thread )
  0x0000000014fff000 JavaThread "C1 CompilerThread2" daemon [_thread_blocked, id=8740, stack(0x0000000016770000,0x0000000016870000)]
  0x0000000014ff0000 JavaThread "C2 CompilerThread1" daemon [_thread_in_vm, id=2160, stack(0x0000000016670000,0x0000000016770000)]
=>0x0000000014fe8800 JavaThread "C2 CompilerThread0" daemon [_thread_in_vm, id=1020, stack(0x0000000016570000,0x0000000016670000)]
  0x0000000014fe7000 JavaThread "Attach Listener" daemon [_thread_blocked, id=7220, stack(0x0000000016470000,0x0000000016570000)]
  0x0000000014fe5800 JavaThread "Signal Dispatcher" daemon [_thread_blocked, id=8248, stack(0x0000000016370000,0x0000000016470000)]
  0x0000000002910800 JavaThread "Finalizer" daemon [_thread_blocked, id=7332, stack(0x0000000016270000,0x0000000016370000)]
  0x000000000290d000 JavaThread "Reference Handler" daemon [_thread_blocked, id=3584, stack(0x0000000016170000,0x0000000016270000)]
  0x0000000002820800 JavaThread "main" [_thread_in_native, id=5352, stack(0x0000000002700000,0x0000000002800000)]

Other Threads:
  0x0000000014fb7800 VMThread [stack: 0x0000000016070000,0x0000000016170000] [id=2196]

VM state:not at safepoint (normal execution)

VM Mutex/Monitor currently owned by a thread: None

Heap:
 PSYoungGen      total 24064K, used 419K [0x00000000eab00000, 0x00000000ec580000, 0x0000000100000000)
  eden space 20992K, 2% used [0x00000000eab00000,0x00000000eab68f68,0x00000000ebf80000)
  from space 3072K, 0% used [0x00000000ec280000,0x00000000ec280000,0x00000000ec580000)
  to   space 3072K, 0% used [0x00000000ebf80000,0x00000000ebf80000,0x00000000ec280000)
 ParOldGen       total 54784K, used 0K [0x00000000c0000000, 0x00000000c3580000, 0x00000000eab00000)
  object space 54784K, 0% used [0x00000000c0000000,0x00000000c0000000,0x00000000c3580000)
 Metaspace       used 2046K, capacity 4480K, committed 4480K, reserved 1056768K
  class space    used 225K, capacity 384K, committed 384K, reserved 1048576K

Card table byte_map: [0x0000000011ce0000,0x0000000011ef0000] byte_map_base: 0x00000000116e0000

Marking Bits: (ParMarkBitMap*) 0x0000000061bd4040
 Begin Bits: [0x0000000012450000, 0x0000000013450000)
 End Bits:   [0x0000000013450000, 0x0000000014450000)

Polling page: 0x0000000002620000

CodeCache: size=245760Kb used=1017Kb max_used=1017Kb free=244742Kb
 bounds [0x0000000002920000, 0x0000000002b90000, 0x0000000011920000]
 total_blobs=196 nmethods=0 adapters=126
 compilation: enabled

Compilation events (0 events):
No events

GC Heap History (0 events):
No events

Deoptimization events (0 events):
No events

Internal exceptions (2 events):
Event: 0.091 Thread 0x0000000002820800 Exception <a 'java/lang/NoSuchMethodError': Method sun.misc.Unsafe.defineClass(Ljava/lang/String;[BII)Ljava/lang/Class; name or signature does not match> (0x00000000eab0d500) thrown at [C:\re\workspace\8-2-build-windows-amd64-cygwin\jdk8u51\3951\hotspot\srWÛAD∑?
Event: 0.091 Thread 0x0000000002820800 Exception <a 'java/lang/NoSuchMethodError': Method sun.misc.Unsafe.prefetchRead(Ljava/lang/Object;J)V name or signature does not match> (0x00000000eab0d790) thrown at [C:\re\workspace\8-2-build-windows-amd64-cygwin\jdk8u51\3951\hotspot\src\share\vm\prims\j

Events (10 events):
Event: 0.146 loading class sun/net/www/protocol/jar/Handler
Event: 0.146 loading class sun/net/www/protocol/jar/Handler done
Event: 0.147 loading class sun/misc/Launcher$AppClassLoader$1
Event: 0.147 loading class sun/misc/Launcher$AppClassLoader$1 done
Event: 0.149 loading class java/lang/SystemClassLoaderAction
Event: 0.149 loading class java/lang/SystemClassLoaderAction done
Event: 0.149 Thread 0x0000000014fe5800 Thread added: 0x0000000014fe5800
Event: 0.149 Thread 0x0000000014fe7000 Thread added: 0x0000000014fe7000
Event: 0.149 Thread 0x0000000014fe8800 Thread added: 0x0000000014fe8800
Event: 0.153 Thread 0x0000000014ff0000 Thread added: 0x0000000014ff0000


Dynamic libraries:
0x00007ff703200000 - 0x00007ff703237000 	C:\Program Files\Java\jdk1.8.0_51\bin\java.exe
0x00007fff2bd60000 - 0x00007fff2bf21000 	C:\WINDOWS\SYSTEM32\ntdll.dll
0x00007fff2aaf0000 - 0x00007fff2ab9d000 	C:\WINDOWS\system32\KERNEL32.DLL
0x00007fff288e0000 - 0x00007fff28abd000 	C:\WINDOWS\system32\KERNELBASE.dll
0x00007fff2b7f0000 - 0x00007fff2b896000 	C:\WINDOWS\system32\ADVAPI32.dll
0x00007fff2bc00000 - 0x00007fff2bc9d000 	C:\WINDOWS\system32\msvcrt.dll
0x00007fff2bd00000 - 0x00007fff2bd5b000 	C:\WINDOWS\system32\sechost.dll
0x00007fff2b280000 - 0x00007fff2b3a6000 	C:\WINDOWS\system32\RPCRT4.dll
0x00007fff2ac10000 - 0x00007fff2ad5e000 	C:\WINDOWS\system32\USER32.dll
0x00007fff2af90000 - 0x00007fff2b116000 	C:\WINDOWS\system32\GDI32.dll
0x00007fff22f00000 - 0x00007fff23174000 	C:\WINDOWS\WinSxS\amd64_microsoft.windows.common-controls_6595b64144ccf1df_6.0.10240.16384_none_f41f7b285750ef43\COMCTL32.dll
0x00007fff2bcc0000 - 0x00007fff2bcf6000 	C:\WINDOWS\system32\IMM32.DLL
0x00007fff2b120000 - 0x00007fff2b27c000 	C:\WINDOWS\system32\MSCTF.dll
0x00007fff25c40000 - 0x00007fff25c71000 	C:\WINDOWS\system32\nvinitx.dll
0x00007fff25b30000 - 0x00007fff25b3a000 	C:\WINDOWS\SYSTEM32\VERSION.dll
0x00007fff25950000 - 0x00007fff25a78000 	C:\WINDOWS\system32\NV\igdumd64.dll
0x00007fff2ad60000 - 0x00007fff2af25000 	C:\WINDOWS\system32\SETUPAPI.dll
0x00007fff28d50000 - 0x00007fff28d94000 	C:\WINDOWS\system32\CFGMGR32.dll
0x00007fff234a0000 - 0x00007fff235c8000 	C:\WINDOWS\system32\NV\igd10umd64.dll
0x0000000060f80000 - 0x0000000061052000 	C:\Program Files\Java\jdk1.8.0_51\jre\bin\msvcr100.dll
0x00000000613d0000 - 0x0000000061c53000 	C:\Program Files\Java\jdk1.8.0_51\jre\bin\server\jvm.dll
0x00007fff2b910000 - 0x00007fff2b918000 	C:\WINDOWS\system32\PSAPI.DLL
0x00007fff26db0000 - 0x00007fff26db9000 	C:\WINDOWS\SYSTEM32\WSOCK32.dll
0x00007fff2b770000 - 0x00007fff2b7d9000 	C:\WINDOWS\system32\WS2_32.dll
0x00007fff2b900000 - 0x00007fff2b908000 	C:\WINDOWS\system32\NSI.dll
0x00007fff265d0000 - 0x00007fff265f3000 	C:\WINDOWS\SYSTEM32\WINMM.dll
0x00007fff265a0000 - 0x00007fff265cc000 	C:\WINDOWS\SYSTEM32\WINMMBASE.dll
0x00007fff27100000 - 0x00007fff27127000 	C:\WINDOWS\SYSTEM32\DEVOBJ.dll
0x0000000062160000 - 0x000000006216f000 	C:\Program Files\Java\jdk1.8.0_51\jre\bin\verify.dll
0x00000000613a0000 - 0x00000000613c9000 	C:\Program Files\Java\jdk1.8.0_51\jre\bin\java.dll
0x0000000061380000 - 0x0000000061396000 	C:\Program Files\Java\jdk1.8.0_51\jre\bin\zip.dll
0x00007fff295c0000 - 0x00007fff2aae2000 	C:\WINDOWS\system32\SHELL32.dll
0x00007fff28e00000 - 0x00007fff29428000 	C:\WINDOWS\system32\windows.storage.dll
0x00007fff2b920000 - 0x00007fff2bb9c000 	C:\WINDOWS\system32\combase.dll
0x00007fff2af30000 - 0x00007fff2af81000 	C:\WINDOWS\system32\shlwapi.dll
0x00007fff287b0000 - 0x00007fff287bf000 	C:\WINDOWS\system32\kernel.appcore.dll
0x00007fff28ac0000 - 0x00007fff28b73000 	C:\WINDOWS\system32\shcore.dll
0x00007fff287c0000 - 0x00007fff2880a000 	C:\WINDOWS\system32\powrprof.dll
0x00007fff28810000 - 0x00007fff28823000 	C:\WINDOWS\system32\profapi.dll
0x00007fff0ead0000 - 0x00007fff0ec5a000 	C:\WINDOWS\SYSTEM32\dbghelp.dll

VM Arguments:
jvm_args: -Djava.awt.headless=true -Xmx1024M -Dfile.encoding=windows-1252 -Duser.country=FR -Duser.language=fr -Duser.variant 
java_command: com.android.dx.command.Main --dex --num-threads=4 --output C:\Users\Quentin\AndroidStudioProjects\GestionnairedeSporz\app\build\intermediates\pre-dexed\debug\debug_ef84890c846d58d097dd939c727589a03fd8a1b5.jar C:\Users\Quentin\AndroidStudioProjects\GestionnairedeSporz\app\build\intermediates\classes\debug
java_class_path (initial): C:\Users\Quentin\AppData\Local\Android\sdk\build-tools\23.0.2\lib\dx.jar
Launcher Type: SUN_STANDARD

Environment Variables:
PATH=C:\ProgramData\Oracle\Java\javapath;C:\Program Files\Broadcom\Broadcom 802.11 Network Adapter\Driver;;C:\WINDOWS\system32;C:\WINDOWS;C:\WINDOWS\System32\Wbem;C:\WINDOWS\System32\WindowsPowerShell\v1.0\;C:\Program Files (x86)\Intel\OpenCL SDK\2.0\bin\x86;C:\Program Files (x86)\Intel\OpenCL SDK\2.0\bin\x64;C:\Program Files (x86)\NVIDIA Corporation\PhysX\Common;C:\Program Files\MiKTeX 2.9\miktex\bin\x64\;C:\WINDOWS\system32\config\systemprofile\.dnx\bin;C:\Program Files\Microsoft DNX\Dnvm\;C:\Program Files (x86)\Skype\Phone\
USERNAME=Quentin
OS=Windows_NT
PROCESSOR_IDENTIFIER=Intel64 Family 6 Model 42 Stepping 7, GenuineIntel



---------------  S Y S T E M  ---------------

OS: Windows 10.0 , 64 bit Build 10240 (10.0.10240.16384)

CPU:total 4 (2 cores per cpu, 2 threads per core) family 6 model 42 stepping 7, cmov, cx8, fxsr, mmx, sse, sse2, sse3, ssse3, sse4.1, sse4.2, popcnt, avx, clmul, ht, tsc, tscinvbit

Memory: 4k page, physical 5154956k(1374436k free), swap 7252108k(86156k free)

vm_info: Java HotSpot(TM) 64-Bit Server VM (25.51-b03) for windows-amd64 JRE (1.8.0_51-b16), built on Jun  8 2015 18:03:07 by "java_re" with MS VC++ 10.0 (VS2010)

time: Wed Dec 30 21:10:38 2015
elapsed time: 0 seconds (0d 0h 0m 0s)

