#
# There is insufficient memory for the Java Runtime Environment to continue.
# Native memory allocation (mmap) failed to map 142606336 bytes for committing reserved memory.
# Possible reasons:
#   The system is out of physical RAM or swap space
#   In 32 bit mode, the process size limit was hit
# Possible solutions:
#   Reduce memory load on the system
#   Increase physical memory or swap space
#   Check if swap backing store is full
#   Use 64 bit Java on a 64 bit OS
#   Decrease Java heap size (-Xmx/-Xms)
#   Decrease number of Java threads
#   Decrease Java thread stack sizes (-Xss)
#   Set larger code cache with -XX:ReservedCodeCacheSize=
# This output file may be truncated or incomplete.
#
#  Out of Memory Error (os_linux.cpp:2630), pid=2191, tid=140182303688448
#
# JRE version: OpenJDK Runtime Environment (8.0_03-b03) (build 1.8.0_03-Ubuntu-8u77-b03-3ubuntu3-b03)
# Java VM: OpenJDK 64-Bit Server VM (25.03-b03 mixed mode linux-amd64 compressed oops)
# Failed to write core dump. Core dumps have been disabled. To enable core dumping, try "ulimit -c unlimited" before starting Java again
#

---------------  T H R E A D  ---------------

Current thread (0x00007f7eec07f800):  VMThread [stack: 0x00007f7ebc5a4000,0x00007f7ebc6a5000] [id=2238]

Stack: [0x00007f7ebc5a4000,0x00007f7ebc6a5000],  sp=0x00007f7ebc6a34c0,  free space=1021k
Native frames: (J=compiled Java code, j=interpreted, Vv=VM code, C=native code)
V  [libjvm.so+0xa5b7cb]
V  [libjvm.so+0x4c0a0c]
V  [libjvm.so+0x8acdb0]
V  [libjvm.so+0x8a722e]
V  [libjvm.so+0x920e86]
V  [libjvm.so+0x9221b3]
V  [libjvm.so+0x91e863]
V  [libjvm.so+0x91eb2c]
V  [libjvm.so+0x8d1643]
V  [libjvm.so+0xa5d482]
V  [libjvm.so+0xa62507]
V  [libjvm.so+0xa5fcd7]
V  [libjvm.so+0xa6115f]
V  [libjvm.so+0xa61651]
V  [libjvm.so+0x8aa292]

VM_Operation (0x00007f7eab038eb0): ParallelGCFailedAllocation, mode: safepoint, requested by thread 0x00007f7eec1b1000


---------------  P R O C E S S  ---------------

Java Threads: ( => current thread )
  0x00007f7eec1bf000 JavaThread "pool-1-thread-4" [_thread_blocked, id=2301, stack(0x00007f7eaad38000,0x00007f7eaae39000)]
  0x00007f7eec1bd000 JavaThread "pool-1-thread-3" [_thread_blocked, id=2299, stack(0x00007f7eaae39000,0x00007f7eaaf3a000)]
  0x00007f7eec1b1000 JavaThread "pool-1-thread-2" [_thread_blocked, id=2298, stack(0x00007f7eaaf3a000,0x00007f7eab03b000)]
  0x00007f7eec1a7800 JavaThread "pool-2-thread-1" [_thread_blocked, id=2296, stack(0x00007f7eab03b000,0x00007f7eab13c000)]
  0x00007f7eec1a5800 JavaThread "pool-1-thread-1" [_thread_blocked, id=2295, stack(0x00007f7eab13c000,0x00007f7eab23d000)]
  0x00007f7eec0ed000 JavaThread "Service Thread" daemon [_thread_blocked, id=2275, stack(0x00007f7eab33e000,0x00007f7eab43f000)]
  0x00007f7eec0c0000 JavaThread "C1 CompilerThread3" daemon [_thread_blocked, id=2274, stack(0x00007f7eab43f000,0x00007f7eab540000)]
  0x00007f7eec0bb800 JavaThread "C2 CompilerThread2" daemon [_thread_blocked, id=2273, stack(0x00007f7eab540000,0x00007f7eab641000)]
  0x00007f7eec0b9800 JavaThread "C2 CompilerThread1" daemon [_thread_blocked, id=2272, stack(0x00007f7ebc09f000,0x00007f7ebc1a0000)]
  0x00007f7eec0b6800 JavaThread "C2 CompilerThread0" daemon [_thread_blocked, id=2271, stack(0x00007f7ebc1a0000,0x00007f7ebc2a1000)]
  0x00007f7eec0b4800 JavaThread "Signal Dispatcher" daemon [_thread_blocked, id=2270, stack(0x00007f7ebc2a1000,0x00007f7ebc3a2000)]
  0x00007f7eec08c000 JavaThread "Finalizer" daemon [_thread_blocked, id=2251, stack(0x00007f7ebc3a2000,0x00007f7ebc4a3000)]
  0x00007f7eec087800 JavaThread "Reference Handler" daemon [_thread_blocked, id=2246, stack(0x00007f7ebc4a3000,0x00007f7ebc5a4000)]
  0x00007f7eec00a000 JavaThread "main" [_thread_blocked, id=2204, stack(0x00007f7ef43f7000,0x00007f7ef44f8000)]

Other Threads:
=>0x00007f7eec07f800 VMThread [stack: 0x00007f7ebc5a4000,0x00007f7ebc6a5000] [id=2238]
  0x00007f7eec0ef800 WatcherThread [stack: 0x00007f7eab23d000,0x00007f7eab33e000] [id=2277]

VM state:at safepoint (normal execution)

VM Mutex/Monitor currently owned by a thread:  ([mutex/lock_event])
[0x00007f7eec006770] Threads_lock - owner thread: 0x00007f7eec07f800
[0x00007f7eec006c70] Heap_lock - owner thread: 0x00007f7eec1b1000

Heap:
 PSYoungGen      total 202240K, used 7651K [0x00000000eab00000, 0x00000000f7800000, 0x0000000100000000)
  eden space 194560K, 0% used [0x00000000eab00000,0x00000000eab00000,0x00000000f6900000)
  from space 7680K, 99% used [0x00000000f6900000,0x00000000f7078e68,0x00000000f7080000)
  to   space 7680K, 0% used [0x00000000f7080000,0x00000000f7080000,0x00000000f7800000)
 ParOldGen       total 128512K, used 108942K [0x00000000c0000000, 0x00000000c7d80000, 0x00000000eab00000)
  object space 128512K, 84% used [0x00000000c0000000,0x00000000c6a63bb0,0x00000000c7d80000)
 Metaspace       used 5875K, capacity 7088K, committed 7296K, reserved 1056768K
  class space    used 549K, capacity 616K, committed 640K, reserved 1048576K

Card table byte_map: [0x00007f7ef08c2000,0x00007f7ef0ac3000] byte_map_base: 0x00007f7ef02c2000

Marking Bits: (ParMarkBitMap*) 0x00007f7ef36c6fc0
 Begin Bits: [0x00007f7ebe000000, 0x00007f7ebf000000)
 End Bits:   [0x00007f7ebf000000, 0x00007f7ec0000000)

Polling page: 0x00007f7ef4517000

CodeCache: size=245760Kb used=7182Kb max_used=7182Kb free=238577Kb
 bounds [0x00007f7edd000000, 0x00007f7edd710000, 0x00007f7eec000000]
 total_blobs=2014 nmethods=1753 adapters=175
 compilation: enabled

Compilation events (10 events):
Event: 6,188 Thread 0x00007f7eec0c0000 2061       2       java.util.ArrayList$SubList::get (23 bytes)
Event: 6,189 Thread 0x00007f7eec0b9800 nmethod 2043 0x00007f7edd706ad0 code [0x00007f7edd706ce0, 0x00007f7edd707bb8]
Event: 6,189 Thread 0x00007f7eec0b9800 2060       4       com.android.dx.ssa.SsaBasicBlock::forEachInsn (37 bytes)
Event: 6,189 Thread 0x00007f7eec0c0000 nmethod 2061 0x00007f7edd6f5a50 code [0x00007f7edd6f5be0, 0x00007f7edd6f5ec8]
Event: 6,224 Thread 0x00007f7eec0c0000 2064       3       com.android.dx.rop.type.StdTypeList::withFirst (53 bytes)
Event: 6,226 Thread 0x00007f7eec0c0000 nmethod 2064 0x00007f7edd704a90 code [0x00007f7edd704d00, 0x00007f7edd705e38]
Event: 6,226 Thread 0x00007f7eec0c0000 2062       3       com.android.dx.ssa.back.InterferenceGraph::<init> (42 bytes)
Event: 6,227 Thread 0x00007f7eec0c0000 nmethod 2062 0x00007f7edd6f4310 code [0x00007f7edd6f4540, 0x00007f7edd6f5258]
Event: 6,227 Thread 0x00007f7eec0c0000 2063       2       com.android.dx.util.IntList::equals (82 bytes)
Event: 6,227 Thread 0x00007f7eec0c0000 nmethod 2063 0x00007f7edd708c90 code [0x00007f7edd708e20, 0x00007f7edd709130]

GC Heap History (9 events):
Event: 1,451 GC heap before
{Heap before GC invocations=1 (full 0):
 PSYoungGen      total 56320K, used 48640K [0x00000000eab00000, 0x00000000ee980000, 0x0000000100000000)
  eden space 48640K, 100% used [0x00000000eab00000,0x00000000eda80000,0x00000000eda80000)
  from space 7680K, 0% used [0x00000000ee200000,0x00000000ee200000,0x00000000ee980000)
  to   space 7680K, 0% used [0x00000000eda80000,0x00000000eda80000,0x00000000ee200000)
 ParOldGen       total 128512K, used 0K [0x00000000c0000000, 0x00000000c7d80000, 0x00000000eab00000)
  object space 128512K, 0% used [0x00000000c0000000,0x00000000c0000000,0x00000000c7d80000)
 Metaspace       used 5503K, capacity 6768K, committed 7040K, reserved 1056768K
  class space    used 545K, capacity 616K, committed 640K, reserved 1048576K
Event: 1,494 GC heap after
Heap after GC invocations=1 (full 0):
 PSYoungGen      total 56320K, used 7675K [0x00000000eab00000, 0x00000000f1900000, 0x0000000100000000)
  eden space 48640K, 0% used [0x00000000eab00000,0x00000000eab00000,0x00000000eda80000)
  from space 7680K, 99% used [0x00000000eda80000,0x00000000ee1fef58,0x00000000ee200000)
  to   space 7680K, 0% used [0x00000000f1180000,0x00000000f1180000,0x00000000f1900000)
 ParOldGen       total 128512K, used 1772K [0x00000000c0000000, 0x00000000c7d80000, 0x00000000eab00000)
  object space 128512K, 1% used [0x00000000c0000000,0x00000000c01bb0b8,0x00000000c7d80000)
 Metaspace       used 5503K, capacity 6768K, committed 7040K, reserved 1056768K
  class space    used 545K, capacity 616K, committed 640K, reserved 1048576K
}
Event: 2,041 GC heap before
{Heap before GC invocations=2 (full 0):
 PSYoungGen      total 56320K, used 56315K [0x00000000eab00000, 0x00000000f1900000, 0x0000000100000000)
  eden space 48640K, 100% used [0x00000000eab00000,0x00000000eda80000,0x00000000eda80000)
  from space 7680K, 99% used [0x00000000eda80000,0x00000000ee1fef58,0x00000000ee200000)
  to   space 7680K, 0% used [0x00000000f1180000,0x00000000f1180000,0x00000000f1900000)
 ParOldGen       total 128512K, used 1772K [0x00000000c0000000, 0x00000000c7d80000, 0x00000000eab00000)
  object space 128512K, 1% used [0x00000000c0000000,0x00000000c01bb0b8,0x00000000c7d80000)
 Metaspace       used 5556K, capacity 6832K, committed 7040K, reserved 1056768K
  class space    used 545K, capacity 616K, committed 640K, reserved 1048576K
Event: 2,126 GC heap after
Heap after GC invocations=2 (full 0):
 PSYoungGen      total 104960K, used 7672K [0x00000000eab00000, 0x00000000f1900000, 0x0000000100000000)
  eden space 97280K, 0% used [0x00000000eab00000,0x00000000eab00000,0x00000000f0a00000)
  from space 7680K, 99% used [0x00000000f1180000,0x00000000f18fe198,0x00000000f1900000)
  to   space 7680K, 0% used [0x00000000f0a00000,0x00000000f0a00000,0x00000000f1180000)
 ParOldGen       total 128512K, used 24330K [0x00000000c0000000, 0x00000000c7d80000, 0x00000000eab00000)
  object space 128512K, 18% used [0x00000000c0000000,0x00000000c17c2bf8,0x00000000c7d80000)
 Metaspace       used 5556K, capacity 6832K, committed 7040K, reserved 1056768K
  class space    used 545K, capacity 616K, committed 640K, reserved 1048576K
}
Event: 3,309 GC heap before
{Heap before GC invocations=3 (full 0):
 PSYoungGen      total 104960K, used 104952K [0x00000000eab00000, 0x00000000f1900000, 0x0000000100000000)
  eden space 97280K, 100% used [0x00000000eab00000,0x00000000f0a00000,0x00000000f0a00000)
  from space 7680K, 99% used [0x00000000f1180000,0x00000000f18fe198,0x00000000f1900000)
  to   space 7680K, 0% used [0x00000000f0a00000,0x00000000f0a00000,0x00000000f1180000)
 ParOldGen       total 128512K, used 24330K [0x00000000c0000000, 0x00000000c7d80000, 0x00000000eab00000)
  object space 128512K, 18% used [0x00000000c0000000,0x00000000c17c2bf8,0x00000000c7d80000)
 Metaspace       used 5658K, capacity 6960K, committed 7040K, reserved 1056768K
  class space    used 548K, capacity 616K, committed 640K, reserved 1048576K
Event: 3,469 GC heap after
Heap after GC invocations=3 (full 0):
 PSYoungGen      total 104960K, used 7679K [0x00000000eab00000, 0x00000000f7800000, 0x0000000100000000)
  eden space 97280K, 0% used [0x00000000eab00000,0x00000000eab00000,0x00000000f0a00000)
  from space 7680K, 99% used [0x00000000f0a00000,0x00000000f117fe90,0x00000000f1180000)
  to   space 7680K, 0% used [0x00000000f7080000,0x00000000f7080000,0x00000000f7800000)
 ParOldGen       total 128512K, used 45239K [0x00000000c0000000, 0x00000000c7d80000, 0x00000000eab00000)
  object space 128512K, 35% used [0x00000000c0000000,0x00000000c2c2dd98,0x00000000c7d80000)
 Metaspace       used 5658K, capacity 6960K, committed 7040K, reserved 1056768K
  class space    used 548K, capacity 616K, committed 640K, reserved 1048576K
}
Event: 4,085 GC heap before
{Heap before GC invocations=4 (full 0):
 PSYoungGen      total 104960K, used 104959K [0x00000000eab00000, 0x00000000f7800000, 0x0000000100000000)
  eden space 97280K, 100% used [0x00000000eab00000,0x00000000f0a00000,0x00000000f0a00000)
  from space 7680K, 99% used [0x00000000f0a00000,0x00000000f117fe90,0x00000000f1180000)
  to   space 7680K, 0% used [0x00000000f7080000,0x00000000f7080000,0x00000000f7800000)
 ParOldGen       total 128512K, used 45239K [0x00000000c0000000, 0x00000000c7d80000, 0x00000000eab00000)
  object space 128512K, 35% used [0x00000000c0000000,0x00000000c2c2dd98,0x00000000c7d80000)
 Metaspace       used 5713K, capacity 6960K, committed 7040K, reserved 1056768K
  class space    used 549K, capacity 616K, committed 640K, reserved 1048576K
Event: 4,320 GC heap after
Heap after GC invocations=4 (full 0):
 PSYoungGen      total 202240K, used 7668K [0x00000000eab00000, 0x00000000f7800000, 0x0000000100000000)
  eden space 194560K, 0% used [0x00000000eab00000,0x00000000eab00000,0x00000000f6900000)
  from space 7680K, 99% used [0x00000000f7080000,0x00000000f77fd048,0x00000000f7800000)
  to   space 7680K, 0% used [0x00000000f6900000,0x00000000f6900000,0x00000000f7080000)
 ParOldGen       total 128512K, used 77300K [0x00000000c0000000, 0x00000000c7d80000, 0x00000000eab00000)
  object space 128512K, 60% used [0x00000000c0000000,0x00000000c4b7d168,0x00000000c7d80000)
 Metaspace       used 5713K, capacity 6960K, committed 7040K, reserved 1056768K
  class space    used 549K, capacity 616K, committed 640K, reserved 1048576K
}
Event: 6,268 GC heap before
{Heap before GC invocations=5 (full 0):
 PSYoungGen      total 202240K, used 202228K [0x00000000eab00000, 0x00000000f7800000, 0x0000000100000000)
  eden space 194560K, 100% used [0x00000000eab00000,0x00000000f6900000,0x00000000f6900000)
  from space 7680K, 99% used [0x00000000f7080000,0x00000000f77fd048,0x00000000f7800000)
  to   space 7680K, 0% used [0x00000000f6900000,0x00000000f6900000,0x00000000f7080000)
 ParOldGen       total 128512K, used 77300K [0x00000000c0000000, 0x00000000c7d80000, 0x00000000eab00000)
  object space 128512K, 60% used [0x00000000c0000000,0x00000000c4b7d168,0x00000000c7d80000)
 Metaspace       used 5875K, capacity 7088K, committed 7296K, reserved 1056768K
  class space    used 549K, capacity 616K, committed 640K, reserved 1048576K

Deoptimization events (10 events):
Event: 3,242 Thread 0x00007f7eec1bd000 Uncommon trap: reason=unstable_if action=reinterpret pc=0x00007f7edd3b4d18 method=com.android.dx.rop.code.LocalItem.hashCode()I @ 25
Event: 3,242 Thread 0x00007f7eec1a5800 Uncommon trap: reason=unstable_if action=reinterpret pc=0x00007f7edd30f344 method=com.android.dx.rop.code.RegisterSpec.equals(ILcom/android/dx/rop/type/TypeBearer;Lcom/android/dx/rop/code/LocalItem;)Z @ 16
Event: 3,286 Thread 0x00007f7eec1bd000 Uncommon trap: reason=unstable_if action=reinterpret pc=0x00007f7edd357720 method=com.android.dx.rop.code.LocalItem.hashCode()I @ 25
Event: 3,519 Thread 0x00007f7eec1bf000 Uncommon trap: reason=unstable_if action=reinterpret pc=0x00007f7edd375990 method=com.android.dx.rop.code.LocalItem.hashCode()I @ 25
Event: 4,833 Thread 0x00007f7eec1bd000 Uncommon trap: reason=unstable_if action=reinterpret pc=0x00007f7edd4e03bc method=com.android.dx.ssa.SsaRenamer$BlockRenamer.visitMoveInsn(Lcom/android/dx/ssa/NormalSsaInsn;)V @ 104
Event: 4,864 Thread 0x00007f7eec1bd000 Uncommon trap: reason=unstable_if action=reinterpret pc=0x00007f7edd6488e0 method=com.android.dx.rop.code.Insn.equalsHandleNulls(Ljava/lang/Object;Ljava/lang/Object;)Z @ 14
Event: 5,537 Thread 0x00007f7eec00a000 Uncommon trap: reason=bimorphic action=maybe_recompile pc=0x00007f7edd699e7c method=com.android.dx.ssa.NormalSsaInsn.accept(Lcom/android/dx/ssa/SsaInsn$Visitor;)V @ 9
Event: 5,537 Thread 0x00007f7eec00a000 Uncommon trap: reason=bimorphic action=maybe_recompile pc=0x00007f7edd699e7c method=com.android.dx.ssa.NormalSsaInsn.accept(Lcom/android/dx/ssa/SsaInsn$Visitor;)V @ 9
Event: 5,537 Thread 0x00007f7eec00a000 Uncommon trap: reason=bimorphic action=maybe_recompile pc=0x00007f7edd699e7c method=com.android.dx.ssa.NormalSsaInsn.accept(Lcom/android/dx/ssa/SsaInsn$Visitor;)V @ 9
Event: 5,537 Thread 0x00007f7eec00a000 Uncommon trap: reason=bimorphic action=maybe_recompile pc=0x00007f7edd699e7c method=com.android.dx.ssa.NormalSsaInsn.accept(Lcom/android/dx/ssa/SsaInsn$Visitor;)V @ 9

Internal exceptions (2 events):
Event: 0,030 Thread 0x00007f7eec00a000 Exception <a 'java/lang/NoSuchMethodError': Method sun.misc.Unsafe.defineClass(Ljava/lang/String;[BII)Ljava/lang/Class; name or signature does not match> (0x00000000eab07cc0) thrown at [/build/openjdk-8-hYz2tH/openjdk-8-8u77-b03/src/hotspot/src/share/vm/p
Event: 0,030 Thread 0x00007f7eec00a000 Exception <a 'java/lang/NoSuchMethodError': Method sun.misc.Unsafe.prefetchRead(Ljava/lang/Object;J)V name or signature does not match> (0x00000000eab07fa8) thrown at [/build/openjdk-8-hYz2tH/openjdk-8-8u77-b03/src/hotspot/src/share/vm/prims/jni.cpp, line

Events (10 events):
Event: 6,182 Thread 0x00007f7eec1bf000 DEOPT UNPACKING pc=0x00007f7edd047373 sp=0x00007f7eaae36cc8 mode 0
Event: 6,218 Thread 0x00007f7eec00a000 DEOPT PACKING pc=0x00007f7edd41737d sp=0x00007f7ef44f52f0
Event: 6,218 Thread 0x00007f7eec00a000 DEOPT UNPACKING pc=0x00007f7edd047373 sp=0x00007f7ef44f50a8 mode 0
Event: 6,227 Thread 0x00007f7eec1bf000 DEOPT PACKING pc=0x00007f7edd5995e9 sp=0x00007f7eaae37040
Event: 6,227 Thread 0x00007f7eec1bf000 DEOPT UNPACKING pc=0x00007f7edd047373 sp=0x00007f7eaae36e18 mode 0
Event: 6,232 Thread 0x00007f7eec1bf000 DEOPT PACKING pc=0x00007f7edd41737d sp=0x00007f7eaae36de0
Event: 6,232 Thread 0x00007f7eec1bf000 DEOPT UNPACKING pc=0x00007f7edd047373 sp=0x00007f7eaae36b98 mode 0
Event: 6,251 Thread 0x00007f7eec1bd000 DEOPT PACKING pc=0x00007f7edd41737d sp=0x00007f7eaaf37de0
Event: 6,251 Thread 0x00007f7eec1bd000 DEOPT UNPACKING pc=0x00007f7edd047373 sp=0x00007f7eaaf37b98 mode 0
Event: 6,255 Executing VM operation: ParallelGCFailedAllocation


Dynamic libraries:
00400000-00401000 r-xp 00000000 08:03 1461501                            /usr/lib/jvm/java-8-openjdk-amd64/jre/bin/java
00600000-00601000 r--p 00000000 08:03 1461501                            /usr/lib/jvm/java-8-openjdk-amd64/jre/bin/java
00601000-00602000 rw-p 00001000 08:03 1461501                            /usr/lib/jvm/java-8-openjdk-amd64/jre/bin/java
01415000-01436000 rw-p 00000000 00:00 0                                  [heap]
c0000000-c7d80000 rw-p 00000000 00:00 0 
c7d80000-eab00000 ---p 00000000 00:00 0 
eab00000-f7800000 rw-p 00000000 00:00 0 
100000000-1000a0000 rw-p 00000000 00:00 0 
1000a0000-140000000 ---p 00000000 00:00 0 
7f7e74000000-7f7e7407c000 rw-p 00000000 00:00 0 
7f7e7407c000-7f7e78000000 ---p 00000000 00:00 0 
7f7e7c000000-7f7e7c03b000 rw-p 00000000 00:00 0 
7f7e7c03b000-7f7e80000000 ---p 00000000 00:00 0 
7f7e80000000-7f7e8003d000 rw-p 00000000 00:00 0 
7f7e8003d000-7f7e84000000 ---p 00000000 00:00 0 
7f7e84000000-7f7e84072000 rw-p 00000000 00:00 0 
7f7e84072000-7f7e88000000 ---p 00000000 00:00 0 
7f7e88000000-7f7e88021000 rw-p 00000000 00:00 0 
7f7e88021000-7f7e8c000000 ---p 00000000 00:00 0 
7f7e8c000000-7f7e8c021000 rw-p 00000000 00:00 0 
7f7e8c021000-7f7e90000000 ---p 00000000 00:00 0 
7f7e90000000-7f7e90021000 rw-p 00000000 00:00 0 
7f7e90021000-7f7e94000000 ---p 00000000 00:00 0 
7f7e94000000-7f7e95212000 rw-p 00000000 00:00 0 
7f7e95212000-7f7e98000000 ---p 00000000 00:00 0 
7f7e98000000-7f7e98846000 rw-p 00000000 00:00 0 
7f7e98846000-7f7e9c000000 ---p 00000000 00:00 0 
7f7e9c000000-7f7e9cbed000 rw-p 00000000 00:00 0 
7f7e9cbed000-7f7ea0000000 ---p 00000000 00:00 0 
7f7ea0000000-7f7ea0b53000 rw-p 00000000 00:00 0 
7f7ea0b53000-7f7ea4000000 ---p 00000000 00:00 0 
7f7ea4000000-7f7ea4021000 rw-p 00000000 00:00 0 
7f7ea4021000-7f7ea8000000 ---p 00000000 00:00 0 
7f7eaad38000-7f7eaad3b000 ---p 00000000 00:00 0 
7f7eaad3b000-7f7eaae39000 rw-p 00000000 00:00 0 
7f7eaae39000-7f7eaae3c000 ---p 00000000 00:00 0 
7f7eaae3c000-7f7eaaf3a000 rw-p 00000000 00:00 0 
7f7eaaf3a000-7f7eaaf3d000 ---p 00000000 00:00 0 
7f7eaaf3d000-7f7eab03b000 rw-p 00000000 00:00 0 
7f7eab03b000-7f7eab03e000 ---p 00000000 00:00 0 
7f7eab03e000-7f7eab13c000 rw-p 00000000 00:00 0 
7f7eab13c000-7f7eab13f000 ---p 00000000 00:00 0 
7f7eab13f000-7f7eab23d000 rw-p 00000000 00:00 0 
7f7eab23d000-7f7eab23e000 ---p 00000000 00:00 0 
7f7eab23e000-7f7eab33e000 rw-p 00000000 00:00 0 
7f7eab33e000-7f7eab341000 ---p 00000000 00:00 0 
7f7eab341000-7f7eab43f000 rw-p 00000000 00:00 0 
7f7eab43f000-7f7eab442000 ---p 00000000 00:00 0 
7f7eab442000-7f7eab540000 rw-p 00000000 00:00 0 
7f7eab540000-7f7eab543000 ---p 00000000 00:00 0 
7f7eab543000-7f7eab641000 rw-p 00000000 00:00 0 
7f7eab641000-7f7eac000000 r--p 00000000 08:03 1449060                    /usr/lib/locale/locale-archive
7f7eac000000-7f7eac021000 rw-p 00000000 00:00 0 
7f7eac021000-7f7eb0000000 ---p 00000000 00:00 0 
7f7eb0000000-7f7eb0021000 rw-p 00000000 00:00 0 
7f7eb0021000-7f7eb4000000 ---p 00000000 00:00 0 
7f7eb4000000-7f7eb4021000 rw-p 00000000 00:00 0 
7f7eb4021000-7f7eb8000000 ---p 00000000 00:00 0 
7f7eb8000000-7f7eb8021000 rw-p 00000000 00:00 0 
7f7eb8021000-7f7ebc000000 ---p 00000000 00:00 0 
7f7ebc068000-7f7ebc084000 r--s 00393000 08:03 1461579                    /usr/lib/jvm/java-8-openjdk-amd64/jre/lib/ext/cldrdata.jar
7f7ebc084000-7f7ebc09f000 r--s 001d7000 08:03 1461577                    /usr/lib/jvm/java-8-openjdk-amd64/jre/lib/ext/nashorn.jar
7f7ebc09f000-7f7ebc0a2000 ---p 00000000 00:00 0 
7f7ebc0a2000-7f7ebc1a0000 rw-p 00000000 00:00 0 
7f7ebc1a0000-7f7ebc1a3000 ---p 00000000 00:00 0 
7f7ebc1a3000-7f7ebc2a1000 rw-p 00000000 00:00 0 
7f7ebc2a1000-7f7ebc2a4000 ---p 00000000 00:00 0 
7f7ebc2a4000-7f7ebc3a2000 rw-p 00000000 00:00 0 
7f7ebc3a2000-7f7ebc3a5000 ---p 00000000 00:00 0 
7f7ebc3a5000-7f7ebc4a3000 rw-p 00000000 00:00 0 
7f7ebc4a3000-7f7ebc4a6000 ---p 00000000 00:00 0 
7f7ebc4a6000-7f7ebc5a4000 rw-p 00000000 00:00 0 
7f7ebc5a4000-7f7ebc5a5000 ---p 00000000 00:00 0 
7f7ebc5a5000-7f7ec0000000 rw-p 00000000 00:00 0 
7f7ec0000000-7f7ec0021000 rw-p 00000000 00:00 0 
7f7ec0021000-7f7ec4000000 ---p 00000000 00:00 0 
7f7ec4000000-7f7ec4021000 rw-p 00000000 00:00 0 
7f7ec4021000-7f7ec8000000 ---p 00000000 00:00 0 
7f7ec8000000-7f7ec8021000 rw-p 00000000 00:00 0 
7f7ec8021000-7f7ecc000000 ---p 00000000 00:00 0 
7f7ecc000000-7f7ecc021000 rw-p 00000000 00:00 0 
7f7ecc021000-7f7ed0000000 ---p 00000000 00:00 0 
7f7ed0000000-7f7ed0021000 rw-p 00000000 00:00 0 
7f7ed0021000-7f7ed4000000 ---p 00000000 00:00 0 
7f7ed4000000-7f7ed4021000 rw-p 00000000 00:00 0 
7f7ed4021000-7f7ed8000000 ---p 00000000 00:00 0 
7f7ed8000000-7f7ed8021000 rw-p 00000000 00:00 0 
7f7ed8021000-7f7edc000000 ---p 00000000 00:00 0 
7f7edc006000-7f7edc015000 r--s 000df000 08:03 1722470                    /home/quentin/Android/Sdk/build-tools/23.0.2/lib/dx.jar
7f7edc015000-7f7edc2bc000 rw-p 00000000 00:00 0 
7f7edc2bc000-7f7edc489000 r--s 03be5000 08:03 1461565                    /usr/lib/jvm/java-8-openjdk-amd64/jre/lib/rt.jar
7f7edc489000-7f7edcb7f000 rw-p 00000000 00:00 0 
7f7edcb7f000-7f7edccff000 ---p 00000000 00:00 0 
7f7edccff000-7f7edceff000 rw-p 00000000 00:00 0 
7f7edceff000-7f7edcf00000 ---p 00000000 00:00 0 
7f7edcf00000-7f7edd000000 rw-p 00000000 00:00 0 
7f7edd000000-7f7edd710000 rwxp 00000000 00:00 0 
7f7edd710000-7f7eec000000 ---p 00000000 00:00 0 
7f7eec000000-7f7eec204000 rw-p 00000000 00:00 0 
7f7eec204000-7f7ef0000000 ---p 00000000 00:00 0 
7f7ef000e000-7f7ef0018000 r--s 00116000 08:03 1461585                    /usr/lib/jvm/java-8-openjdk-amd64/jre/lib/ext/localedata.jar
7f7ef0018000-7f7ef0065000 rw-p 00000000 00:00 0 
7f7ef0065000-7f7ef0066000 ---p 00000000 00:00 0 
7f7ef0066000-7f7ef0166000 rw-p 00000000 00:00 0 
7f7ef0166000-7f7ef0167000 ---p 00000000 00:00 0 
7f7ef0167000-7f7ef0267000 rw-p 00000000 00:00 0 
7f7ef0267000-7f7ef0268000 ---p 00000000 00:00 0 
7f7ef0268000-7f7ef0368000 rw-p 00000000 00:00 0 
7f7ef0368000-7f7ef0369000 ---p 00000000 00:00 0 
7f7ef0369000-7f7ef0469000 rw-p 00000000 00:00 0 
7f7ef0469000-7f7ef046a000 ---p 00000000 00:00 0 
7f7ef046a000-7f7ef056a000 rw-p 00000000 00:00 0 
7f7ef056a000-7f7ef056b000 ---p 00000000 00:00 0 
7f7ef056b000-7f7ef066b000 rw-p 00000000 00:00 0 
7f7ef066b000-7f7ef066c000 ---p 00000000 00:00 0 
7f7ef066c000-7f7ef07ab000 rw-p 00000000 00:00 0 
7f7ef07ab000-7f7ef08c2000 ---p 00000000 00:00 0 
7f7ef08c2000-7f7ef0901000 rw-p 00000000 00:00 0 
7f7ef0901000-7f7ef0a17000 ---p 00000000 00:00 0 
7f7ef0a17000-7f7ef0a7e000 rw-p 00000000 00:00 0 
7f7ef0a7e000-7f7ef0ac2000 ---p 00000000 00:00 0 
7f7ef0ac2000-7f7ef0ae0000 rw-p 00000000 00:00 0 
7f7ef0ae0000-7f7ef0e83000 ---p 00000000 00:00 0 
7f7ef0e83000-7f7ef0e8b000 r-xp 00000000 08:03 1461533                    /usr/lib/jvm/java-8-openjdk-amd64/jre/lib/amd64/libzip.so
7f7ef0e8b000-7f7ef108a000 ---p 00008000 08:03 1461533                    /usr/lib/jvm/java-8-openjdk-amd64/jre/lib/amd64/libzip.so
7f7ef108a000-7f7ef108b000 r--p 00007000 08:03 1461533                    /usr/lib/jvm/java-8-openjdk-amd64/jre/lib/amd64/libzip.so
7f7ef108b000-7f7ef108c000 rw-p 00008000 08:03 1461533                    /usr/lib/jvm/java-8-openjdk-amd64/jre/lib/amd64/libzip.so
7f7ef108c000-7f7ef1097000 r-xp 00000000 08:03 1184741                    /lib/x86_64-linux-gnu/libnss_files-2.23.so
7f7ef1097000-7f7ef1296000 ---p 0000b000 08:03 1184741                    /lib/x86_64-linux-gnu/libnss_files-2.23.so
7f7ef1296000-7f7ef1297000 r--p 0000a000 08:03 1184741                    /lib/x86_64-linux-gnu/libnss_files-2.23.so
7f7ef1297000-7f7ef1298000 rw-p 0000b000 08:03 1184741                    /lib/x86_64-linux-gnu/libnss_files-2.23.so
7f7ef1298000-7f7ef129e000 rw-p 00000000 00:00 0 
7f7ef129e000-7f7ef12a9000 r-xp 00000000 08:03 1184751                    /lib/x86_64-linux-gnu/libnss_nis-2.23.so
7f7ef12a9000-7f7ef14a8000 ---p 0000b000 08:03 1184751                    /lib/x86_64-linux-gnu/libnss_nis-2.23.so
7f7ef14a8000-7f7ef14a9000 r--p 0000a000 08:03 1184751                    /lib/x86_64-linux-gnu/libnss_nis-2.23.so
7f7ef14a9000-7f7ef14aa000 rw-p 0000b000 08:03 1184751                    /lib/x86_64-linux-gnu/libnss_nis-2.23.so
7f7ef14aa000-7f7ef14c0000 r-xp 00000000 08:03 1184735                    /lib/x86_64-linux-gnu/libnsl-2.23.so
7f7ef14c0000-7f7ef16bf000 ---p 00016000 08:03 1184735                    /lib/x86_64-linux-gnu/libnsl-2.23.so
7f7ef16bf000-7f7ef16c0000 r--p 00015000 08:03 1184735                    /lib/x86_64-linux-gnu/libnsl-2.23.so
7f7ef16c0000-7f7ef16c1000 rw-p 00016000 08:03 1184735                    /lib/x86_64-linux-gnu/libnsl-2.23.so
7f7ef16c1000-7f7ef16c3000 rw-p 00000000 00:00 0 
7f7ef16c3000-7f7ef16cb000 r-xp 00000000 08:03 1184737                    /lib/x86_64-linux-gnu/libnss_compat-2.23.so
7f7ef16cb000-7f7ef18ca000 ---p 00008000 08:03 1184737                    /lib/x86_64-linux-gnu/libnss_compat-2.23.so
7f7ef18ca000-7f7ef18cb000 r--p 00007000 08:03 1184737                    /lib/x86_64-linux-gnu/libnss_compat-2.23.so
7f7ef18cb000-7f7ef18cc000 rw-p 00008000 08:03 1184737                    /lib/x86_64-linux-gnu/libnss_compat-2.23.so
7f7ef18cc000-7f7ef18f9000 r-xp 00000000 08:03 1461518                    /usr/lib/jvm/java-8-openjdk-amd64/jre/lib/amd64/libjava.so
7f7ef18f9000-7f7ef1af8000 ---p 0002d000 08:03 1461518                    /usr/lib/jvm/java-8-openjdk-amd64/jre/lib/amd64/libjava.so
7f7ef1af8000-7f7ef1af9000 r--p 0002c000 08:03 1461518                    /usr/lib/jvm/java-8-openjdk-amd64/jre/lib/amd64/libjava.so
7f7ef1af9000-7f7ef1afb000 rw-p 0002d000 08:03 1461518                    /usr/lib/jvm/java-8-openjdk-amd64/jre/lib/amd64/libjava.so
7f7ef1afb000-7f7ef1b0a000 r-xp 00000000 08:03 1461519                    /usr/lib/jvm/java-8-openjdk-amd64/jre/lib/amd64/libverify.so
7f7ef1b0a000-7f7ef1d09000 ---p 0000f000 08:03 1461519                    /usr/lib/jvm/java-8-openjdk-amd64/jre/lib/amd64/libverify.so
7f7ef1d09000-7f7ef1d0b000 r--p 0000e000 08:03 1461519                    /usr/lib/jvm/java-8-openjdk-amd64/jre/lib/amd64/libverify.so
7f7ef1d0b000-7f7ef1d0c000 rw-p 00010000 08:03 1461519                    /usr/lib/jvm/java-8-openjdk-amd64/jre/lib/amd64/libverify.so
7f7ef1d0c000-7f7ef1d13000 r-xp 00000000 08:03 1184796                    /lib/x86_64-linux-gnu/librt-2.23.so
7f7ef1d13000-7f7ef1f12000 ---p 00007000 08:03 1184796                    /lib/x86_64-linux-gnu/librt-2.23.so
7f7ef1f12000-7f7ef1f13000 r--p 00006000 08:03 1184796                    /lib/x86_64-linux-gnu/librt-2.23.so
7f7ef1f13000-7f7ef1f14000 rw-p 00007000 08:03 1184796                    /lib/x86_64-linux-gnu/librt-2.23.so
7f7ef1f14000-7f7ef1f2a000 r-xp 00000000 08:03 1184680                    /lib/x86_64-linux-gnu/libgcc_s.so.1
7f7ef1f2a000-7f7ef2129000 ---p 00016000 08:03 1184680                    /lib/x86_64-linux-gnu/libgcc_s.so.1
7f7ef2129000-7f7ef212a000 rw-p 00015000 08:03 1184680                    /lib/x86_64-linux-gnu/libgcc_s.so.1
7f7ef212a000-7f7ef2232000 r-xp 00000000 08:03 1184712                    /lib/x86_64-linux-gnu/libm-2.23.so
7f7ef2232000-7f7ef2431000 ---p 00108000 08:03 1184712                    /lib/x86_64-linux-gnu/libm-2.23.so
7f7ef2431000-7f7ef2432000 r--p 00107000 08:03 1184712                    /lib/x86_64-linux-gnu/libm-2.23.so
7f7ef2432000-7f7ef2433000 rw-p 00108000 08:03 1184712                    /lib/x86_64-linux-gnu/libm-2.23.so
7f7ef2433000-7f7ef25a5000 r-xp 00000000 08:03 1451549                    /usr/lib/x86_64-linux-gnu/libstdc++.so.6.0.21
7f7ef25a5000-7f7ef27a5000 ---p 00172000 08:03 1451549                    /usr/lib/x86_64-linux-gnu/libstdc++.so.6.0.21
7f7ef27a5000-7f7ef27af000 r--p 00172000 08:03 1451549                    /usr/lib/x86_64-linux-gnu/libstdc++.so.6.0.21
7f7ef27af000-7f7ef27b1000 rw-p 0017c000 08:03 1451549                    /usr/lib/x86_64-linux-gnu/libstdc++.so.6.0.21
7f7ef27b1000-7f7ef27b5000 rw-p 00000000 00:00 0 
7f7ef27b5000-7f7ef33f9000 r-xp 00000000 08:03 1461531                    /usr/lib/jvm/java-8-openjdk-amd64/jre/lib/amd64/server/libjvm.so
7f7ef33f9000-7f7ef35f8000 ---p 00c44000 08:03 1461531                    /usr/lib/jvm/java-8-openjdk-amd64/jre/lib/amd64/server/libjvm.so
7f7ef35f8000-7f7ef368b000 r--p 00c43000 08:03 1461531                    /usr/lib/jvm/java-8-openjdk-amd64/jre/lib/amd64/server/libjvm.so
7f7ef368b000-7f7ef36b3000 rw-p 00cd6000 08:03 1461531                    /usr/lib/jvm/java-8-openjdk-amd64/jre/lib/amd64/server/libjvm.so
7f7ef36b3000-7f7ef36e2000 rw-p 00000000 00:00 0 
7f7ef36e2000-7f7ef36fa000 r-xp 00000000 08:03 1184788                    /lib/x86_64-linux-gnu/libpthread-2.23.so
7f7ef36fa000-7f7ef38f9000 ---p 00018000 08:03 1184788                    /lib/x86_64-linux-gnu/libpthread-2.23.so
7f7ef38f9000-7f7ef38fa000 r--p 00017000 08:03 1184788                    /lib/x86_64-linux-gnu/libpthread-2.23.so
7f7ef38fa000-7f7ef38fb000 rw-p 00018000 08:03 1184788                    /lib/x86_64-linux-gnu/libpthread-2.23.so
7f7ef38fb000-7f7ef38ff000 rw-p 00000000 00:00 0 
7f7ef38ff000-7f7ef3902000 r-xp 00000000 08:03 1184666                    /lib/x86_64-linux-gnu/libdl-2.23.so
7f7ef3902000-7f7ef3b01000 ---p 00003000 08:03 1184666                    /lib/x86_64-linux-gnu/libdl-2.23.so
7f7ef3b01000-7f7ef3b02000 r--p 00002000 08:03 1184666                    /lib/x86_64-linux-gnu/libdl-2.23.so
7f7ef3b02000-7f7ef3b03000 rw-p 00003000 08:03 1184666                    /lib/x86_64-linux-gnu/libdl-2.23.so
7f7ef3b03000-7f7ef3b1c000 r-xp 00000000 08:03 1184833                    /lib/x86_64-linux-gnu/libz.so.1.2.8
7f7ef3b1c000-7f7ef3d1b000 ---p 00019000 08:03 1184833                    /lib/x86_64-linux-gnu/libz.so.1.2.8
7f7ef3d1b000-7f7ef3d1c000 r--p 00018000 08:03 1184833                    /lib/x86_64-linux-gnu/libz.so.1.2.8
7f7ef3d1c000-7f7ef3d1d000 rw-p 00019000 08:03 1184833                    /lib/x86_64-linux-gnu/libz.so.1.2.8
7f7ef3d1d000-7f7ef3edd000 r-xp 00000000 08:03 1184642                    /lib/x86_64-linux-gnu/libc-2.23.so
7f7ef3edd000-7f7ef40dc000 ---p 001c0000 08:03 1184642                    /lib/x86_64-linux-gnu/libc-2.23.so
7f7ef40dc000-7f7ef40e0000 r--p 001bf000 08:03 1184642                    /lib/x86_64-linux-gnu/libc-2.23.so
7f7ef40e0000-7f7ef40e2000 rw-p 001c3000 08:03 1184642                    /lib/x86_64-linux-gnu/libc-2.23.so
7f7ef40e2000-7f7ef40e6000 rw-p 00000000 00:00 0 
7f7ef40e6000-7f7ef40f3000 r-xp 00000000 08:03 1461547                    /usr/lib/jvm/java-8-openjdk-amd64/jre/lib/amd64/jli/libjli.so
7f7ef40f3000-7f7ef42f3000 ---p 0000d000 08:03 1461547                    /usr/lib/jvm/java-8-openjdk-amd64/jre/lib/amd64/jli/libjli.so
7f7ef42f3000-7f7ef42f4000 r--p 0000d000 08:03 1461547                    /usr/lib/jvm/java-8-openjdk-amd64/jre/lib/amd64/jli/libjli.so
7f7ef42f4000-7f7ef42f5000 rw-p 0000e000 08:03 1461547                    /usr/lib/jvm/java-8-openjdk-amd64/jre/lib/amd64/jli/libjli.so
7f7ef42f5000-7f7ef431b000 r-xp 00000000 08:03 1184614                    /lib/x86_64-linux-gnu/ld-2.23.so
7f7ef431d000-7f7ef431e000 r--s 00010000 08:03 1461582                    /usr/lib/jvm/java-8-openjdk-amd64/jre/lib/ext/zipfs.jar
7f7ef431e000-7f7ef43f7000 rw-p 00000000 00:00 0 
7f7ef43f7000-7f7ef43fa000 ---p 00000000 00:00 0 
7f7ef43fa000-7f7ef44fd000 rw-p 00000000 00:00 0 
7f7ef44fd000-7f7ef44fe000 r--s 00008000 08:03 1461580                    /usr/lib/jvm/java-8-openjdk-amd64/jre/lib/ext/sunec.jar
7f7ef44fe000-7f7ef4501000 r--s 0000f000 08:03 1461584                    /usr/lib/jvm/java-8-openjdk-amd64/jre/lib/ext/icedtea-sound.jar
7f7ef4501000-7f7ef4502000 r--s 0000a000 08:03 1461581                    /usr/lib/jvm/java-8-openjdk-amd64/jre/lib/ext/jaccess.jar
7f7ef4502000-7f7ef4504000 r--s 00001000 08:03 1461578                    /usr/lib/jvm/java-8-openjdk-amd64/jre/lib/ext/dnsns.jar
7f7ef4504000-7f7ef450a000 r--s 0003a000 08:03 1461583                    /usr/lib/jvm/java-8-openjdk-amd64/jre/lib/ext/sunjce_provider.jar
7f7ef450a000-7f7ef450e000 r--s 00037000 08:03 1461586                    /usr/lib/jvm/java-8-openjdk-amd64/jre/lib/ext/sunpkcs11.jar
7f7ef450e000-7f7ef4516000 rw-s 00000000 08:03 1858754                    /tmp/hsperfdata_quentin/2191
7f7ef4516000-7f7ef4517000 rw-p 00000000 00:00 0 
7f7ef4517000-7f7ef4518000 ---p 00000000 00:00 0 
7f7ef4518000-7f7ef451a000 rw-p 00000000 00:00 0 
7f7ef451a000-7f7ef451b000 r--p 00025000 08:03 1184614                    /lib/x86_64-linux-gnu/ld-2.23.so
7f7ef451b000-7f7ef451c000 rw-p 00026000 08:03 1184614                    /lib/x86_64-linux-gnu/ld-2.23.so
7f7ef451c000-7f7ef451d000 rw-p 00000000 00:00 0 
7fffb32bc000-7fffb32dd000 rw-p 00000000 00:00 0                          [stack]
7fffb33ae000-7fffb33b0000 r--p 00000000 00:00 0                          [vvar]
7fffb33b0000-7fffb33b2000 r-xp 00000000 00:00 0                          [vdso]
ffffffffff600000-ffffffffff601000 r-xp 00000000 00:00 0                  [vsyscall]

VM Arguments:
jvm_args: -Djava.awt.headless=true -Xmx1024M -Dfile.encoding=UTF-8 -Duser.country=US -Duser.language=en -Duser.variant 
java_command: com.android.dx.command.Main --dex --force-jumbo --num-threads=4 --output /home/quentin/android-studio/projects/GestionnairedeSporz/app/build/intermediates/pre-dexed/debug/main_06e7f07efa139e0e9d79f3f909f1ecabd541143a.jar /home/quentin/android-studio/projects/GestionnairedeSporz/app/build/intermediates/transforms/instantRun/debug/folders/1/5/main
java_class_path (initial): /home/quentin/Android/Sdk/build-tools/23.0.2/lib/dx.jar
Launcher Type: SUN_STANDARD

Environment Variables:
PATH=/usr/local/sbin:/usr/local/bin:/usr/sbin:/usr/bin:/sbin:/bin:/usr/games:/usr/local/games:/snap/bin
SHELL=/bin/bash
DISPLAY=:0

Signal Handlers:
SIGSEGV: [libjvm.so+0xa5c320], sa_mask[0]=11111111011111111101111111111110, sa_flags=SA_RESTART|SA_SIGINFO
SIGBUS: [libjvm.so+0xa5c320], sa_mask[0]=11111111011111111101111111111110, sa_flags=SA_RESTART|SA_SIGINFO
SIGFPE: [libjvm.so+0x8a83d0], sa_mask[0]=11111111011111111101111111111110, sa_flags=SA_RESTART|SA_SIGINFO
SIGPIPE: [libjvm.so+0x8a83d0], sa_mask[0]=11111111011111111101111111111110, sa_flags=SA_RESTART|SA_SIGINFO
SIGXFSZ: [libjvm.so+0x8a83d0], sa_mask[0]=11111111011111111101111111111110, sa_flags=SA_RESTART|SA_SIGINFO
SIGILL: [libjvm.so+0x8a83d0], sa_mask[0]=11111111011111111101111111111110, sa_flags=SA_RESTART|SA_SIGINFO
SIGUSR1: SIG_DFL, sa_mask[0]=00000000000000000000000000000000, sa_flags=none
SIGUSR2: [libjvm.so+0x8a8280], sa_mask[0]=00100000000000000000000000000000, sa_flags=SA_RESTART|SA_SIGINFO
SIGHUP: [libjvm.so+0x8a8750], sa_mask[0]=11111111011111111101111111111110, sa_flags=SA_RESTART|SA_SIGINFO
SIGINT: [libjvm.so+0x8a8750], sa_mask[0]=11111111011111111101111111111110, sa_flags=SA_RESTART|SA_SIGINFO
SIGTERM: [libjvm.so+0x8a8750], sa_mask[0]=11111111011111111101111111111110, sa_flags=SA_RESTART|SA_SIGINFO
SIGQUIT: [libjvm.so+0x8a8750], sa_mask[0]=11111111011111111101111111111110, sa_flags=SA_RESTART|SA_SIGINFO


---------------  S Y S T E M  ---------------

OS:DISTRIB_ID=Ubuntu
DISTRIB_RELEASE=16.04
DISTRIB_CODENAME=xenial
DISTRIB_DESCRIPTION="Ubuntu 16.04 LTS"

uname:Linux 4.4.0-21-generic #37-Ubuntu SMP Mon Apr 18 18:33:37 UTC 2016 x86_64
libc:glibc 2.23 NPTL 2.23 
rlimit: STACK 8192k, CORE 0k, NPROC 47565, NOFILE 65536, AS infinity
load average:2,97 1,37 1,45

/proc/meminfo:
MemTotal:       12215424 kB
MemFree:           70364 kB
MemAvailable:     149152 kB
Buffers:            2788 kB
Cached:          3006320 kB
SwapCached:            0 kB
Active:          8936060 kB
Inactive:        2877572 kB
Active(anon):    8898284 kB
Inactive(anon):  2836556 kB
Active(file):      37776 kB
Inactive(file):    41016 kB
Unevictable:         132 kB
Mlocked:             132 kB
SwapTotal:             0 kB
SwapFree:              0 kB
Dirty:               188 kB
Writeback:             0 kB
AnonPages:       8807016 kB
Mapped:          1219824 kB
Shmem:           2928112 kB
Slab:             117784 kB
SReclaimable:      52172 kB
SUnreclaim:        65612 kB
KernelStack:       20512 kB
PageTables:       110908 kB
NFS_Unstable:          0 kB
Bounce:                0 kB
WritebackTmp:          0 kB
CommitLimit:     6107712 kB
Committed_AS:   21680120 kB
VmallocTotal:   34359738367 kB
VmallocUsed:           0 kB
VmallocChunk:          0 kB
HardwareCorrupted:     0 kB
AnonHugePages:   5527552 kB
CmaTotal:              0 kB
CmaFree:               0 kB
HugePages_Total:       0
HugePages_Free:        0
HugePages_Rsvd:        0
HugePages_Surp:        0
Hugepagesize:       2048 kB
DirectMap4k:      307744 kB
DirectMap2M:    12187648 kB


CPU:total 8 (4 cores per cpu, 2 threads per core) family 6 model 42 stepping 7, cmov, cx8, fxsr, mmx, sse, sse2, sse3, ssse3, sse4.1, sse4.2, popcnt, avx, aes, clmul, ht, tsc, tscinvbit

/proc/cpuinfo:
processor	: 0
vendor_id	: GenuineIntel
cpu family	: 6
model		: 42
model name	: Intel(R) Core(TM) i7-2630QM CPU @ 2.00GHz
stepping	: 7
microcode	: 0x1b
cpu MHz		: 2415.546
cache size	: 6144 KB
physical id	: 0
siblings	: 8
core id		: 0
cpu cores	: 4
apicid		: 0
initial apicid	: 0
fpu		: yes
fpu_exception	: yes
cpuid level	: 13
wp		: yes
flags		: fpu vme de pse tsc msr pae mce cx8 apic sep mtrr pge mca cmov pat pse36 clflush dts acpi mmx fxsr sse sse2 ss ht tm pbe syscall nx rdtscp lm constant_tsc arch_perfmon pebs bts nopl xtopology nonstop_tsc aperfmperf eagerfpu pni pclmulqdq dtes64 monitor ds_cpl vmx est tm2 ssse3 cx16 xtpr pdcm pcid sse4_1 sse4_2 x2apic popcnt tsc_deadline_timer aes xsave avx lahf_lm epb tpr_shadow vnmi flexpriority ept vpid xsaveopt dtherm ida arat pln pts
bugs		:
bogomips	: 3991.23
clflush size	: 64
cache_alignment	: 64
address sizes	: 36 bits physical, 48 bits virtual
power management:

processor	: 1
vendor_id	: GenuineIntel
cpu family	: 6
model		: 42
model name	: Intel(R) Core(TM) i7-2630QM CPU @ 2.00GHz
stepping	: 7
microcode	: 0x1b
cpu MHz		: 2407.421
cache size	: 6144 KB
physical id	: 0
siblings	: 8
core id		: 0
cpu cores	: 4
apicid		: 1
initial apicid	: 1
fpu		: yes
fpu_exception	: yes
cpuid level	: 13
wp		: yes
flags		: fpu vme de pse tsc msr pae mce cx8 apic sep mtrr pge mca cmov pat pse36 clflush dts acpi mmx fxsr sse sse2 ss ht tm pbe syscall nx rdtscp lm constant_tsc arch_perfmon pebs bts nopl xtopology nonstop_tsc aperfmperf eagerfpu pni pclmulqdq dtes64 monitor ds_cpl vmx est tm2 ssse3 cx16 xtpr pdcm pcid sse4_1 sse4_2 x2apic popcnt tsc_deadline_timer aes xsave avx lahf_lm epb tpr_shadow vnmi flexpriority ept vpid xsaveopt dtherm ida arat pln pts
bugs		:
bogomips	: 3991.23
clflush size	: 64
cache_alignment	: 64
address sizes	: 36 bits physical, 48 bits virtual
power management:

processor	: 2
vendor_id	: GenuineIntel
cpu family	: 6
model		: 42
model name	: Intel(R) Core(TM) i7-2630QM CPU @ 2.00GHz
stepping	: 7
microcode	: 0x1b
cpu MHz		: 2415.546
cache size	: 6144 KB
physical id	: 0
siblings	: 8
core id		: 1
cpu cores	: 4
apicid		: 2
initial apicid	: 2
fpu		: yes
fpu_exception	: yes
cpuid level	: 13
wp		: yes
flags		: fpu vme de pse tsc msr pae mce cx8 apic sep mtrr pge mca cmov pat pse36 clflush dts acpi mmx fxsr sse sse2 ss ht tm pbe syscall nx rdtscp lm constant_tsc arch_perfmon pebs bts nopl xtopology nonstop_tsc aperfmperf eagerfpu pni pclmulqdq dtes64 monitor ds_cpl vmx est tm2 ssse3 cx16 xtpr pdcm pcid sse4_1 sse4_2 x2apic popcnt tsc_deadline_timer aes xsave avx lahf_lm epb tpr_shadow vnmi flexpriority ept vpid xsaveopt dtherm ida arat pln pts
bugs		:
bogomips	: 3991.23
clflush size	: 64
cache_alignment	: 64
address sizes	: 36 bits physical, 48 bits virtual
power management:

processor	: 3
vendor_id	: GenuineIntel
cpu family	: 6
model		: 42
model name	: Intel(R) Core(TM) i7-2630QM CPU @ 2.00GHz
stepping	: 7
microcode	: 0x1b
cpu MHz		: 2407.421
cache size	: 6144 KB
physical id	: 0
siblings	: 8
core id		: 1
cpu cores	: 4
apicid		: 3
initial apicid	: 3
fpu		: yes
fpu_exception	: yes
cpuid level	: 13
wp		: yes
flags		: fpu vme de pse tsc msr pae mce cx8 apic sep mtrr pge mca cmov pat pse36 clflush dts acpi mmx fxsr sse sse2 ss ht tm pbe syscall nx rdtscp lm constant_tsc arch_perfmon pebs bts nopl xtopology nonstop_tsc aperfmperf eagerfpu pni pclmulqdq dtes64 monitor ds_cpl vmx est tm2 ssse3 cx16 xtpr pdcm pcid sse4_1 sse4_2 x2apic popcnt tsc_deadline_timer aes xsave avx lahf_lm epb tpr_shadow vnmi flexpriority ept vpid xsaveopt dtherm ida arat pln pts
bugs		:
bogomips	: 3991.23
clflush size	: 64
cache_alignment	: 64
address sizes	: 36 bits physical, 48 bits virtual
power management:

processor	: 4
vendor_id	: GenuineIntel
cpu family	: 6
model		: 42
model name	: Intel(R) Core(TM) i7-2630QM CPU @ 2.00GHz
stepping	: 7
microcode	: 0x1b
cpu MHz		: 2407.421
cache size	: 6144 KB
physical id	: 0
siblings	: 8
core id		: 2
cpu cores	: 4
apicid		: 4
initial apicid	: 4
fpu		: yes
fpu_exception	: yes
cpuid level	: 13
wp		: yes
flags		: fpu vme de pse tsc msr pae mce cx8 apic sep mtrr pge mca cmov pat pse36 clflush dts acpi mmx fxsr sse sse2 ss ht tm pbe syscall nx rdtscp lm constant_tsc arch_perfmon pebs bts nopl xtopology nonstop_tsc aperfmperf eagerfpu pni pclmulqdq dtes64 monitor ds_cpl vmx est tm2 ssse3 cx16 xtpr pdcm pcid sse4_1 sse4_2 x2apic popcnt tsc_deadline_timer aes xsave avx lahf_lm epb tpr_shadow vnmi flexpriority ept vpid xsaveopt dtherm ida arat pln pts
bugs		:
bogomips	: 3991.23
clflush size	: 64
cache_alignment	: 64
address sizes	: 36 bits physical, 48 bits virtual
power management:

processor	: 5
vendor_id	: GenuineIntel
cpu family	: 6
model		: 42
model name	: Intel(R) Core(TM) i7-2630QM CPU @ 2.00GHz
stepping	: 7
microcode	: 0x1b
cpu MHz		: 2409.765
cache size	: 6144 KB
physical id	: 0
siblings	: 8
core id		: 2
cpu cores	: 4
apicid		: 5
initial apicid	: 5
fpu		: yes
fpu_exception	: yes
cpuid level	: 13
wp		: yes
flags		: fpu vme de pse tsc msr pae mce cx8 apic sep mtrr pge mca cmov pat pse36 clflush dts acpi mmx fxsr sse sse2 ss ht tm pbe syscall nx rdtscp lm constant_tsc arch_perfmon pebs bts nopl xtopology nonstop_tsc aperfmperf eagerfpu pni pclmulqdq dtes64 monitor ds_cpl vmx est tm2 ssse3 cx16 xtpr pdcm pcid sse4_1 sse4_2 x2apic popcnt tsc_deadline_timer aes xsave avx lahf_lm epb tpr_shadow vnmi flexpriority ept vpid xsaveopt dtherm ida arat pln pts
bugs		:
bogomips	: 3991.23
clflush size	: 64
cache_alignment	: 64
address sizes	: 36 bits physical, 48 bits virtual
power management:

processor	: 6
vendor_id	: GenuineIntel
cpu family	: 6
model		: 42
model name	: Intel(R) Core(TM) i7-2630QM CPU @ 2.00GHz
stepping	: 7
microcode	: 0x1b
cpu MHz		: 2407.421
cache size	: 6144 KB
physical id	: 0
siblings	: 8
core id		: 3
cpu cores	: 4
apicid		: 6
initial apicid	: 6
fpu		: yes
fpu_exception	: yes
cpuid level	: 13
wp		: yes
flags		: fpu vme de pse tsc msr pae mce cx8 apic sep mtrr pge mca cmov pat pse36 clflush dts acpi mmx fxsr sse sse2 ss ht tm pbe syscall nx rdtscp lm constant_tsc arch_perfmon pebs bts nopl xtopology nonstop_tsc aperfmperf eagerfpu pni pclmulqdq dtes64 monitor ds_cpl vmx est tm2 ssse3 cx16 xtpr pdcm pcid sse4_1 sse4_2 x2apic popcnt tsc_deadline_timer aes xsave avx lahf_lm epb tpr_shadow vnmi flexpriority ept vpid xsaveopt dtherm ida arat pln pts
bugs		:
bogomips	: 3991.23
clflush size	: 64
cache_alignment	: 64
address sizes	: 36 bits physical, 48 bits virtual
power management:

processor	: 7
vendor_id	: GenuineIntel
cpu family	: 6
model		: 42
model name	: Intel(R) Core(TM) i7-2630QM CPU @ 2.00GHz
stepping	: 7
microcode	: 0x1b
cpu MHz		: 2409.765
cache size	: 6144 KB
physical id	: 0
siblings	: 8
core id		: 3
cpu cores	: 4
apicid		: 7
initial apicid	: 7
fpu		: yes
fpu_exception	: yes
cpuid level	: 13
wp		: yes
flags		: fpu vme de pse tsc msr pae mce cx8 apic sep mtrr pge mca cmov pat pse36 clflush dts acpi mmx fxsr sse sse2 ss ht tm pbe syscall nx rdtscp lm constant_tsc arch_perfmon pebs bts nopl xtopology nonstop_tsc aperfmperf eagerfpu pni pclmulqdq dtes64 monitor ds_cpl vmx est tm2 ssse3 cx16 xtpr pdcm pcid sse4_1 sse4_2 x2apic popcnt tsc_deadline_timer aes xsave avx lahf_lm epb tpr_shadow vnmi flexpriority ept vpid xsaveopt dtherm ida arat pln pts
bugs		:
bogomips	: 3991.23
clflush size	: 64
cache_alignment	: 64
address sizes	: 36 bits physical, 48 bits virtual
power management:



Memory: 4k page, physical 12215424k(71984k free), swap 0k(0k free)

vm_info: OpenJDK 64-Bit Server VM (25.03-b03) for linux-amd64 JRE (1.8.0_03-Ubuntu-8u77-b03-3ubuntu3-b03), built on Apr 13 2016 19:16:47 by "buildd" with gcc 5.3.1 20160413

time: Mon May  2 21:39:19 2016
elapsed time: 6 seconds (0d 0h 0m 6s)

