#
# There is insufficient memory for the Java Runtime Environment to continue.
# Native memory allocation (malloc) failed to allocate 32744 bytes for ChunkPool::allocate
# Possible reasons:
#   The system is out of physical RAM or swap space
#   In 32 bit mode, the process size limit was hit
# Possible solutions:
#   Reduce memory load on the system
#   Increase physical memory or swap space
#   Check if swap backing store is full
#   Use 64 bit Java on a 64 bit OS
#   Decrease Java heap size (-Xmx/-Xms)
#   Decrease number of Java threads
#   Decrease Java thread stack sizes (-Xss)
#   Set larger code cache with -XX:ReservedCodeCacheSize=
# This output file may be truncated or incomplete.
#
#  Out of Memory Error (allocation.cpp:273), pid=8252, tid=3108
#
# JRE version: Java(TM) SE Runtime Environment (8.0_51-b16) (build 1.8.0_51-b16)
# Java VM: Java HotSpot(TM) 64-Bit Server VM (25.51-b03 mixed mode windows-amd64 compressed oops)
# Failed to write core dump. Minidumps are not enabled by default on client versions of Windows
#

---------------  T H R E A D  ---------------

Current thread (0x0000000014ac4800):  JavaThread "C1 CompilerThread2" daemon [_thread_in_native, id=3108, stack(0x0000000016230000,0x0000000016330000)]

Stack: [0x0000000016230000,0x0000000016330000]
Native frames: (J=compiled Java code, j=interpreted, Vv=VM code, C=native code)
V  [jvm.dll+0x32b4ca]
V  [jvm.dll+0x2797e3]
V  [jvm.dll+0x27a479]
V  [jvm.dll+0x271765]
V  [jvm.dll+0xcb824]
V  [jvm.dll+0xcba47]
V  [jvm.dll+0xcbecc]
V  [jvm.dll+0xabdac]
V  [jvm.dll+0x41c041]
V  [jvm.dll+0x42af17]
V  [jvm.dll+0x2b23fb]
V  [jvm.dll+0x42ab33]
V  [jvm.dll+0x405bcb]
V  [jvm.dll+0x4062da]
V  [jvm.dll+0x4063b2]
V  [jvm.dll+0x406581]
V  [jvm.dll+0x40678f]
V  [jvm.dll+0xa43a2]
V  [jvm.dll+0xa4cdf]
V  [jvm.dll+0x2418a4]
V  [jvm.dll+0x29846a]
C  [msvcr100.dll+0x21d9f]
C  [msvcr100.dll+0x21e3b]
C  [KERNEL32.DLL+0x12d92]
C  [ntdll.dll+0x9f64]


Current CompileTask:
C1:   1275 1465       2       com.android.dx.util.ByteArrayAnnotatedOutput::assertCursor (48 bytes)


---------------  P R O C E S S  ---------------

Java Threads: ( => current thread )
  0x0000000016358800 JavaThread "Service Thread" daemon [_thread_blocked, id=8700, stack(0x0000000016730000,0x0000000016830000)]
=>0x0000000014ac4800 JavaThread "C1 CompilerThread2" daemon [_thread_in_native, id=3108, stack(0x0000000016230000,0x0000000016330000)]
  0x0000000014abd800 JavaThread "C2 CompilerThread1" daemon [_thread_in_native, id=3704, stack(0x0000000016130000,0x0000000016230000)]
  0x0000000014aba000 JavaThread "C2 CompilerThread0" daemon [_thread_in_native, id=3892, stack(0x0000000016030000,0x0000000016130000)]
  0x0000000014ab9000 JavaThread "Attach Listener" daemon [_thread_blocked, id=548, stack(0x0000000015f30000,0x0000000016030000)]
  0x0000000014ab8000 JavaThread "Signal Dispatcher" daemon [_thread_blocked, id=7788, stack(0x0000000015e30000,0x0000000015f30000)]
  0x0000000014a89000 JavaThread "Finalizer" daemon [_thread_blocked, id=8348, stack(0x0000000015d30000,0x0000000015e30000)]
  0x00000000023e0800 JavaThread "Reference Handler" daemon [_thread_blocked, id=8316, stack(0x0000000015c30000,0x0000000015d30000)]
  0x00000000022f0800 JavaThread "main" [_thread_in_Java, id=5340, stack(0x0000000002120000,0x0000000002220000)]

Other Threads:
  0x0000000014a87800 VMThread [stack: 0x0000000015b30000,0x0000000015c30000] [id=8596]
  0x0000000014b1d000 WatcherThread [stack: 0x0000000016830000,0x0000000016930000] [id=1580]

VM state:not at safepoint (normal execution)

VM Mutex/Monitor currently owned by a thread: None

Heap:
 PSYoungGen      total 24064K, used 16904K [0x00000000eab00000, 0x00000000ec580000, 0x0000000100000000)
  eden space 20992K, 65% used [0x00000000eab00000,0x00000000eb8851b8,0x00000000ebf80000)
  from space 3072K, 99% used [0x00000000ebf80000,0x00000000ec27cf28,0x00000000ec280000)
  to   space 3072K, 0% used [0x00000000ec280000,0x00000000ec280000,0x00000000ec580000)
 ParOldGen       total 54784K, used 2137K [0x00000000c0000000, 0x00000000c3580000, 0x00000000eab00000)
  object space 54784K, 3% used [0x00000000c0000000,0x00000000c02164d8,0x00000000c3580000)
 Metaspace       used 6448K, capacity 7192K, committed 7424K, reserved 1056768K
  class space    used 634K, capacity 656K, committed 768K, reserved 1048576K

Card table byte_map: [0x00000000117b0000,0x00000000119c0000] byte_map_base: 0x00000000111b0000

Marking Bits: (ParMarkBitMap*) 0x0000000061c04040
 Begin Bits: [0x0000000011f20000, 0x0000000012f20000)
 End Bits:   [0x0000000012f20000, 0x0000000013f20000)

Polling page: 0x00000000009c0000

CodeCache: size=245760Kb used=5279Kb max_used=5279Kb free=240480Kb
 bounds [0x00000000023f0000, 0x0000000002920000, 0x00000000113f0000]
 total_blobs=1716 nmethods=1440 adapters=189
 compilation: enabled

Compilation events (10 events):
Event: 1.243 Thread 0x0000000014ac4800 nmethod 1458 0x00000000029169d0 code [0x0000000002916ce0, 0x0000000002917bf8]
Event: 1.243 Thread 0x0000000014ac4800 1457       2       com.android.dx.dex.code.form.Form21c::writeTo (34 bytes)
Event: 1.244 Thread 0x0000000014ac4800 nmethod 1457 0x0000000002918c50 code [0x0000000002918e00, 0x0000000002919128]
Event: 1.244 Thread 0x0000000014ac4800 1461       2       com.android.dx.dex.code.form.Form22c::writeTo (45 bytes)
Event: 1.244 Thread 0x0000000014ac4800 nmethod 1461 0x0000000002919450 code [0x0000000002919620, 0x00000000029199c8]
Event: 1.245 Thread 0x0000000014ac4800 1459       2       com.android.dx.dex.code.form.Form11x::writeTo (22 bytes)
Event: 1.245 Thread 0x0000000014ac4800 nmethod 1459 0x0000000002919dd0 code [0x0000000002919f60, 0x000000000291a1a8]
Event: 1.245 Thread 0x0000000014ac4800 1463   !   2       com.android.dx.dex.file.OffsettedItem::writeTo (72 bytes)
Event: 1.246 Thread 0x0000000014ac4800 nmethod 1463 0x000000000291a3d0 code [0x000000000291a600, 0x000000000291ac88]
Event: 1.246 Thread 0x0000000014ac4800 1465       2       com.android.dx.util.ByteArrayAnnotatedOutput::assertCursor (48 bytes)

GC Heap History (2 events):
Event: 0.743 GC heap before
{Heap before GC invocations=1 (full 0):
 PSYoungGen      total 24064K, used 20992K [0x00000000eab00000, 0x00000000ec580000, 0x0000000100000000)
  eden space 20992K, 100% used [0x00000000eab00000,0x00000000ebf80000,0x00000000ebf80000)
  from space 3072K, 0% used [0x00000000ec280000,0x00000000ec280000,0x00000000ec580000)
  to   space 3072K, 0% used [0x00000000ebf80000,0x00000000ebf80000,0x00000000ec280000)
 ParOldGen       total 54784K, used 0K [0x00000000c0000000, 0x00000000c3580000, 0x00000000eab00000)
  object space 54784K, 0% used [0x00000000c0000000,0x00000000c0000000,0x00000000c3580000)
 Metaspace       used 5744K, capacity 6832K, committed 7040K, reserved 1056768K
  class space    used 584K, capacity 616K, committed 640K, reserved 1048576K
Event: 0.758 GC heap after
Heap after GC invocations=1 (full 0):
 PSYoungGen      total 24064K, used 3059K [0x00000000eab00000, 0x00000000ec580000, 0x0000000100000000)
  eden space 20992K, 0% used [0x00000000eab00000,0x00000000eab00000,0x00000000ebf80000)
  from space 3072K, 99% used [0x00000000ebf80000,0x00000000ec27cf28,0x00000000ec280000)
  to   space 3072K, 0% used [0x00000000ec280000,0x00000000ec280000,0x00000000ec580000)
 ParOldGen       total 54784K, used 2137K [0x00000000c0000000, 0x00000000c3580000, 0x00000000eab00000)
  object space 54784K, 3% used [0x00000000c0000000,0x00000000c02164d8,0x00000000c3580000)
 Metaspace       used 5744K, capacity 6832K, committed 7040K, reserved 1056768K
  class space    used 584K, capacity 616K, committed 640K, reserved 1048576K
}

Deoptimization events (10 events):
Event: 0.695 Thread 0x00000000022f0800 Uncommon trap: reason=null_check action=make_not_entrant pc=0x00000000027111c4 method=com.android.dx.ssa.SsaRenamer.getLocalForNewReg(I)Lcom/android/dx/rop/code/LocalItem; @ 19
Event: 1.038 Thread 0x00000000022f0800 Uncommon trap: reason=class_check action=maybe_recompile pc=0x000000000287c528 method=java.util.Arrays.hashCode([Ljava/lang/Object;)I @ 43
Event: 1.038 Thread 0x00000000022f0800 Uncommon trap: reason=class_check action=maybe_recompile pc=0x000000000287c528 method=java.util.Arrays.hashCode([Ljava/lang/Object;)I @ 43
Event: 1.038 Thread 0x00000000022f0800 Uncommon trap: reason=class_check action=maybe_recompile pc=0x000000000287c528 method=java.util.Arrays.hashCode([Ljava/lang/Object;)I @ 43
Event: 1.038 Thread 0x00000000022f0800 Uncommon trap: reason=class_check action=maybe_recompile pc=0x000000000287c528 method=java.util.Arrays.hashCode([Ljava/lang/Object;)I @ 43
Event: 1.044 Thread 0x00000000022f0800 Uncommon trap: reason=bimorphic action=maybe_recompile pc=0x000000000263ab68 method=java.util.HashMap.getNode(ILjava/lang/Object;)Ljava/util/HashMap$Node; @ 126
Event: 1.060 Thread 0x00000000022f0800 Uncommon trap: reason=bimorphic action=maybe_recompile pc=0x000000000263ab68 method=java.util.HashMap.getNode(ILjava/lang/Object;)Ljava/util/HashMap$Node; @ 126
Event: 1.060 Thread 0x00000000022f0800 Uncommon trap: reason=bimorphic action=maybe_recompile pc=0x000000000263ab68 method=java.util.HashMap.getNode(ILjava/lang/Object;)Ljava/util/HashMap$Node; @ 126
Event: 1.060 Thread 0x00000000022f0800 Uncommon trap: reason=bimorphic action=maybe_recompile pc=0x000000000263ab68 method=java.util.HashMap.getNode(ILjava/lang/Object;)Ljava/util/HashMap$Node; @ 126
Event: 1.061 Thread 0x00000000022f0800 Uncommon trap: reason=bimorphic action=maybe_recompile pc=0x000000000281edb0 method=java.util.HashMap.getNode(ILjava/lang/Object;)Ljava/util/HashMap$Node; @ 126

Internal exceptions (5 events):
Event: 0.038 Thread 0x00000000022f0800 Exception <a 'java/lang/NoSuchMethodError': Method sun.misc.Unsafe.defineClass(Ljava/lang/String;[BII)Ljava/lang/Class; name or signature does not match> (0x00000000eab0d380) thrown at [C:\re\workspace\8-2-build-windows-amd64-cygwin\jdk8u51\3951\hotspot\srQ*Ám£?
Event: 0.038 Thread 0x00000000022f0800 Exception <a 'java/lang/NoSuchMethodError': Method sun.misc.Unsafe.prefetchRead(Ljava/lang/Object;J)V name or signature does not match> (0x00000000eab0d610) thrown at [C:\re\workspace\8-2-build-windows-amd64-cygwin\jdk8u51\3951\hotspot\src\share\vm\prims\j2AI?×^â?
Event: 0.574 Thread 0x00000000164e9800 Implicit null exception at 0x00000000026a1962 to 0x00000000026a1a52
Event: 0.694 Thread 0x00000000022f0800 Implicit null exception at 0x00000000027271f7 to 0x00000000027288bd
Event: 0.694 Thread 0x00000000022f0800 Implicit null exception at 0x000000000270f250 to 0x00000000027111a1

Events (10 events):
Event: 1.186 loading class com/android/dx/dex/file/DebugInfoEncoder$2
Event: 1.186 loading class com/android/dx/dex/file/DebugInfoEncoder$2 done
Event: 1.198 loading class com/android/dex/EncodedValueCodec
Event: 1.198 loading class com/android/dex/EncodedValueCodec done
Event: 1.208 loading class com/android/dx/dex/file/MapItem
Event: 1.208 loading class com/android/dx/dex/file/MapItem done
Event: 1.209 loading class com/android/dx/dex/file/UniformListItem
Event: 1.209 loading class com/android/dx/dex/file/UniformListItem done
Event: 1.214 loading class com/android/dex/DexFormat
Event: 1.214 loading class com/android/dex/DexFormat done


Dynamic libraries:
0x00007ff71d600000 - 0x00007ff71d637000 	C:\Program Files\Java\jdk1.8.0_51\bin\java.exe
0x00007fff2bd60000 - 0x00007fff2bf21000 	C:\WINDOWS\SYSTEM32\ntdll.dll
0x00007fff2aaf0000 - 0x00007fff2ab9d000 	C:\WINDOWS\system32\KERNEL32.DLL
0x00007fff288e0000 - 0x00007fff28abd000 	C:\WINDOWS\system32\KERNELBASE.dll
0x00007fff2b7f0000 - 0x00007fff2b896000 	C:\WINDOWS\system32\ADVAPI32.dll
0x00007fff2bc00000 - 0x00007fff2bc9d000 	C:\WINDOWS\system32\msvcrt.dll
0x00007fff2bd00000 - 0x00007fff2bd5b000 	C:\WINDOWS\system32\sechost.dll
0x00007fff2b280000 - 0x00007fff2b3a6000 	C:\WINDOWS\system32\RPCRT4.dll
0x00007fff2ac10000 - 0x00007fff2ad5e000 	C:\WINDOWS\system32\USER32.dll
0x00007fff2af90000 - 0x00007fff2b116000 	C:\WINDOWS\system32\GDI32.dll
0x00007fff22f00000 - 0x00007fff23174000 	C:\WINDOWS\WinSxS\amd64_microsoft.windows.common-controls_6595b64144ccf1df_6.0.10240.16384_none_f41f7b285750ef43\COMCTL32.dll
0x00007fff2bcc0000 - 0x00007fff2bcf6000 	C:\WINDOWS\system32\IMM32.DLL
0x00007fff2b120000 - 0x00007fff2b27c000 	C:\WINDOWS\system32\MSCTF.dll
0x00007fff25c40000 - 0x00007fff25c71000 	C:\WINDOWS\system32\nvinitx.dll
0x00007fff25b30000 - 0x00007fff25b3a000 	C:\WINDOWS\SYSTEM32\VERSION.dll
0x00007fff25950000 - 0x00007fff25a78000 	C:\WINDOWS\system32\NV\igdumd64.dll
0x00007fff2ad60000 - 0x00007fff2af25000 	C:\WINDOWS\system32\SETUPAPI.dll
0x00007fff28d50000 - 0x00007fff28d94000 	C:\WINDOWS\system32\CFGMGR32.dll
0x00007fff234a0000 - 0x00007fff235c8000 	C:\WINDOWS\system32\NV\igd10umd64.dll
0x0000000060fb0000 - 0x0000000061082000 	C:\Program Files\Java\jdk1.8.0_51\jre\bin\msvcr100.dll
0x0000000061400000 - 0x0000000061c83000 	C:\Program Files\Java\jdk1.8.0_51\jre\bin\server\jvm.dll
0x00007fff2b910000 - 0x00007fff2b918000 	C:\WINDOWS\system32\PSAPI.DLL
0x00007fff265d0000 - 0x00007fff265f3000 	C:\WINDOWS\SYSTEM32\WINMM.dll
0x00007fff1a730000 - 0x00007fff1a739000 	C:\WINDOWS\SYSTEM32\WSOCK32.dll
0x00007fff2b770000 - 0x00007fff2b7d9000 	C:\WINDOWS\system32\WS2_32.dll
0x00007fff265a0000 - 0x00007fff265cc000 	C:\WINDOWS\SYSTEM32\WINMMBASE.dll
0x00007fff2b900000 - 0x00007fff2b908000 	C:\WINDOWS\system32\NSI.dll
0x00007fff27100000 - 0x00007fff27127000 	C:\WINDOWS\SYSTEM32\DEVOBJ.dll
0x0000000062160000 - 0x000000006216f000 	C:\Program Files\Java\jdk1.8.0_51\jre\bin\verify.dll
0x00000000613d0000 - 0x00000000613f9000 	C:\Program Files\Java\jdk1.8.0_51\jre\bin\java.dll
0x00000000613b0000 - 0x00000000613c6000 	C:\Program Files\Java\jdk1.8.0_51\jre\bin\zip.dll
0x00007fff295c0000 - 0x00007fff2aae2000 	C:\WINDOWS\system32\SHELL32.dll
0x00007fff28e00000 - 0x00007fff29428000 	C:\WINDOWS\system32\windows.storage.dll
0x00007fff2b920000 - 0x00007fff2bb9c000 	C:\WINDOWS\system32\combase.dll
0x00007fff2af30000 - 0x00007fff2af81000 	C:\WINDOWS\system32\shlwapi.dll
0x00007fff287b0000 - 0x00007fff287bf000 	C:\WINDOWS\system32\kernel.appcore.dll
0x00007fff28ac0000 - 0x00007fff28b73000 	C:\WINDOWS\system32\shcore.dll
0x00007fff287c0000 - 0x00007fff2880a000 	C:\WINDOWS\system32\powrprof.dll
0x00007fff28810000 - 0x00007fff28823000 	C:\WINDOWS\system32\profapi.dll
0x00007fff0ead0000 - 0x00007fff0ec5a000 	C:\WINDOWS\SYSTEM32\dbghelp.dll

VM Arguments:
jvm_args: -Djava.awt.headless=true -Xmx1024M -Dfile.encoding=windows-1252 -Duser.country=FR -Duser.language=fr -Duser.variant 
java_command: com.android.dx.command.Main --dex --num-threads=4 --output C:\Users\Quentin\AndroidStudioProjects\GestionnairedeSporz\app\build\intermediates\pre-dexed\debug\debug_ef84890c846d58d097dd939c727589a03fd8a1b5.jar C:\Users\Quentin\AndroidStudioProjects\GestionnairedeSporz\app\build\intermediates\classes\debug
java_class_path (initial): C:\Users\Quentin\AppData\Local\Android\sdk\build-tools\23.0.2\lib\dx.jar
Launcher Type: SUN_STANDARD

Environment Variables:
PATH=C:\ProgramData\Oracle\Java\javapath;C:\Program Files\Broadcom\Broadcom 802.11 Network Adapter\Driver;;C:\WINDOWS\system32;C:\WINDOWS;C:\WINDOWS\System32\Wbem;C:\WINDOWS\System32\WindowsPowerShell\v1.0\;C:\Program Files (x86)\Intel\OpenCL SDK\2.0\bin\x86;C:\Program Files (x86)\Intel\OpenCL SDK\2.0\bin\x64;C:\Program Files (x86)\NVIDIA Corporation\PhysX\Common;C:\Program Files\MiKTeX 2.9\miktex\bin\x64\;C:\WINDOWS\system32\config\systemprofile\.dnx\bin;C:\Program Files\Microsoft DNX\Dnvm\;C:\Program Files (x86)\Skype\Phone\
USERNAME=Quentin
OS=Windows_NT
PROCESSOR_IDENTIFIER=Intel64 Family 6 Model 42 Stepping 7, GenuineIntel



---------------  S Y S T E M  ---------------

OS: Windows 10.0 , 64 bit Build 10240 (10.0.10240.16384)

CPU:total 4 (2 cores per cpu, 2 threads per core) family 6 model 42 stepping 7, cmov, cx8, fxsr, mmx, sse, sse2, sse3, ssse3, sse4.1, sse4.2, popcnt, avx, clmul, ht, tsc, tscinvbit

Memory: 4k page, physical 5154956k(999556k free), swap 7252108k(2552k free)

vm_info: Java HotSpot(TM) 64-Bit Server VM (25.51-b03) for windows-amd64 JRE (1.8.0_51-b16), built on Jun  8 2015 18:03:07 by "java_re" with MS VC++ 10.0 (VS2010)

time: Wed Dec 30 09:45:00 2015
elapsed time: 1 seconds (0d 0h 0m 1s)

